Info: CustomCategory:rup_itsm_itup_connection: 106 mini seconds publishing element
Info: SupportingMaterial:rup_with_itsm_itup_welcome: 67 mini seconds publishing element
Info: CustomCategory:rup_itsm_itup_connection_overview: 51 mini seconds publishing element
Info: SupportingMaterial:itil_overview: 65 mini seconds publishing element
Info: SupportingMaterial:itup_method_content: 48 mini seconds publishing element
Info: SupportingMaterial:relationship_between_rup_and_itup_overview: 305 mini seconds publishing element
Info: SupportingMaterial:itup_terms: 63 mini seconds publishing element
Info: SupportingMaterial:rup_itup_terminology_cross_reference: 98 mini seconds publishing element
Info: CustomCategory:rup_to_itsm_itup_detailed_touch_points: 50 mini seconds publishing element
Info: SupportingMaterial:rup_itsm_itup_integrated_table_for_quick_reference: 336 mini seconds publishing element
Info: CustomCategory:touch_points_by_itup_process_categories: 56 mini seconds publishing element
Info: CustomCategory:itup_customer_relationships_processes: 32 mini seconds publishing element
Info: SupportingMaterial:service_level_management_process_overview: 40 mini seconds publishing element
Info: SupportingMaterial:rup_to_itup_service_level_management_touch_point: 189 mini seconds publishing element
Info: CustomCategory:itup_operational_services_processes: 24 mini seconds publishing element
Info: SupportingMaterial:problem_management_process_overview: 32 mini seconds publishing element
Info: SupportingMaterial:rup_to_itup_problem_management_touch_point: 122 mini seconds publishing element
Info: CustomCategory:itup_solution_deployment_processes: 32 mini seconds publishing element
Info: SupportingMaterial:release_management_process_overview: 24 mini seconds publishing element
Info: SupportingMaterial:rup_to_itup_configuration_management_touch_point: 69 mini seconds publishing element
Info: SupportingMaterial:change_management_process_overview: 24 mini seconds publishing element
Info: SupportingMaterial:rup_to_itup_change_management_touch_point: 122 mini seconds publishing element
Info: SupportingMaterial:configuration_management_process_overview: 32 mini seconds publishing element
Info: SupportingMaterial:rup_to_itup_analysis_and_design_touch_point: 64 mini seconds publishing element
Info: CustomCategory:itup_it_resilience_processes: 24 mini seconds publishing element
Info: SupportingMaterial:capacity_management_process_overview: 24 mini seconds publishing element
Info: SupportingMaterial:rup_to_itup_capacity_management_touch_point: 119 mini seconds publishing element
Info: SupportingMaterial:touch_points_by_rup_discipline: 84 mini seconds publishing element
Info: CustomCategory:touch_points_in_alphabetical_order: 238 mini seconds publishing element
Info: SupportingMaterial:about_rup_with_itsm_itup_connection: 25 mini seconds publishing element
Info: SupportingMaterial:it_service_mgt: 25 mini seconds publishing element
Info: Whitepaper:prm_it: 65 mini seconds publishing element
Info: SupportingMaterial:ac_overview: 22 mini seconds publishing element
Info: SupportingMaterial:deploying_software_and_systems: 92 mini seconds publishing element
Info: SupportingMaterial:developing_solutions: 83 mini seconds publishing element
Info: SupportingMaterial:managing_changes: 93 mini seconds publishing element
Info: SupportingMaterial:managing_configurations: 44 mini seconds publishing element
Info: SupportingMaterial:managing_projects: 25 mini seconds publishing element
Info: TermDefinition:asset: 21 mini seconds publishing element
Info: TermDefinition:change: 17 mini seconds publishing element
Info: TermDefinition:change_advisory_board: 26 mini seconds publishing element
Info: TermDefinition:configuration_item: 34 mini seconds publishing element
Info: TermDefinition:configuration_management_database: 36 mini seconds publishing element
Info: TermDefinition:definitive_hardware_store: 39 mini seconds publishing element
Info: TermDefinition:definitive_software_library: 25 mini seconds publishing element
Info: TermDefinition:downtime: 18 mini seconds publishing element
Info: TermDefinition:event: 29 mini seconds publishing element
Info: TermDefinition:incident: 32 mini seconds publishing element
Info: TermDefinition:knowledge_management: 35 mini seconds publishing element
Info: TermDefinition:known_error: 25 mini seconds publishing element
Info: TermDefinition:mean_time_between_failures: 18 mini seconds publishing element
Info: TermDefinition:mean_time_between_system_incidents: 20 mini seconds publishing element
Info: TermDefinition:mean_time_to_repair: 25 mini seconds publishing element
Info: TermDefinition:operational_level_agreement: 26 mini seconds publishing element
Info: TermDefinition:problem: 21 mini seconds publishing element
Info: TermDefinition:request_for_change: 23 mini seconds publishing element
Info: TermDefinition:service: 26 mini seconds publishing element
Info: TermDefinition:service_catalog: 31 mini seconds publishing element
Info: TermDefinition:service_desk: 18 mini seconds publishing element
Info: TermDefinition:service_level_agreement: 25 mini seconds publishing element
Info: TermDefinition:service_level_management_documents: 28 mini seconds publishing element
Info: TermDefinition:service_review_meeting: 16 mini seconds publishing element
Info: TermDefinition:solution: 25 mini seconds publishing element
Info: TermDefinition:underpinning_contract: 23 mini seconds publishing element
Info: : 1479 mini-second(s) publishing element CapabilityPattern:Problem Management[itsm.rup_itup_map\capabilitypatterns\Problem Management_E353C741.html]
Info: CapabilityPattern:Problem Management: 1484 mini seconds publishing element
Info: CapabilityPattern:Problem Management: 5280 mini seconds publishing process specific layout data
Info: : 1897 mini-second(s) publishing element Activity:Manage Problems Proactively[itsm.rup_itup_map\capabilitypatterns\Manage Problems Proactively_6AD3B9D1.html]
Info: Activity:Manage Problems Proactively: 1905 mini seconds publishing element
Info: Concept:service_level_management_key_concepts: 187 mini seconds publishing element
Info: Concept:problem_management_key_concepts: 170 mini seconds publishing element
Info: SupportingMaterial:incident_managment_process_overview: 112 mini seconds publishing element
Info: SupportingMaterial:asset_management_process_overview: 88 mini seconds publishing element
Info: : 5210 mini-second(s) publishing element Activity:Establish Problem Management Framework[itsm.rup_itup_map\capabilitypatterns\Establish Problem Management Framework_D6E4B58D.html]
Info: Activity:Establish Problem Management Framework: 5218 mini seconds publishing element
Info: TaskDescriptor:a661_assign_process_resp: 176 mini seconds publishing element
Info: TaskDescriptor:a661_communicate_framework: 198 mini seconds publishing element
Info: TaskDescriptor:a661_create_project_proposals: 149 mini seconds publishing element
Info: TaskDescriptor:a661_define_measurements: 152 mini seconds publishing element
Info: TaskDescriptor:a661_define_process_policies: 125 mini seconds publishing element
Info: TaskDescriptor:a661_determine_proc_data: 142 mini seconds publishing element
Info: TaskDescriptor:a661_determine_process_proc: 142 mini seconds publishing element
Info: TaskDescriptor:a661_determine_process_rela: 181 mini seconds publishing element
Info: TaskDescriptor:a661_identify_process_roles: 181 mini seconds publishing element
Info: TaskDescriptor:a661_specify_process_purpose: 140 mini seconds publishing element
Info: : 3033 mini-second(s) publishing element Activity:Control Problems[itsm.rup_itup_map\capabilitypatterns\Control Problems_6117E1D0.html]
Info: Activity:Control Problems: 3033 mini seconds publishing element
Info: TaskDescriptor:a662_classify_problem: 139 mini seconds publishing element
Info: TaskDescriptor:a662_create_problem: 137 mini seconds publishing element
Info: TaskDescriptor:a662_doc_unresolved_prob: 145 mini seconds publishing element
Info: TaskDescriptor:a662_find_existing_res: 130 mini seconds publishing element
Info: TaskDescriptor:a662_identify_inc_not_matched: 118 mini seconds publishing element
Info: TaskDescriptor:a662_identify_recur_inc: 197 mini seconds publishing element
Info: TaskDescriptor:a662_investigate_problem: 155 mini seconds publishing element
Info: TaskDescriptor:a662_understand_major_inc: 113 mini seconds publishing element
Info: : 2523 mini-second(s) publishing element Activity:Control Known Errors[itsm.rup_itup_map\capabilitypatterns\Control Known Errors_B7BE8D36.html]
Info: Activity:Control Known Errors: 2523 mini seconds publishing element
Info: TaskDescriptor:a663_close_error: 145 mini seconds publishing element
Info: TaskDescriptor:a663_close_related_prob: 136 mini seconds publishing element
Info: TaskDescriptor:a663_confirm_resolution: 117 mini seconds publishing element
Info: TaskDescriptor:a663_determine_feasibility: 104 mini seconds publishing element
Info: TaskDescriptor:a663_diagnose_known_error: 107 mini seconds publishing element
Info: TaskDescriptor:a663_gather_rfc_data: 96 mini seconds publishing element
Info: TaskDescriptor:a663_identify_record_error: 98 mini seconds publishing element
Info: TaskDescriptor:a663_record_resolution: 181 mini seconds publishing element
Info: TaskDescriptor:a663_select_resolution: 125 mini seconds publishing element
Info: TaskDescriptor:a663_update_error_status: 95 mini seconds publishing element
Info: TaskDescriptor:a664_identify_problem: 131 mini seconds publishing element
Info: TaskDescriptor:a664_perform_trend: 99 mini seconds publishing element
Info: TaskDescriptor:a664_review_arch_app_fw: 106 mini seconds publishing element
Info: TaskDescriptor:a664_review_major_prob: 96 mini seconds publishing element
Info: TaskDescriptor:a664_review_vendor_reports: 95 mini seconds publishing element
Info: : 2569 mini-second(s) publishing element Activity:Monitor and Report Problems[itsm.rup_itup_map\capabilitypatterns\Monitor and Report Problems_84473FBD.html]
Info: Activity:Monitor and Report Problems: 2570 mini seconds publishing element
Info: TaskDescriptor:a665_analyze_request: 126 mini seconds publishing element
Info: TaskDescriptor:a665_define_build_report: 109 mini seconds publishing element
Info: TaskDescriptor:a665_generate_communicate_reports: 109 mini seconds publishing element
Info: TaskDescriptor:a665_identify_records: 154 mini seconds publishing element
Info: TaskDescriptor:a665_notify_concerning_action: 137 mini seconds publishing element
Info: TaskDescriptor:a665_record_perform_action: 141 mini seconds publishing element
Info: TaskDescriptor:a665_review_progress: 127 mini seconds publishing element
Info: TaskDescriptor:a665_scan_status_records: 127 mini seconds publishing element
Info: : 3016 mini-second(s) publishing element Activity:Evaluate Problem Management Performance[itsm.rup_itup_map\capabilitypatterns\Evaluate Problem Management Performance_9DE91FF9.html]
Info: Activity:Evaluate Problem Management Performance: 3016 mini seconds publishing element
Info: TaskDescriptor:a666_assess_process_execution: 200 mini seconds publishing element
Info: TaskDescriptor:a666_assess_process_framework: 177 mini seconds publishing element
Info: TaskDescriptor:a666_audit_process: 174 mini seconds publishing element
Info: TaskDescriptor:a666_collect_evaluation_results: 154 mini seconds publishing element
Info: TaskDescriptor:a666_collect_feedback: 101 mini seconds publishing element
Info: TaskDescriptor:a666_communicate_to_stake: 105 mini seconds publishing element
Info: TaskDescriptor:a666_complete_evaluation: 102 mini seconds publishing element
Info: TaskDescriptor:a666_produce_gap_analysis: 104 mini seconds publishing element
Info: TaskDescriptor:a666_produce_measurements: 91 mini seconds publishing element
Info: TaskDescriptor:a666_recommend_initiatives: 122 mini seconds publishing element
Info: TaskDescriptor:a666_research_trends: 127 mini seconds publishing element
Info: TaskDescriptor:a666_review_documentation: 128 mini seconds publishing element
Info: RoleDescriptor:problem_administrator: 117 mini seconds publishing element
Info: RoleDescriptor:problem_analyst: 97 mini seconds publishing element
Info: RoleDescriptor:problem_analyst: 116 mini seconds publishing element
Info: RoleDescriptor:problem_analyst: 146 mini seconds publishing element
Info: RoleDescriptor:problem_analyst: 141 mini seconds publishing element
Info: RoleDescriptor:problem_manager: 171 mini seconds publishing element
Info: RoleDescriptor:problem_manager: 145 mini seconds publishing element
Info: RoleDescriptor:problem_manager: 98 mini seconds publishing element
Info: RoleDescriptor:problem_manager: 159 mini seconds publishing element
Info: RoleDescriptor:problem_manager: 152 mini seconds publishing element
Info: RoleDescriptor:problem_owner: 143 mini seconds publishing element
Info: RoleDescriptor:problem_proc_owner: 179 mini seconds publishing element
Info: WorkProductDescriptor:architecture_baselines: 125 mini seconds publishing element
Info: WorkProductDescriptor:architecture_need: 113 mini seconds publishing element
Info: WorkProductDescriptor:change_progress_data: 89 mini seconds publishing element
Info: WorkProductDescriptor:forward_schedule_of_change: 77 mini seconds publishing element
Info: WorkProductDescriptor:incident_info: 84 mini seconds publishing element
Info: WorkProductDescriptor:incident_info: 83 mini seconds publishing element
Info: WorkProductDescriptor:known_error: 185 mini seconds publishing element
Info: WorkProductDescriptor:known_error: 170 mini seconds publishing element
Info: WorkProductDescriptor:known_errors: 107 mini seconds publishing element
Info: WorkProductDescriptor:operational_docs: 83 mini seconds publishing element
Info: WorkProductDescriptor:operational_docs: 115 mini seconds publishing element
Info: WorkProductDescriptor:problem: 180 mini seconds publishing element
Info: WorkProductDescriptor:problem: 97 mini seconds publishing element
Info: WorkProductDescriptor:problem: 95 mini seconds publishing element
Info: WorkProductDescriptor:problem: 123 mini seconds publishing element
Info: WorkProductDescriptor:problem_analysis: 102 mini seconds publishing element
Info: WorkProductDescriptor:problem_analysis: 92 mini seconds publishing element
Info: WorkProductDescriptor:problem_activity_data: 123 mini seconds publishing element
Info: WorkProductDescriptor:problem_mgt_eval: 93 mini seconds publishing element
Info: WorkProductDescriptor:problem_mgt_eval: 286 mini seconds publishing element
Info: WorkProductDescriptor:problem_mgt_framework: 121 mini seconds publishing element
Info: WorkProductDescriptor:problem_mgt_framework: 234 mini seconds publishing element
Info: WorkProductDescriptor:problem_records: 115 mini seconds publishing element
Info: WorkProductDescriptor:problem_known_errors: 98 mini seconds publishing element
Info: WorkProductDescriptor:problem_known_errors: 90 mini seconds publishing element
Info: WorkProductDescriptor:problem_known_errors: 102 mini seconds publishing element
Info: WorkProductDescriptor:project_proposal: 89 mini seconds publishing element
Info: WorkProductDescriptor:report_design: 168 mini seconds publishing element
Info: WorkProductDescriptor:report_request: 143 mini seconds publishing element
Info: WorkProductDescriptor:rfc_status: 88 mini seconds publishing element
Info: WorkProductDescriptor:rfc_data: 97 mini seconds publishing element
Info: WorkProductDescriptor:rfc_data: 95 mini seconds publishing element
Info: WorkProductDescriptor:service_imp_input: 88 mini seconds publishing element
Info: WorkProductDescriptor:stakeholder_notification: 110 mini seconds publishing element
Info: SupportingMaterial:event_management_process_overview: 74 mini seconds publishing element
Info: SupportingMaterial:user_contact_management_process_overview: 75 mini seconds publishing element
Info: : Publishing time: 0 minutes 45 seconds
