Info: CustomCategory:navigation_view_generic-ibm: 271 mini seconds publishing element
Info: SupportingMaterial:welcome: 178 mini seconds publishing element
Info: CustomCategory:getting_started_list: 132 mini seconds publishing element
Info: Concept:basic_process_concepts: 122 mini seconds publishing element
Info: Concept:practice: 46 mini seconds publishing element
Info: CustomCategory:delivery_process_list: 56 mini seconds publishing element
Info: : 3964 mini-second(s) publishing element DeliveryProcess:dad_lifecycle[process.practices_for_agile_delivery.base-ibm\deliveryprocesses\dad_lifecycle_79F83978.html]
Info: DeliveryProcess:dad_lifecycle: 3964 mini seconds publishing element
Info: DeliveryProcess:dad_lifecycle: 1662 mini seconds publishing process specific layout data
Info: Phase:Inception Phase: 664 mini seconds publishing element
Info: Iteration:Inception Iteration [1..n]: 629 mini seconds publishing element
Info: Activity:ongoing_tasks: 253 mini seconds publishing element
Info: Milestone:Stakeholder Consensus Achieved: 576 mini seconds publishing element
Info: : 1020 mini-second(s) publishing element Phase:Construction Phase[process.practices_for_agile_delivery.base-ibm\deliveryprocesses\Construction Phase_C2C321F9.html]
Info: Phase:Construction Phase: 1022 mini seconds publishing element
Info: Iteration:Construction Iteration [1..n]: 913 mini seconds publishing element
Info: Activity:plan_test_cycle: 657 mini seconds publishing element
Info: Activity:identify_and_refine_requirements: 415 mini seconds publishing element
Info: Activity:develop_user_story: 362 mini seconds publishing element
Info: Activity:perf_integration_test: 333 mini seconds publishing element
Info: Activity:prove_the_architecture: 477 mini seconds publishing element
Info: Milestone:Proven Architecture: 25 mini seconds publishing element
Info: Activity:fix_defect: 322 mini seconds publishing element
Info: Activity:perf_test: 326 mini seconds publishing element
Info: Activity:refine_project_scope_work_products: 444 mini seconds publishing element
Info: Activity:ongoing_tasks: 362 mini seconds publishing element
Info: Activity:monitor_and_control_test: 265 mini seconds publishing element
Info: Milestone:Sufficient Functionality Available: 34 mini seconds publishing element
Info: Phase:Transition Phase: 851 mini seconds publishing element
Info: Iteration:Transition Iteration [1..n]: 818 mini seconds publishing element
Info: Activity:plan_test_cycle: 584 mini seconds publishing element
Info: Activity:identify_and_refine_requirements: 390 mini seconds publishing element
Info: Activity:develop_user_story: 322 mini seconds publishing element
Info: Activity:perf_integration_test: 339 mini seconds publishing element
Info: Activity:manage_release: 200 mini seconds publishing element
Info: Activity:fix_defect: 324 mini seconds publishing element
Info: Activity:perf_test: 331 mini seconds publishing element
Info: Activity:ongoing_tasks: 351 mini seconds publishing element
Info: Activity:monitor_and_control_test: 239 mini seconds publishing element
Info: Milestone:Production Ready: 42 mini seconds publishing element
Info: CustomCategory:guidance: 99 mini seconds publishing element
Info: CustomCategory:checklist_list: 56 mini seconds publishing element
Info: Checklist:architecture_notebook: 103 mini seconds publishing element
Info: Checklist:build_operation_preconditions: 37 mini seconds publishing element
Info: Checklist:design: 107 mini seconds publishing element
Info: Checklist:developer_test: 48 mini seconds publishing element
Info: Checklist:general_requirements: 54 mini seconds publishing element
Info: Checklist:implementation: 25 mini seconds publishing element
Info: Checklist:iteration_plan: 33 mini seconds publishing element
Info: Checklist:project_plan: 44 mini seconds publishing element
Info: Checklist:risk_list: 35 mini seconds publishing element
Info: Checklist:team_operation_preconditions: 39 mini seconds publishing element
Info: Checklist:stakeholders: 45 mini seconds publishing element
Info: Checklist:system_wide_rqmts_furps: 52 mini seconds publishing element
Info: Checklist:test_case: 32 mini seconds publishing element
Info: Checklist:test_data: 41 mini seconds publishing element
Info: Checklist:test_plan: 53 mini seconds publishing element
Info: Checklist:test_script: 34 mini seconds publishing element
Info: Checklist:vision: 81 mini seconds publishing element
Info: Checklist:workitem_operation_preconditions: 47 mini seconds publishing element
Info: Checklist:work_items_list: 72 mini seconds publishing element
Info: CustomCategory:concept_list: 127 mini seconds publishing element
Info: Concept:process_template: 52 mini seconds publishing element
Info: Concept:acceptance_testing: 29 mini seconds publishing element
Info: Whitepaper:rtc_rmc_scenario: 34 mini seconds publishing element
Info: Concept:analysis_mechanism: 34 mini seconds publishing element
Info: Concept:arch_constraints: 30 mini seconds publishing element
Info: Concept:arch_goals: 35 mini seconds publishing element
Info: Concept:arch_mechanism: 73 mini seconds publishing element
Info: Concept:architectural_pattern: 23 mini seconds publishing element
Info: Concept:arch_views_viewpoints: 35 mini seconds publishing element
Info: Concept:arch_significant_requirements: 38 mini seconds publishing element
Info: Concept:associating_classes: 45 mini seconds publishing element
Info: Concept:burndown_chart: 35 mini seconds publishing element
Info: Concept:change_requests: 17 mini seconds publishing element
Info: Concept:change_set: 60 mini seconds publishing element
Info: Concept:coding_standard: 27 mini seconds publishing element
Info: Concept:collective_code_ownership: 24 mini seconds publishing element
Info: Concept:component: 46 mini seconds publishing element
Info: Concept:concurrency: 48 mini seconds publishing element
Info: Concept:construction_phase: 40 mini seconds publishing element
Info: Concept:design: 57 mini seconds publishing element
Info: Concept:design_mechanism: 37 mini seconds publishing element
Info: Concept:developer_testing: 68 mini seconds publishing element
Info: Concept:distribution_patterns: 87 mini seconds publishing element
Info: Concept:elaboration_phase: 54 mini seconds publishing element
Info: Concept:epics_and_themes: 59 mini seconds publishing element
Info: Concept:executable_arch: 42 mini seconds publishing element
Info: Concept:exploratory_testing: 23 mini seconds publishing element
Info: Concept:implementation_mechanism: 49 mini seconds publishing element
Info: Concept:inception_phase: 42 mini seconds publishing element
Info: Concept:introduction_to_rtc: 42 mini seconds publishing element
Info: Concept:invest_model: 64 mini seconds publishing element
Info: Concept:iteration: 60 mini seconds publishing element
Info: Concept:iteration_lifecycle: 47 mini seconds publishing element
Info: Concept:iterative_development_approach: 23 mini seconds publishing element
Info: Concept:key_abstractions: 27 mini seconds publishing element
Info: Concept:key_measure_test: 84 mini seconds publishing element
Info: Concept:levels_of_test: 34 mini seconds publishing element
Info: Concept:metrics: 31 mini seconds publishing element
Info: Concept:micro_increments: 62 mini seconds publishing element
Info: Concept:pattern: 37 mini seconds publishing element
Info: Concept:phase_milestones: 61 mini seconds publishing element
Info: Concept:project_lifecycle: 91 mini seconds publishing element
Info: Concept:quality_dimensions: 26 mini seconds publishing element
Info: Concept:refactoring: 34 mini seconds publishing element
Info: Concept:reference_architecture: 49 mini seconds publishing element
Info: Concept:requirement_attributes: 83 mini seconds publishing element
Info: Concept:requirements: 51 mini seconds publishing element
Info: Concept:requirements_realization: 50 mini seconds publishing element
Info: Concept:retrospective: 49 mini seconds publishing element
Info: Concept:reusable_asset: 26 mini seconds publishing element
Info: Concept:risk: 66 mini seconds publishing element
Info: Whitepaper:rup_xp_guidelines_test-first_design_and_refactoring: 58 mini seconds publishing element
Info: Concept:software_architecture.cbswa: 57 mini seconds publishing element
Info: Concept:stakeholder_collaboration: 41 mini seconds publishing element
Info: Concept:stakeholder_concurrance: 41 mini seconds publishing element
Info: Concept:storyboarding: 52 mini seconds publishing element
Info: Concept:structure_testing: 26 mini seconds publishing element
Info: Concept:system_wide_requirements: 31 mini seconds publishing element
Info: Concept:test_automation_and_tools: 25 mini seconds publishing element
Info: Concept:test_ideas: 29 mini seconds publishing element
Info: Concept:test_strategy: 38 mini seconds publishing element
Info: Whitepaper:testing_embedded_systems: 44 mini seconds publishing element
Info: Concept:testing_qualitative_rqmts: 41 mini seconds publishing element
Info: Concept:transition_phase: 40 mini seconds publishing element
Info: Concept:usability_testing: 17 mini seconds publishing element
Info: Concept:user_stories_concepts_overview: 46 mini seconds publishing element
Info: Concept:visual_modeling: 33 mini seconds publishing element
Info: Concept:whole_team: 30 mini seconds publishing element
Info: Concept:workspace: 42 mini seconds publishing element
Info: CustomCategory:example_list: 106 mini seconds publishing element
Info: Example:four_plus_one_view_of_arch: 43 mini seconds publishing element
Info: Example:architectural_mechanism_attributes: 25 mini seconds publishing element
Info: Example:iteration_burndown_report_example: 60 mini seconds publishing element
Info: Example:iteration_plan: 45 mini seconds publishing element
Info: Example:project_burndown_report_example: 65 mini seconds publishing element
Info: Example:project_plan: 47 mini seconds publishing element
Info: Example:work_items_list: 75 mini seconds publishing element
Info: CustomCategory:guideline_list: 138 mini seconds publishing element
Info: Guideline:collaboration_guidance_slot: 45 mini seconds publishing element
Info: Guideline:design_guidance_slot: 33 mini seconds publishing element
Info: Guideline:project_planning_guidance_slot: 68 mini seconds publishing element
Info: Guideline:work_assignment_guidance_slot: 25 mini seconds publishing element
Info: Guideline:abstract_away_complexity: 47 mini seconds publishing element
Info: Guideline:agile_estimation: 66 mini seconds publishing element
Info: Guideline:analyze_the_design: 50 mini seconds publishing element
Info: Guideline:assign_changes_to_iteration: 43 mini seconds publishing element
Info: Guideline:breaking_down_stories: 30 mini seconds publishing element
Info: Guideline:concurrency: 57 mini seconds publishing element
Info: Guideline:conduct_retrospective: 34 mini seconds publishing element
Info: Guideline:configuration_data: 41 mini seconds publishing element
Info: Guideline:continuous_integration: 33 mini seconds publishing element
Info: Guideline:creating_and_applying_implementation_mechanisms: 72 mini seconds publishing element
Info: Guideline:daily_meetings: 32 mini seconds publishing element
Info: Guideline:deploying_the_solution: 67 mini seconds publishing element
Info: Guideline:designing_visually: 117 mini seconds publishing element
Info: Guideline:dev_wbs_based_on_prod_arch: 56 mini seconds publishing element
Info: Guideline:developer_testing: 66 mini seconds publishing element
Info: Guideline:discover_and_clarify_reqts_with_storyboarding: 77 mini seconds publishing element
Info: Guideline:effective_req_reviews: 64 mini seconds publishing element
Info: Guideline:entity_control_boundary_pattern: 55 mini seconds publishing element
Info: Guideline:equivalence_class_analysis: 50 mini seconds publishing element
Info: Guideline:evolve_the_design: 65 mini seconds publishing element
Info: Guideline:example_design_mechanisms: 70 mini seconds publishing element
Info: Guideline:handling_nf_req: 32 mini seconds publishing element
Info: Guideline:identify_common_architectural_mechanisms: 32 mini seconds publishing element
Info: Guideline:identify_stakeholders: 38 mini seconds publishing element
Info: Guideline:iteration_assessment: 37 mini seconds publishing element
Info: Guideline:iteration_planning: 47 mini seconds publishing element
Info: Guideline:iteration_plan: 47 mini seconds publishing element
Info: Guideline:it_status_burndown: 87 mini seconds publishing element
Info: Guideline:layering: 32 mini seconds publishing element
Info: Guideline:maintain_a_sustainable_pace: 29 mini seconds publishing element
Info: Guideline:maintaining_automated_test_suite: 43 mini seconds publishing element
Info: Guideline:managing_issues: 58 mini seconds publishing element
Info: Guideline:managing_risks: 48 mini seconds publishing element
Info: Guideline:managing_work_items: 85 mini seconds publishing element
Info: Guideline:mapping_design_to_code: 45 mini seconds publishing element
Info: Guideline:mapping_rmc_rtc: 32 mini seconds publishing element
Info: Guideline:metrics: 181 mini seconds publishing element
Info: Guideline:modeling_the_arch: 68 mini seconds publishing element
Info: Guideline:prioritizing_user_stories: 32 mini seconds publishing element
Info: Guideline:prioritizing_work_items: 35 mini seconds publishing element
Info: Guideline:programming_automated_tests: 49 mini seconds publishing element
Info: Guideline:project_area_init: 31 mini seconds publishing element
Info: Guideline:promoting_changes: 37 mini seconds publishing element
Info: Guideline:quality_in_test_plan: 37 mini seconds publishing element
Info: Guideline:refactoring: 44 mini seconds publishing element
Info: Guideline:repres_interfaces_to_ext_systems: 33 mini seconds publishing element
Info: Guideline:req_gathering_techniques: 62 mini seconds publishing element
Info: Guideline:role_definitions: 30 mini seconds publishing element
Info: Guideline:self_organize_work_assignments: 50 mini seconds publishing element
Info: Guideline:software_reuse: 54 mini seconds publishing element
Info: Guideline:staffing_project: 64 mini seconds publishing element
Info: Guideline:submitting_change_requests: 38 mini seconds publishing element
Info: Guideline:test_case: 69 mini seconds publishing element
Info: Guideline:test_driven_development: 70 mini seconds publishing element
Info: Guideline:test_ideas: 45 mini seconds publishing element
Info: Guideline:test_plan: 104 mini seconds publishing element
Info: Guideline:test_suite: 47 mini seconds publishing element
Info: Guideline:testing_techniques_by_quality_risk_test_type: 48 mini seconds publishing element
Info: Guideline:user_roles_modeling: 46 mini seconds publishing element
Info: Guideline:using_visual_modeling: 27 mini seconds publishing element
Info: CustomCategory:measurements_list: 66 mini seconds publishing element
Info: CustomCategory:measurements.ci: 33 mini seconds publishing element
Info: SupportingMaterial:build_frequency: 45 mini seconds publishing element
Info: SupportingMaterial:build_health: 43 mini seconds publishing element
Info: SupportingMaterial:build_status: 32 mini seconds publishing element
Info: CustomCategory:measurements.ct: 28 mini seconds publishing element
Info: SupportingMaterial:defect_trends: 29 mini seconds publishing element
Info: SupportingMaterial:fixes_failing_verification: 37 mini seconds publishing element
Info: CustomCategory:measurements.ea: 25 mini seconds publishing element
Info: SupportingMaterial:architectural_risk_burndown: 28 mini seconds publishing element
Info: SupportingMaterial:defect_density_by_origin: 24 mini seconds publishing element
Info: SupportingMaterial:defect_distribution: 35 mini seconds publishing element
Info: SupportingMaterial:test_coverage_of_component: 27 mini seconds publishing element
Info: CustomCategory:measurements.ed: 24 mini seconds publishing element
Info: SupportingMaterial:defect_density: 25 mini seconds publishing element
Info: CustomCategory:measurements.id: 33 mini seconds publishing element
Info: SupportingMaterial:blocking_defects: 23 mini seconds publishing element
Info: SupportingMaterial:blocking_work_items: 30 mini seconds publishing element
Info: SupportingMaterial:deferred_work_items: 28 mini seconds publishing element
Info: SupportingMaterial:iteration_burndown: 42 mini seconds publishing element
Info: SupportingMaterial:iteration_length: 38 mini seconds publishing element
Info: SupportingMaterial:iteration_velocity: 35 mini seconds publishing element
Info: SupportingMaterial:test_coverage_of_requirements: 31 mini seconds publishing element
Info: SupportingMaterial:test_execution_status: 35 mini seconds publishing element
Info: CustomCategory:measurements.rp: 37 mini seconds publishing element
Info: SupportingMaterial:release_burndown: 61 mini seconds publishing element
Info: CustomCategory:measurements.rvl: 28 mini seconds publishing element
Info: SupportingMaterial:risk_distribution: 30 mini seconds publishing element
Info: CustomCategory:measurements.sv: 18 mini seconds publishing element
Info: SupportingMaterial:stakeholder_vision_involvement: 32 mini seconds publishing element
Info: CustomCategory:measurements.tcm: 16 mini seconds publishing element
Info: SupportingMaterial:average_response_time: 26 mini seconds publishing element
Info: CustomCategory:measurements.tdd: 25 mini seconds publishing element
Info: SupportingMaterial:code_health: 57 mini seconds publishing element
Info: SupportingMaterial:ratio_test_code_to_sys_code: 25 mini seconds publishing element
Info: CustomCategory:measurements.tm: 32 mini seconds publishing element
Info: SupportingMaterial:defect_arrival_rate: 35 mini seconds publishing element
Info: SupportingMaterial:planned_vs_actual_test_effort: 24 mini seconds publishing element
Info: CustomCategory:measurements.usdd: 26 mini seconds publishing element
Info: SupportingMaterial:rqmt_status_trend: 58 mini seconds publishing element
Info: CustomCategory:measurements.wt: 46 mini seconds publishing element
Info: CustomCategory:practice_list: 107 mini seconds publishing element
Info: Practice:concurrent_testing: 105 mini seconds publishing element
Info: Roadmap:how_to_adopt_concurrent_testing: 43 mini seconds publishing element
Info: Artifact:test_case: 72 mini seconds publishing element
Info: Artifact:test_log: 86 mini seconds publishing element
Info: Artifact:test_script: 81 mini seconds publishing element
Info: SupportingMaterial:epf_copyright: 30 mini seconds publishing element
Info: Task:create_test_cases: 91 mini seconds publishing element
Info: Task:implement_tests: 168 mini seconds publishing element
Info: Task:run_tests: 138 mini seconds publishing element
Info: Tool:rational_quality_manager: 50 mini seconds publishing element
Info: ToolMentor:analyze_test_failures_rqm: 30 mini seconds publishing element
Info: ToolMentor:communicating_test_status_rqm: 34 mini seconds publishing element
Info: ToolMentor:dev_test_rqm: 40 mini seconds publishing element
Info: ToolMentor:identifying_test_motivators_rqm: 33 mini seconds publishing element
Info: ToolMentor:monitoring_test_effort_rqm: 27 mini seconds publishing element
Info: ToolMentor:planning_test_effort_rqm: 37 mini seconds publishing element
Info: ToolMentor:run_test_rqm: 28 mini seconds publishing element
Info: ToolMentor:creating_defect_wi_in_rtc_from_rqm_ter: 25 mini seconds publishing element
Info: ToolMentor:creating_wi_in_rtc_for_rqm_tc: 42 mini seconds publishing element
Info: Practice:continous_integration: 54 mini seconds publishing element
Info: Roadmap:how_to_adopt_continuous_integration: 30 mini seconds publishing element
Info: Artifact:build: 93 mini seconds publishing element
Info: Task:integrate_and_create_build: 112 mini seconds publishing element
Info: Practice:evolutionary_arch: 61 mini seconds publishing element
Info: Roadmap:how_to_adopt_evolutionary_arch_practice: 35 mini seconds publishing element
Info: Artifact:architecture_notebook: 163 mini seconds publishing element
Info: Task:envision_the_arch: 216 mini seconds publishing element
Info: Task:refine_the_arch: 194 mini seconds publishing element
Info: Practice:evolutionary_design: 78 mini seconds publishing element
Info: Roadmap:how_to_adopt_evolutionary_design: 36 mini seconds publishing element
Info: Artifact:design: 98 mini seconds publishing element
Info: Task:design_solution: 183 mini seconds publishing element
Info: Task:detail_the_design: 112 mini seconds publishing element
Info: SupportingMaterial:using_ed_in_context: 34 mini seconds publishing element
Info: Practice:iterative_development: 95 mini seconds publishing element
Info: Roadmap:how_to_adopt: 39 mini seconds publishing element
Info: Artifact:iteration_plan: 117 mini seconds publishing element
Info: Artifact:work_items_list: 171 mini seconds publishing element
Info: Artifact:risk_list: 99 mini seconds publishing element
Info: Task:assess_results: 202 mini seconds publishing element
Info: Task:manage_iteration: 146 mini seconds publishing element
Info: Task:plan_iteration: 244 mini seconds publishing element
Info: Report:iteration_burndown: 43 mini seconds publishing element
Info: SupportingMaterial:key_roles_iterative_dev: 35 mini seconds publishing element
Info: SupportingMaterial:risks_adopting_iterative_dev: 40 mini seconds publishing element
Info: SupportingMaterial:preconditions_iterative_dev: 31 mini seconds publishing element
Info: ToolMentor:assessing_iteration_results_with_rtc: 50 mini seconds publishing element
Info: ToolMentor:managing_iterations_with_rtc: 50 mini seconds publishing element
Info: ToolMentor:planning_iteration_with_rtc: 59 mini seconds publishing element
Info: CustomCategory:rtc_tools: 56 mini seconds publishing element
Info: Practice:release_planning: 83 mini seconds publishing element
Info: Roadmap:how_to_adopt: 33 mini seconds publishing element
Info: Artifact:project_plan: 103 mini seconds publishing element
Info: Task:plan_the_project: 324 mini seconds publishing element
Info: Report:project_burndown: 35 mini seconds publishing element
Info: ToolMentor:planning_a_project_with_rational_team_concert: 50 mini seconds publishing element
Info: ToolMentor:create_process_template: 46 mini seconds publishing element
Info: ToolMentor:installing_process_assets_in_rtc: 48 mini seconds publishing element
Info: ToolMentor:creating_work_packages_in_rtc: 54 mini seconds publishing element
Info: Practice:risk_value_lifecycle: 69 mini seconds publishing element
Info: Roadmap:how_to_adopt: 35 mini seconds publishing element
Info: CapabilityPattern:risk_value_lifecycle_phases: 591 mini seconds publishing element
Info: CapabilityPattern:risk_value_lifecycle_phases: 311 mini seconds publishing process specific layout data
Info: Phase:inception_phase: 217 mini seconds publishing element
Info: Iteration:inception_iteration: 210 mini seconds publishing element
Info: Milestone:Lifecycle Objectives Milestone: 30 mini seconds publishing element
Info: Phase:elaboration_phase: 190 mini seconds publishing element
Info: Iteration:elaboration_iteration: 200 mini seconds publishing element
Info: Milestone:Lifecycle Architecture Milestone: 31 mini seconds publishing element
Info: Phase:construction_phase: 180 mini seconds publishing element
Info: Iteration:construction_iteration: 269 mini seconds publishing element
Info: Milestone:Initial Operational Capability: 43 mini seconds publishing element
Info: Phase:transition_phase: 197 mini seconds publishing element
Info: Iteration:transition_iteration: 202 mini seconds publishing element
Info: Milestone:Product Release Milestone: 31 mini seconds publishing element
Info: CapabilityPattern:dad_risk_value_lifecycle_phases: 292 mini seconds publishing element
Info: CapabilityPattern:dad_risk_value_lifecycle_phases: 21 mini seconds publishing process specific layout data
Info: Phase:Inception Phase: 222 mini seconds publishing element
Info: Iteration:Inception Iteration [1..n]: 194 mini seconds publishing element
Info: Milestone:Stakeholder Consensus Achieved: 32 mini seconds publishing element
Info: Phase:Construction Phase: 239 mini seconds publishing element
Info: Iteration:Construction Iteration [1..n]: 185 mini seconds publishing element
Info: Milestone:Proven Architecture: 24 mini seconds publishing element
Info: Milestone:Sufficient Functionality Available: 24 mini seconds publishing element
Info: Phase:Transition Phase: 212 mini seconds publishing element
Info: Iteration:Transition Iteration [1..n]: 213 mini seconds publishing element
Info: Milestone:Production Ready: 32 mini seconds publishing element
Info: Practice:shared_vision: 75 mini seconds publishing element
Info: Roadmap:how_to_adopt: 35 mini seconds publishing element
Info: Artifact:vision: 114 mini seconds publishing element
Info: Artifact:glossary: 131 mini seconds publishing element
Info: Artifact:storyboard: 113 mini seconds publishing element
Info: Task:develop_technical_vision: 223 mini seconds publishing element
Info: ToolMentor:create_a_low_fidelity_storyboard_using_rrc: 57 mini seconds publishing element
Info: ToolMentor:create_a_glossary_using_rrc: 46 mini seconds publishing element
Info: Practice:team_change_mgmt: 47 mini seconds publishing element
Info: Roadmap:how_to_adopt: 27 mini seconds publishing element
Info: Task:request_change: 77 mini seconds publishing element
Info: Practice:test_driven_dev: 87 mini seconds publishing element
Info: Roadmap:adopt_tdd_practice: 37 mini seconds publishing element
Info: Artifact:developer_test: 81 mini seconds publishing element
Info: Artifact:implementation: 89 mini seconds publishing element
Info: Task:implement_developer_tests: 155 mini seconds publishing element
Info: Task:implement_solution: 129 mini seconds publishing element
Info: Task:run_developer_tests: 147 mini seconds publishing element
Info: SupportingMaterial:using_tdd_in_context: 45 mini seconds publishing element
Info: Practice:test_mgmt: 170 mini seconds publishing element
Info: Roadmap:how_to_adopt_test_mgmt: 25 mini seconds publishing element
Info: Artifact:test_evaluation_summary: 91 mini seconds publishing element
Info: Artifact:test_plan: 113 mini seconds publishing element
Info: Artifact:test_motivator: 63 mini seconds publishing element
Info: Task:agree_on_mission: 88 mini seconds publishing element
Info: Task:comunicate_test_project_status: 95 mini seconds publishing element
Info: Task:identify_test_motivators: 104 mini seconds publishing element
Info: Task:monitor_test_effort: 136 mini seconds publishing element
Info: Task:plan_team_preparation: 72 mini seconds publishing element
Info: Task:plan_test_effort: 180 mini seconds publishing element
Info: Task:refine_test_process: 153 mini seconds publishing element
Info: CapabilityPattern:test_mgmt_iteration: 651 mini seconds publishing element
Info: CapabilityPattern:test_mgmt_iteration: 762 mini seconds publishing process specific layout data
Info: Activity:plan_test_cycle: 537 mini seconds publishing element
Info: Activity:monitor_control_test: 520 mini seconds publishing element
Info: Activity:Test [placeholder]: 186 mini seconds publishing element
Info: Practice:user_story_driven_dev_practice: 86 mini seconds publishing element
Info: Roadmap:how_to_adopt: 35 mini seconds publishing element
Info: Artifact:user_role: 115 mini seconds publishing element
Info: Artifact:user_story: 130 mini seconds publishing element
Info: Task:capture_confirmations: 91 mini seconds publishing element
Info: Task:identify_user_roles_and_user_stories: 189 mini seconds publishing element
Info: Task:refine_user_roles_and_stories: 140 mini seconds publishing element
Info: Template:user_story_card: 68 mini seconds publishing element
Info: ToolMentor:capturing_confirmations: 51 mini seconds publishing element
Info: ToolMentor:identifying_user_stories: 51 mini seconds publishing element
Info: ToolMentor:refining_user_stories: 54 mini seconds publishing element
Info: Practice:whole_team: 41 mini seconds publishing element
Info: Roadmap:how_to_adopt: 32 mini seconds publishing element
Info: SupportingMaterial:references: 169 mini seconds publishing element
Info: CustomCategory:report_list: 49 mini seconds publishing element
Info: CustomCategory:roadmap_list: 57 mini seconds publishing element
Info: CustomCategory:template_list: 67 mini seconds publishing element
Info: Template:architecture_notebook: 33 mini seconds publishing element
Info: Template:design: 33 mini seconds publishing element
Info: Template:iteration_plan: 83 mini seconds publishing element
Info: Template:iteration_test_plan: 49 mini seconds publishing element
Info: Template:master_test_plan: 66 mini seconds publishing element
Info: Template:project_plan: 67 mini seconds publishing element
Info: Template:risk_list: 44 mini seconds publishing element
Info: Template:test_case: 57 mini seconds publishing element
Info: Template:test_eval_summary: 68 mini seconds publishing element
Info: Template:test_eval_summary_inf: 42 mini seconds publishing element
Info: Template:test_script: 38 mini seconds publishing element
Info: Template:test_strategy: 50 mini seconds publishing element
Info: Template:vision: 45 mini seconds publishing element
Info: Template:work_items_list: 42 mini seconds publishing element
Info: CustomCategory:whitepaper_list: 57 mini seconds publishing element
Info: CustomCategory:tool_list: 92 mini seconds publishing element
Info: Tool:rational_requirements_composer: 67 mini seconds publishing element
Info: ToolMentor:capturing_confirmations_with_rrc: 41 mini seconds publishing element
Info: ToolMentor:creating_rel_backlog_in_rtc_from_rrc_req_col: 54 mini seconds publishing element
Info: ToolMentor:creating_req_collections_in_rrc: 47 mini seconds publishing element
Info: ToolMentor:creating_tc_in_rqm_from_rrc_req_col: 41 mini seconds publishing element
Info: ToolMentor:creating_test_plan_in_rqm_from_rrc_req_col: 42 mini seconds publishing element
Info: ToolMentor:identifying_refining_user_stories_in_rrc: 37 mini seconds publishing element
Info: ToolMentor:maintaining_vison_with_rrc: 33 mini seconds publishing element
Info: Tool:rtc: 100 mini seconds publishing element
Info: ToolMentor:assessing_iteration_completeness_clm_solution: 45 mini seconds publishing element
Info: ToolMentor:creating_release_plan_in_rtc_from_rqm_req_collection: 47 mini seconds publishing element
Info: ToolMentor:creating_tc_in_rqm_from_rtc_story_wi: 48 mini seconds publishing element
Info: ToolMentor:delivering_change_sets_with_rtc: 32 mini seconds publishing element
Info: ToolMentor:implementing_the_solution_with_rtc: 34 mini seconds publishing element
Info: ToolMentor:managing_risks_with_RTC: 49 mini seconds publishing element
Info: ToolMentor:submitting_change: 38 mini seconds publishing element
Info: Tool:method_composer_tool: 34 mini seconds publishing element
Info: ToolMentor:use_method_composer_to_update_process: 33 mini seconds publishing element
Info: Tool:purifyplus: 28 mini seconds publishing element
Info: ToolMentor:executing_test_suites_using_purifyplus: 44 mini seconds publishing element
Info: SupportingMaterial:resources_for_customizing_methods: 36 mini seconds publishing element
Info: SupportingMaterial:welcome: 74 mini seconds publishing element
Info: TaskDescriptor:plan_iteration: 140 mini seconds publishing element
Info: TaskDescriptor:develop_technical_vision: 161 mini seconds publishing element
Info: TaskDescriptor:envision_the_arch: 136 mini seconds publishing element
Info: TaskDescriptor:plan_the_project: 189 mini seconds publishing element
Info: TaskDescriptor:plan_test_effort: 140 mini seconds publishing element
Info: TaskDescriptor:identify_user_roles_and_user_stories: 124 mini seconds publishing element
Info: TaskDescriptor:assess_results: 139 mini seconds publishing element
Info: TaskDescriptor:plan_the_project: 154 mini seconds publishing element
Info: TaskDescriptor:manage_iteration: 158 mini seconds publishing element
Info: TaskDescriptor:plan_iteration: 149 mini seconds publishing element
Info: TaskDescriptor:identify_test_motivators: 83 mini seconds publishing element
Info: TaskDescriptor:agree_on_mission: 77 mini seconds publishing element
Info: TaskDescriptor:plan_test_effort: 100 mini seconds publishing element
Info: TaskDescriptor:plan_team_preparation: 67 mini seconds publishing element
Info: TaskDescriptor:refine_test_process: 75 mini seconds publishing element
Info: TaskDescriptor:identify_user_roles_and_user_stories: 107 mini seconds publishing element
Info: TaskDescriptor:refine_user_roles_and_stories: 116 mini seconds publishing element
Info: TaskDescriptor:capture_confirmations: 94 mini seconds publishing element
Info: TaskDescriptor:design_solution: 133 mini seconds publishing element
Info: TaskDescriptor:detail_the_design: 83 mini seconds publishing element
Info: TaskDescriptor:implement_developer_tests: 85 mini seconds publishing element
Info: TaskDescriptor:implement_solution: 98 mini seconds publishing element
Info: TaskDescriptor:run_developer_tests: 77 mini seconds publishing element
Info: TaskDescriptor:integrate_and_create_build: 75 mini seconds publishing element
Info: TaskDescriptor:create_test_cases: 71 mini seconds publishing element
Info: TaskDescriptor:implement_tests: 94 mini seconds publishing element
Info: TaskDescriptor:run_tests: 84 mini seconds publishing element
Info: TaskDescriptor:envision_the_arch: 186 mini seconds publishing element
Info: TaskDescriptor:refine_the_arch: 147 mini seconds publishing element
Info: TaskDescriptor:design_solution: 122 mini seconds publishing element
Info: TaskDescriptor:detail_the_design: 82 mini seconds publishing element
Info: TaskDescriptor:implement_developer_tests: 126 mini seconds publishing element
Info: TaskDescriptor:implement_solution: 97 mini seconds publishing element
Info: TaskDescriptor:run_developer_tests: 82 mini seconds publishing element
Info: TaskDescriptor:integrate_and_create_build: 81 mini seconds publishing element
Info: TaskDescriptor:create_test_cases: 79 mini seconds publishing element
Info: TaskDescriptor:implement_tests: 90 mini seconds publishing element
Info: TaskDescriptor:run_tests: 163 mini seconds publishing element
Info: TaskDescriptor:plan_the_project: 186 mini seconds publishing element
Info: TaskDescriptor:develop_technical_vision: 147 mini seconds publishing element
Info: TaskDescriptor:assess_results: 189 mini seconds publishing element
Info: TaskDescriptor:manage_iteration: 118 mini seconds publishing element
Info: TaskDescriptor:request_change: 57 mini seconds publishing element
Info: TaskDescriptor:monitor_test_effort: 104 mini seconds publishing element
Info: TaskDescriptor:comunicate_test_project_status: 75 mini seconds publishing element
Info: TaskDescriptor:refine_test_process: 70 mini seconds publishing element
Info: TaskDescriptor:plan_iteration: 122 mini seconds publishing element
Info: TaskDescriptor:plan_the_project: 163 mini seconds publishing element
Info: TaskDescriptor:assess_results: 156 mini seconds publishing element
Info: TaskDescriptor:manage_iteration: 114 mini seconds publishing element
Info: TaskDescriptor:request_change: 59 mini seconds publishing element
Info: TaskDescriptor:monitor_test_effort: 94 mini seconds publishing element
Info: TaskDescriptor:comunicate_test_project_status: 69 mini seconds publishing element
Info: TaskDescriptor:refine_test_process: 70 mini seconds publishing element
Info: RoleDescriptor:analyst: 61 mini seconds publishing element
Info: RoleDescriptor:any_role: 51 mini seconds publishing element
Info: RoleDescriptor:architect: 43 mini seconds publishing element
Info: RoleDescriptor:developer: 48 mini seconds publishing element
Info: RoleDescriptor:stakeholder: 47 mini seconds publishing element
Info: RoleDescriptor:project_mgr.rename: 55 mini seconds publishing element
Info: RoleDescriptor:test_manager: 62 mini seconds publishing element
Info: RoleDescriptor:tester: 58 mini seconds publishing element
Info: WorkProductDescriptor:project_definition_and_scope_slot: 67 mini seconds publishing element
Info: WorkProductDescriptor:project_risk_slot: 59 mini seconds publishing element
Info: WorkProductDescriptor:project_status_slot: 50 mini seconds publishing element
Info: WorkProductDescriptor:project_work_slot: 79 mini seconds publishing element
Info: WorkProductDescriptor:technical_architecture_slot: 53 mini seconds publishing element
Info: WorkProductDescriptor:technical_design_slot: 103 mini seconds publishing element
Info: WorkProductDescriptor:technical_implementation_slot: 195 mini seconds publishing element
Info: WorkProductDescriptor:technical_specification_slot: 106 mini seconds publishing element
Info: WorkProductDescriptor:technical_test_results_slot: 106 mini seconds publishing element
Info: WorkProductDescriptor:architecture_notebook: 89 mini seconds publishing element
Info: WorkProductDescriptor:build: 56 mini seconds publishing element
Info: WorkProductDescriptor:defect_wi: 85 mini seconds publishing element
Info: WorkProductDescriptor:design: 87 mini seconds publishing element
Info: WorkProductDescriptor:developer_test: 54 mini seconds publishing element
Info: WorkProductDescriptor:epic_wi: 68 mini seconds publishing element
Info: WorkProductDescriptor:glossary: 51 mini seconds publishing element
Info: WorkProductDescriptor:implementation: 48 mini seconds publishing element
Info: WorkProductDescriptor:issue_wi: 55 mini seconds publishing element
Info: WorkProductDescriptor:iteration_plan: 64 mini seconds publishing element
Info: WorkProductDescriptor:project_plan: 66 mini seconds publishing element
Info: WorkProductDescriptor:retrospective_wi: 52 mini seconds publishing element
Info: WorkProductDescriptor:risk_wi: 57 mini seconds publishing element
Info: WorkProductDescriptor:risk_list: 72 mini seconds publishing element
Info: WorkProductDescriptor:story_wi: 67 mini seconds publishing element
Info: WorkProductDescriptor:storyboard: 50 mini seconds publishing element
Info: WorkProductDescriptor:task_wi: 90 mini seconds publishing element
Info: WorkProductDescriptor:test_case: 79 mini seconds publishing element
Info: WorkProductDescriptor:test_evaluation_summary: 63 mini seconds publishing element
Info: WorkProductDescriptor:test_log: 57 mini seconds publishing element
Info: WorkProductDescriptor:test_motivator: 64 mini seconds publishing element
Info: WorkProductDescriptor:test_plan: 73 mini seconds publishing element
Info: WorkProductDescriptor:test_script: 77 mini seconds publishing element
Info: WorkProductDescriptor:user_role: 57 mini seconds publishing element
Info: WorkProductDescriptor:user_story: 55 mini seconds publishing element
Info: WorkProductDescriptor:vision: 63 mini seconds publishing element
Info: WorkProductDescriptor:work_items_list: 92 mini seconds publishing element
Info: CapabilityPattern:dad_inception_iteration: 506 mini seconds publishing element
Info: CapabilityPattern:dad_inception_iteration: 90 mini seconds publishing process specific layout data
Info: RoleDescriptor:analyst: 57 mini seconds publishing element
Info: RoleDescriptor:architect: 48 mini seconds publishing element
Info: RoleDescriptor:developer: 57 mini seconds publishing element
Info: RoleDescriptor:stakeholder: 49 mini seconds publishing element
Info: RoleDescriptor:project_mgr.rename: 53 mini seconds publishing element
Info: RoleDescriptor:test_manager: 63 mini seconds publishing element
Info: RoleDescriptor:tester: 49 mini seconds publishing element
Info: WorkProductDescriptor:project_definition_and_scope_slot: 50 mini seconds publishing element
Info: WorkProductDescriptor:project_risk_slot: 65 mini seconds publishing element
Info: WorkProductDescriptor:project_work_slot: 85 mini seconds publishing element
Info: WorkProductDescriptor:technical_architecture_slot: 46 mini seconds publishing element
Info: WorkProductDescriptor:technical_specification_slot: 72 mini seconds publishing element
Info: WorkProductDescriptor:technical_test_results_slot: 72 mini seconds publishing element
Info: WorkProductDescriptor:architecture_notebook: 55 mini seconds publishing element
Info: WorkProductDescriptor:build: 49 mini seconds publishing element
Info: WorkProductDescriptor:defect_wi: 70 mini seconds publishing element
Info: WorkProductDescriptor:design: 62 mini seconds publishing element
Info: WorkProductDescriptor:developer_test: 54 mini seconds publishing element
Info: WorkProductDescriptor:epic_wi: 65 mini seconds publishing element
Info: WorkProductDescriptor:glossary: 56 mini seconds publishing element
Info: WorkProductDescriptor:implementation: 55 mini seconds publishing element
Info: WorkProductDescriptor:issue_wi: 77 mini seconds publishing element
Info: WorkProductDescriptor:iteration_plan: 82 mini seconds publishing element
Info: WorkProductDescriptor:project_plan: 63 mini seconds publishing element
Info: WorkProductDescriptor:retrospective_wi: 74 mini seconds publishing element
Info: WorkProductDescriptor:risk_wi: 54 mini seconds publishing element
Info: WorkProductDescriptor:risk_list: 55 mini seconds publishing element
Info: WorkProductDescriptor:story_wi: 59 mini seconds publishing element
Info: WorkProductDescriptor:storyboard: 57 mini seconds publishing element
Info: WorkProductDescriptor:task_wi: 79 mini seconds publishing element
Info: WorkProductDescriptor:test_case: 68 mini seconds publishing element
Info: WorkProductDescriptor:test_evaluation_summary: 54 mini seconds publishing element
Info: WorkProductDescriptor:test_log: 68 mini seconds publishing element
Info: WorkProductDescriptor:test_motivator: 67 mini seconds publishing element
Info: WorkProductDescriptor:test_plan: 89 mini seconds publishing element
Info: WorkProductDescriptor:test_script: 76 mini seconds publishing element
Info: WorkProductDescriptor:user_role: 68 mini seconds publishing element
Info: WorkProductDescriptor:user_story: 107 mini seconds publishing element
Info: WorkProductDescriptor:vision: 69 mini seconds publishing element
Info: WorkProductDescriptor:work_items_list: 69 mini seconds publishing element
Info: : 1053 mini-second(s) publishing element CapabilityPattern:dad_construction_iteration[process.practices_for_agile_delivery.base-ibm\capabilitypatterns\dad_construction_iteration_EEB9C32E.html]
Info: CapabilityPattern:dad_construction_iteration: 1053 mini seconds publishing element
Info: CapabilityPattern:dad_construction_iteration: 506 mini seconds publishing process specific layout data
Info: Activity:plan_test_cycle: 709 mini seconds publishing element
Info: WorkProductDescriptor:project_work_slot: 137 mini seconds publishing element
Info: Activity:identify_and_refine_requirements: 693 mini seconds publishing element
Info: RoleDescriptor:analyst: 99 mini seconds publishing element
Info: RoleDescriptor:architect: 63 mini seconds publishing element
Info: RoleDescriptor:developer: 89 mini seconds publishing element
Info: RoleDescriptor:stakeholder: 59 mini seconds publishing element
Info: RoleDescriptor:tester: 103 mini seconds publishing element
Info: WorkProductDescriptor:technical_architecture_slot: 66 mini seconds publishing element
Info: WorkProductDescriptor:technical_specification_slot: 72 mini seconds publishing element
Info: WorkProductDescriptor:architecture_notebook: 76 mini seconds publishing element
Info: WorkProductDescriptor:build: 60 mini seconds publishing element
Info: WorkProductDescriptor:design: 76 mini seconds publishing element
Info: WorkProductDescriptor:developer_test: 61 mini seconds publishing element
Info: WorkProductDescriptor:glossary: 66 mini seconds publishing element
Info: WorkProductDescriptor:implementation: 61 mini seconds publishing element
Info: WorkProductDescriptor:storyboard: 74 mini seconds publishing element
Info: WorkProductDescriptor:test_case: 91 mini seconds publishing element
Info: WorkProductDescriptor:test_log: 65 mini seconds publishing element
Info: WorkProductDescriptor:test_script: 90 mini seconds publishing element
Info: WorkProductDescriptor:user_role: 64 mini seconds publishing element
Info: WorkProductDescriptor:user_story: 76 mini seconds publishing element
Info: WorkProductDescriptor:vision: 64 mini seconds publishing element
Info: CapabilityPattern:develop_user_story: 339 mini seconds publishing element
Info: CapabilityPattern:develop_user_story: 64 mini seconds publishing process specific layout data
Info: RoleDescriptor:analyst: 72 mini seconds publishing element
Info: RoleDescriptor:developer: 73 mini seconds publishing element
Info: RoleDescriptor:stakeholder: 56 mini seconds publishing element
Info: RoleDescriptor:tester: 56 mini seconds publishing element
Info: WorkProductDescriptor:technical_implementation_slot: 64 mini seconds publishing element
Info: WorkProductDescriptor:technical_specification_slot: 58 mini seconds publishing element
Info: WorkProductDescriptor:build: 58 mini seconds publishing element
Info: WorkProductDescriptor:design: 58 mini seconds publishing element
Info: WorkProductDescriptor:developer_test: 61 mini seconds publishing element
Info: WorkProductDescriptor:glossary: 57 mini seconds publishing element
Info: WorkProductDescriptor:implementation: 64 mini seconds publishing element
Info: WorkProductDescriptor:storyboard: 62 mini seconds publishing element
Info: WorkProductDescriptor:test_case: 89 mini seconds publishing element
Info: WorkProductDescriptor:test_log: 72 mini seconds publishing element
Info: WorkProductDescriptor:test_script: 100 mini seconds publishing element
Info: WorkProductDescriptor:user_role: 59 mini seconds publishing element
Info: WorkProductDescriptor:user_story: 64 mini seconds publishing element
Info: WorkProductDescriptor:vision: 61 mini seconds publishing element
Info: Activity:perf_integration_test: 290 mini seconds publishing element
Info: RoleDescriptor:analyst: 72 mini seconds publishing element
Info: RoleDescriptor:architect: 72 mini seconds publishing element
Info: RoleDescriptor:developer: 62 mini seconds publishing element
Info: RoleDescriptor:stakeholder: 64 mini seconds publishing element
Info: WorkProductDescriptor:technical_design_slot: 124 mini seconds publishing element
Info: WorkProductDescriptor:technical_implementation_slot: 85 mini seconds publishing element
Info: WorkProductDescriptor:technical_specification_slot: 67 mini seconds publishing element
Info: WorkProductDescriptor:architecture_notebook: 78 mini seconds publishing element
Info: WorkProductDescriptor:build: 55 mini seconds publishing element
Info: WorkProductDescriptor:design: 67 mini seconds publishing element
Info: WorkProductDescriptor:developer_test: 50 mini seconds publishing element
Info: WorkProductDescriptor:epic_wi: 66 mini seconds publishing element
Info: WorkProductDescriptor:glossary: 59 mini seconds publishing element
Info: WorkProductDescriptor:implementation: 59 mini seconds publishing element
Info: WorkProductDescriptor:issue_wi: 85 mini seconds publishing element
Info: WorkProductDescriptor:retrospective_wi: 71 mini seconds publishing element
Info: WorkProductDescriptor:risk_wi: 59 mini seconds publishing element
Info: WorkProductDescriptor:story_wi: 65 mini seconds publishing element
Info: WorkProductDescriptor:storyboard: 57 mini seconds publishing element
Info: WorkProductDescriptor:task_wi: 65 mini seconds publishing element
Info: WorkProductDescriptor:user_role: 80 mini seconds publishing element
Info: WorkProductDescriptor:user_story: 82 mini seconds publishing element
Info: WorkProductDescriptor:vision: 66 mini seconds publishing element
Info: WorkProductDescriptor:work_items_list: 64 mini seconds publishing element
Info: WorkProductDescriptor:defect_wi: 68 mini seconds publishing element
Info: Activity:prove_the_architecture: 365 mini seconds publishing element
Info: RoleDescriptor:analyst: 55 mini seconds publishing element
Info: RoleDescriptor:architect: 89 mini seconds publishing element
Info: RoleDescriptor:developer: 129 mini seconds publishing element
Info: RoleDescriptor:stakeholder: 73 mini seconds publishing element
Info: RoleDescriptor:tester: 66 mini seconds publishing element
Info: WorkProductDescriptor:technical_architecture_slot: 58 mini seconds publishing element
Info: WorkProductDescriptor:technical_design_slot: 63 mini seconds publishing element
Info: WorkProductDescriptor:technical_implementation_slot: 69 mini seconds publishing element
Info: WorkProductDescriptor:technical_specification_slot: 74 mini seconds publishing element
Info: WorkProductDescriptor:architecture_notebook: 60 mini seconds publishing element
Info: WorkProductDescriptor:build: 93 mini seconds publishing element
Info: WorkProductDescriptor:design: 104 mini seconds publishing element
Info: WorkProductDescriptor:developer_test: 75 mini seconds publishing element
Info: WorkProductDescriptor:glossary: 101 mini seconds publishing element
Info: WorkProductDescriptor:implementation: 112 mini seconds publishing element
Info: WorkProductDescriptor:storyboard: 67 mini seconds publishing element
Info: WorkProductDescriptor:test_case: 101 mini seconds publishing element
Info: WorkProductDescriptor:test_log: 94 mini seconds publishing element
Info: WorkProductDescriptor:test_script: 88 mini seconds publishing element
Info: WorkProductDescriptor:user_role: 72 mini seconds publishing element
Info: WorkProductDescriptor:user_story: 296 mini seconds publishing element
Info: WorkProductDescriptor:vision: 209 mini seconds publishing element
Info: CapabilityPattern:fix_defect: 745 mini seconds publishing element
Info: CapabilityPattern:fix_defect: 86 mini seconds publishing process specific layout data
Info: RoleDescriptor:analyst: 100 mini seconds publishing element
Info: RoleDescriptor:developer: 90 mini seconds publishing element
Info: RoleDescriptor:stakeholder: 57 mini seconds publishing element
Info: RoleDescriptor:tester: 66 mini seconds publishing element
Info: WorkProductDescriptor:technical_implementation_slot: 64 mini seconds publishing element
Info: WorkProductDescriptor:technical_specification_slot: 65 mini seconds publishing element
Info: WorkProductDescriptor:build: 59 mini seconds publishing element
Info: WorkProductDescriptor:design: 74 mini seconds publishing element
Info: WorkProductDescriptor:developer_test: 57 mini seconds publishing element
Info: WorkProductDescriptor:glossary: 65 mini seconds publishing element
Info: WorkProductDescriptor:implementation: 64 mini seconds publishing element
Info: WorkProductDescriptor:storyboard: 59 mini seconds publishing element
Info: WorkProductDescriptor:test_case: 67 mini seconds publishing element
Info: WorkProductDescriptor:test_log: 70 mini seconds publishing element
Info: WorkProductDescriptor:test_script: 135 mini seconds publishing element
Info: WorkProductDescriptor:user_role: 74 mini seconds publishing element
Info: WorkProductDescriptor:user_story: 62 mini seconds publishing element
Info: WorkProductDescriptor:vision: 67 mini seconds publishing element
Info: Activity:perf_test: 303 mini seconds publishing element
Info: RoleDescriptor:analyst: 66 mini seconds publishing element
Info: RoleDescriptor:architect: 52 mini seconds publishing element
Info: RoleDescriptor:developer: 59 mini seconds publishing element
Info: RoleDescriptor:stakeholder: 50 mini seconds publishing element
Info: RoleDescriptor:project_mgr.rename: 55 mini seconds publishing element
Info: RoleDescriptor:tester: 66 mini seconds publishing element
Info: WorkProductDescriptor:project_work_slot: 67 mini seconds publishing element
Info: WorkProductDescriptor:technical_specification_slot: 69 mini seconds publishing element
Info: WorkProductDescriptor:architecture_notebook: 58 mini seconds publishing element
Info: WorkProductDescriptor:build: 48 mini seconds publishing element
Info: WorkProductDescriptor:defect_wi: 64 mini seconds publishing element
Info: WorkProductDescriptor:design: 55 mini seconds publishing element
Info: WorkProductDescriptor:developer_test: 59 mini seconds publishing element
Info: WorkProductDescriptor:epic_wi: 64 mini seconds publishing element
Info: WorkProductDescriptor:glossary: 62 mini seconds publishing element
Info: WorkProductDescriptor:implementation: 54 mini seconds publishing element
Info: WorkProductDescriptor:issue_wi: 82 mini seconds publishing element
Info: WorkProductDescriptor:iteration_plan: 90 mini seconds publishing element
Info: WorkProductDescriptor:project_plan: 90 mini seconds publishing element
Info: WorkProductDescriptor:retrospective_wi: 81 mini seconds publishing element
Info: WorkProductDescriptor:risk_wi: 65 mini seconds publishing element
Info: WorkProductDescriptor:risk_list: 59 mini seconds publishing element
Info: WorkProductDescriptor:story_wi: 71 mini seconds publishing element
Info: WorkProductDescriptor:storyboard: 72 mini seconds publishing element
Info: WorkProductDescriptor:task_wi: 63 mini seconds publishing element
Info: WorkProductDescriptor:test_case: 59 mini seconds publishing element
Info: WorkProductDescriptor:test_log: 46 mini seconds publishing element
Info: WorkProductDescriptor:test_script: 80 mini seconds publishing element
Info: WorkProductDescriptor:user_role: 55 mini seconds publishing element
Info: WorkProductDescriptor:user_story: 56 mini seconds publishing element
Info: WorkProductDescriptor:vision: 62 mini seconds publishing element
Info: WorkProductDescriptor:work_items_list: 71 mini seconds publishing element
Info: Activity:refine_project_scope_work_products: 528 mini seconds publishing element
Info: RoleDescriptor:analyst: 66 mini seconds publishing element
Info: RoleDescriptor:architect: 48 mini seconds publishing element
Info: RoleDescriptor:developer: 61 mini seconds publishing element
Info: RoleDescriptor:stakeholder: 50 mini seconds publishing element
Info: RoleDescriptor:project_mgr.rename: 70 mini seconds publishing element
Info: RoleDescriptor:test_manager: 62 mini seconds publishing element
Info: RoleDescriptor:tester: 58 mini seconds publishing element
Info: WorkProductDescriptor:project_definition_and_scope_slot: 70 mini seconds publishing element
Info: WorkProductDescriptor:project_risk_slot: 57 mini seconds publishing element
Info: WorkProductDescriptor:project_status_slot: 79 mini seconds publishing element
Info: WorkProductDescriptor:project_work_slot: 76 mini seconds publishing element
Info: WorkProductDescriptor:architecture_notebook: 70 mini seconds publishing element
Info: WorkProductDescriptor:build: 59 mini seconds publishing element
Info: WorkProductDescriptor:design: 58 mini seconds publishing element
Info: WorkProductDescriptor:developer_test: 55 mini seconds publishing element
Info: WorkProductDescriptor:glossary: 55 mini seconds publishing element
Info: WorkProductDescriptor:implementation: 51 mini seconds publishing element
Info: WorkProductDescriptor:iteration_plan: 80 mini seconds publishing element
Info: WorkProductDescriptor:project_plan: 63 mini seconds publishing element
Info: WorkProductDescriptor:risk_list: 66 mini seconds publishing element
Info: WorkProductDescriptor:storyboard: 53 mini seconds publishing element
Info: WorkProductDescriptor:test_case: 70 mini seconds publishing element
Info: WorkProductDescriptor:test_evaluation_summary: 95 mini seconds publishing element
Info: WorkProductDescriptor:test_log: 54 mini seconds publishing element
Info: WorkProductDescriptor:test_motivator: 55 mini seconds publishing element
Info: WorkProductDescriptor:test_plan: 70 mini seconds publishing element
Info: WorkProductDescriptor:test_script: 92 mini seconds publishing element
Info: WorkProductDescriptor:user_role: 60 mini seconds publishing element
Info: WorkProductDescriptor:user_story: 60 mini seconds publishing element
Info: WorkProductDescriptor:vision: 59 mini seconds publishing element
Info: WorkProductDescriptor:work_items_list: 76 mini seconds publishing element
Info: WorkProductDescriptor:issue_wi: 55 mini seconds publishing element
Info: WorkProductDescriptor:defect_wi: 70 mini seconds publishing element
Info: WorkProductDescriptor:retrospective_wi: 66 mini seconds publishing element
Info: WorkProductDescriptor:epic_wi: 64 mini seconds publishing element
Info: WorkProductDescriptor:story_wi: 62 mini seconds publishing element
Info: WorkProductDescriptor:task_wi: 69 mini seconds publishing element
Info: WorkProductDescriptor:risk_wi: 69 mini seconds publishing element
Info: RoleDescriptor:any_role: 62 mini seconds publishing element
Info: RoleDescriptor:project_mgr.rename: 78 mini seconds publishing element
Info: WorkProductDescriptor:technical_test_results_slot: 61 mini seconds publishing element
Info: WorkProductDescriptor:iteration_plan: 80 mini seconds publishing element
Info: WorkProductDescriptor:project_plan: 86 mini seconds publishing element
Info: WorkProductDescriptor:risk_list: 72 mini seconds publishing element
Info: CapabilityPattern:dad_transition_iteration: 970 mini seconds publishing element
Info: CapabilityPattern:dad_transition_iteration: 442 mini seconds publishing process specific layout data
Info: Activity:manage_release: 215 mini seconds publishing element
Info: RoleDescriptor:analyst: 65 mini seconds publishing element
Info: RoleDescriptor:architect: 56 mini seconds publishing element
Info: RoleDescriptor:developer: 66 mini seconds publishing element
Info: RoleDescriptor:stakeholder: 61 mini seconds publishing element
Info: RoleDescriptor:test_manager: 87 mini seconds publishing element
Info: RoleDescriptor:tester: 60 mini seconds publishing element
Info: WorkProductDescriptor:project_definition_and_scope_slot: 60 mini seconds publishing element
Info: WorkProductDescriptor:project_risk_slot: 64 mini seconds publishing element
Info: WorkProductDescriptor:project_status_slot: 66 mini seconds publishing element
Info: WorkProductDescriptor:project_work_slot: 59 mini seconds publishing element
Info: WorkProductDescriptor:architecture_notebook: 59 mini seconds publishing element
Info: WorkProductDescriptor:build: 49 mini seconds publishing element
Info: WorkProductDescriptor:design: 58 mini seconds publishing element
Info: WorkProductDescriptor:developer_test: 55 mini seconds publishing element
Info: WorkProductDescriptor:glossary: 80 mini seconds publishing element
Info: WorkProductDescriptor:implementation: 60 mini seconds publishing element
Info: WorkProductDescriptor:storyboard: 59 mini seconds publishing element
Info: WorkProductDescriptor:test_case: 61 mini seconds publishing element
Info: WorkProductDescriptor:test_evaluation_summary: 75 mini seconds publishing element
Info: WorkProductDescriptor:test_log: 52 mini seconds publishing element
Info: WorkProductDescriptor:test_motivator: 54 mini seconds publishing element
Info: WorkProductDescriptor:test_plan: 70 mini seconds publishing element
Info: WorkProductDescriptor:test_script: 80 mini seconds publishing element
Info: WorkProductDescriptor:user_role: 52 mini seconds publishing element
Info: WorkProductDescriptor:user_story: 60 mini seconds publishing element
Info: WorkProductDescriptor:vision: 54 mini seconds publishing element
Info: WorkProductDescriptor:work_items_list: 72 mini seconds publishing element
Info: WorkProductDescriptor:issue_wi: 55 mini seconds publishing element
Info: WorkProductDescriptor:defect_wi: 62 mini seconds publishing element
Info: WorkProductDescriptor:retrospective_wi: 59 mini seconds publishing element
Info: WorkProductDescriptor:epic_wi: 64 mini seconds publishing element
Info: WorkProductDescriptor:story_wi: 63 mini seconds publishing element
Info: WorkProductDescriptor:task_wi: 62 mini seconds publishing element
Info: WorkProductDescriptor:risk_wi: 55 mini seconds publishing element
Info: Role:developer: 451 mini seconds publishing element
Info: TermDefinition:task: 23 mini seconds publishing element
Info: TermDefinition:work_product: 31 mini seconds publishing element
Info: Artifact:technical_implementation_slot: 72 mini seconds publishing element
Info: TermDefinition:code_instrumentation: 22 mini seconds publishing element
Info: TermDefinition:equivalence_class: 24 mini seconds publishing element
Info: Artifact:project_work_slot: 70 mini seconds publishing element
Info: SupportingMaterial:reduct_risk_est_variance: 42 mini seconds publishing element
Info: Artifact:technical_specification_slot: 126 mini seconds publishing element
Info: Domain:test_domain: 55 mini seconds publishing element
Info: Role:tester: 232 mini seconds publishing element
Info: Artifact:technical_test_results_slot: 44 mini seconds publishing element
Info: Discipline:test_discipline: 81 mini seconds publishing element
Info: Role:analyst: 422 mini seconds publishing element
Info: Role:stakeholder: 212 mini seconds publishing element
Info: Domain:development_domain: 110 mini seconds publishing element
Info: Discipline:development_discipline: 130 mini seconds publishing element
Info: Artifact:technical_design_slot: 53 mini seconds publishing element
Info: Domain:architecture_domain: 58 mini seconds publishing element
Info: Artifact:technical_architecture_slot: 60 mini seconds publishing element
Info: Role:architect: 275 mini seconds publishing element
Info: Discipline:architecture_discipline: 73 mini seconds publishing element
Info: Role:project_mgr.rename: 322 mini seconds publishing element
Info: Artifact:project_definition_and_scope_slot: 77 mini seconds publishing element
Info: Domain:project_management_domain: 69 mini seconds publishing element
Info: Artifact:project_status_slot: 99 mini seconds publishing element
Info: Artifact:defect_wi: 64 mini seconds publishing element
Info: Artifact:epic_wi: 64 mini seconds publishing element
Info: Artifact:issue_wi: 48 mini seconds publishing element
Info: Artifact:retrospective_wi: 38 mini seconds publishing element
Info: Artifact:risk_wi: 49 mini seconds publishing element
Info: Artifact:story_wi: 48 mini seconds publishing element
Info: Artifact:task_wi: 57 mini seconds publishing element
Info: Role:any_role: 103 mini seconds publishing element
Info: Artifact:project_risk_slot: 50 mini seconds publishing element
Info: TermDefinition:risk: 31 mini seconds publishing element
Info: Discipline:project_management_discipline: 99 mini seconds publishing element
Info: Domain:requirements_domain: 92 mini seconds publishing element
Info: Discipline:requirements_discipline: 123 mini seconds publishing element
Info: TermDefinition:feature: 25 mini seconds publishing element
Info: CustomCategory:tm_wp: 35 mini seconds publishing element
Info: Role:test_manager: 242 mini seconds publishing element
Info: TaskDescriptor:monitor_test_effort: 127 mini seconds publishing element
Info: TaskDescriptor:comunicate_test_project_status: 87 mini seconds publishing element
Info: TaskDescriptor:refine_test_process: 80 mini seconds publishing element
Info: TaskDescriptor:plan_test_effort: 107 mini seconds publishing element
Info: CapabilityPattern:plan_test_cycle: 764 mini seconds publishing element
Info: CapabilityPattern:plan_test_cycle: 606 mini seconds publishing process specific layout data
Info: RoleDescriptor:test_manager: 121 mini seconds publishing element
Info: WorkProductDescriptor:project_definition_and_scope_slot: 78 mini seconds publishing element
Info: WorkProductDescriptor:project_risk_slot: 40 mini seconds publishing element
Info: WorkProductDescriptor:project_status_slot: 72 mini seconds publishing element
Info: WorkProductDescriptor:project_work_slot: 65 mini seconds publishing element
Info: WorkProductDescriptor:test_evaluation_summary: 112 mini seconds publishing element
Info: WorkProductDescriptor:test_motivator: 64 mini seconds publishing element
Info: WorkProductDescriptor:test_plan: 80 mini seconds publishing element
Info: CapabilityPattern:monitor_control_test: 462 mini seconds publishing element
Info: CapabilityPattern:monitor_control_test: 190 mini seconds publishing process specific layout data
Info: CustomCategory:usdd_tasks: 79 mini seconds publishing element
Info: SupportingMaterial:epf_resources: 50 mini seconds publishing element
Info: SupportingMaterial:rational_method_composer_resources: 54 mini seconds publishing element
Info: TermDefinition:method_configuration: 29 mini seconds publishing element
Info: TermDefinition:method_content: 30 mini seconds publishing element
Info: TermDefinition:process: 27 mini seconds publishing element
Info: TermDefinition:capability_pattern: 26 mini seconds publishing element
Info: TermDefinition:delivery_process: 26 mini seconds publishing element
Info: TermDefinition:custom_category: 23 mini seconds publishing element
Info: CustomCategory:role_list: 147 mini seconds publishing element
Info: CustomCategory:work_products: 113 mini seconds publishing element
Info: CustomCategory:tasks: 138 mini seconds publishing element
Info: RoleDescriptor:project_mgr.rename: 94 mini seconds publishing element
Info: RoleDescriptor:analyst: 85 mini seconds publishing element
Info: RoleDescriptor:architect: 100 mini seconds publishing element
Info: RoleDescriptor:developer: 115 mini seconds publishing element
Info: RoleDescriptor:stakeholder: 100 mini seconds publishing element
Info: RoleDescriptor:tester: 76 mini seconds publishing element
Info: WorkProductDescriptor:work_items_list: 111 mini seconds publishing element
Info: WorkProductDescriptor:iteration_plan: 106 mini seconds publishing element
Info: WorkProductDescriptor:risk_list: 77 mini seconds publishing element
Info: WorkProductDescriptor:vision: 117 mini seconds publishing element
Info: WorkProductDescriptor:glossary: 132 mini seconds publishing element
Info: WorkProductDescriptor:storyboard: 93 mini seconds publishing element
Info: WorkProductDescriptor:architecture_notebook: 84 mini seconds publishing element
Info: WorkProductDescriptor:project_plan: 91 mini seconds publishing element
Info: WorkProductDescriptor:project_definition_and_scope_slot: 66 mini seconds publishing element
Info: WorkProductDescriptor:user_role: 80 mini seconds publishing element
Info: WorkProductDescriptor:user_story: 83 mini seconds publishing element
Info: RoleDescriptor:project_mgr.rename: 79 mini seconds publishing element
Info: RoleDescriptor:analyst: 63 mini seconds publishing element
Info: RoleDescriptor:architect: 55 mini seconds publishing element
Info: RoleDescriptor:developer: 74 mini seconds publishing element
Info: RoleDescriptor:stakeholder: 92 mini seconds publishing element
Info: RoleDescriptor:tester: 76 mini seconds publishing element
Info: WorkProductDescriptor:work_items_list: 90 mini seconds publishing element
Info: WorkProductDescriptor:technical_architecture_slot: 66 mini seconds publishing element
Info: WorkProductDescriptor:technical_specification_slot: 73 mini seconds publishing element
Info: WorkProductDescriptor:iteration_plan: 90 mini seconds publishing element
Info: WorkProductDescriptor:risk_list: 70 mini seconds publishing element
Info: WorkProductDescriptor:project_definition_and_scope_slot: 61 mini seconds publishing element
Info: WorkProductDescriptor:technical_test_results_slot: 59 mini seconds publishing element
Info: RoleDescriptor:project_mgr.rename: 78 mini seconds publishing element
Info: RoleDescriptor:analyst: 66 mini seconds publishing element
Info: RoleDescriptor:architect: 66 mini seconds publishing element
Info: RoleDescriptor:developer: 74 mini seconds publishing element
Info: RoleDescriptor:stakeholder: 60 mini seconds publishing element
Info: RoleDescriptor:tester: 74 mini seconds publishing element
Info: WorkProductDescriptor:work_items_list: 84 mini seconds publishing element
Info: WorkProductDescriptor:technical_architecture_slot: 58 mini seconds publishing element
Info: WorkProductDescriptor:technical_specification_slot: 65 mini seconds publishing element
Info: WorkProductDescriptor:iteration_plan: 76 mini seconds publishing element
Info: WorkProductDescriptor:risk_list: 72 mini seconds publishing element
Info: WorkProductDescriptor:project_work_slot: 74 mini seconds publishing element
Info: WorkProductDescriptor:project_plan: 124 mini seconds publishing element
Info: WorkProductDescriptor:project_definition_and_scope_slot: 68 mini seconds publishing element
Info: WorkProductDescriptor:technical_test_results_slot: 69 mini seconds publishing element
Info: WorkProductDescriptor:test_log: 58 mini seconds publishing element
Info: CapabilityPattern:test: 383 mini seconds publishing element
Info: CapabilityPattern:test: 301 mini seconds publishing process specific layout data
Info: CapabilityPattern:requirements: 429 mini seconds publishing element
Info: CapabilityPattern:requirements: 42 mini seconds publishing process specific layout data
Info: CapabilityPattern:architecture: 361 mini seconds publishing element
Info: CapabilityPattern:architecture: 43 mini seconds publishing process specific layout data
Info: CapabilityPattern:project_level_mgmt: 479 mini seconds publishing element
Info: CapabilityPattern:project_level_mgmt: 333 mini seconds publishing process specific layout data
Info: CapabilityPattern:deployment: 250 mini seconds publishing element
Info: CapabilityPattern:deployment: 3 mini seconds publishing process specific layout data
Info: RoleSet:basic_role_set: 70 mini seconds publishing element
Info: RoleSet:development_roles_list: 33 mini seconds publishing element
Info: TermDefinition:artifact: 24 mini seconds publishing element
Info: TermDefinition:deliverable: 22 mini seconds publishing element
Info: TermDefinition:outcome: 34 mini seconds publishing element
Info: RoleSet:testing_roles_list: 26 mini seconds publishing element
Info: RoleSet:requirements_roles_list: 42 mini seconds publishing element
Info: RoleSet:sw_architecture_roles_list: 38 mini seconds publishing element
Info: RoleSet:project_management_roles_list: 28 mini seconds publishing element
Info: RoleSet:environment_roles_list: 42 mini seconds publishing element
Info: TermDefinition:stakeholder_need: 19 mini seconds publishing element
Info: TermDefinition:method_library: 34 mini seconds publishing element
Info: TermDefinition:role: 14 mini seconds publishing element
Info: TermDefinition:guidance: 17 mini seconds publishing element
Info: TermDefinition:view: 25 mini seconds publishing element
Info: Domain:business_modeling_domain: 39 mini seconds publishing element
Info: Domain:brd_domains: 27 mini seconds publishing element
Info: Domain:configuration_and_change_management_domain: 32 mini seconds publishing element
Info: Domain:deployment_domain: 35 mini seconds publishing element
Info: Domain:enterprise_work_products: 35 mini seconds publishing element
Info: Domain:environment_domain: 55 mini seconds publishing element
Info: Domain:project_governance_domain: 20 mini seconds publishing element
Info: Domain:software_development_work_products: 84 mini seconds publishing element
Info: Domain:systems_engineering_work_products: 49 mini seconds publishing element
Info: Domain:technical_environment_domain: 33 mini seconds publishing element
Info: Discipline:abstract: 25 mini seconds publishing element
Info: Discipline:business_modeling: 29 mini seconds publishing element
Info: Discipline:brd_disciplines: 34 mini seconds publishing element
Info: Discipline:configuration_and_change_management_discipline: 37 mini seconds publishing element
Info: Discipline:deployment_discipline: 29 mini seconds publishing element
Info: Discipline:enterprise_architecture_discipline: 25 mini seconds publishing element
Info: Discipline:environment_discipline: 67 mini seconds publishing element
Info: Discipline:prod_portf_mgmt_tasks: 21 mini seconds publishing element
Info: Discipline:project_governance_discipline: 26 mini seconds publishing element
Info: Discipline:sw_capability_improv: 33 mini seconds publishing element
Info: Discipline:systems_engineering_architecture: 32 mini seconds publishing element
Info: Discipline:systems_engineering_requirements: 36 mini seconds publishing element
Info: WorkProductDescriptor:build: 90 mini seconds publishing element
Info: WorkProductDescriptor:design: 69 mini seconds publishing element
Info: WorkProductDescriptor:developer_test: 68 mini seconds publishing element
Info: WorkProductDescriptor:implementation: 60 mini seconds publishing element
Info: WorkProductDescriptor:test_case: 81 mini seconds publishing element
Info: WorkProductDescriptor:test_script: 131 mini seconds publishing element
Info: WorkProductDescriptor:project_plan: 85 mini seconds publishing element
Info: WorkProductDescriptor:glossary: 70 mini seconds publishing element
Info: WorkProductDescriptor:storyboard: 65 mini seconds publishing element
Info: WorkProductDescriptor:user_role: 80 mini seconds publishing element
Info: WorkProductDescriptor:user_story: 130 mini seconds publishing element
Info: WorkProductDescriptor:vision: 84 mini seconds publishing element
Info: WorkProductDescriptor:architecture_notebook: 74 mini seconds publishing element
Info: WorkProductDescriptor:build: 59 mini seconds publishing element
Info: WorkProductDescriptor:design: 62 mini seconds publishing element
Info: WorkProductDescriptor:developer_test: 57 mini seconds publishing element
Info: WorkProductDescriptor:implementation: 61 mini seconds publishing element
Info: WorkProductDescriptor:test_case: 67 mini seconds publishing element
Info: WorkProductDescriptor:test_log: 64 mini seconds publishing element
Info: WorkProductDescriptor:test_script: 89 mini seconds publishing element
Info: WorkProductDescriptor:glossary: 70 mini seconds publishing element
Info: WorkProductDescriptor:storyboard: 71 mini seconds publishing element
Info: WorkProductDescriptor:user_role: 72 mini seconds publishing element
Info: WorkProductDescriptor:user_story: 113 mini seconds publishing element
Info: WorkProductDescriptor:vision: 101 mini seconds publishing element
Info: WorkProductDescriptor:architecture_notebook: 80 mini seconds publishing element
Info: WorkProductDescriptor:build: 57 mini seconds publishing element
Info: WorkProductDescriptor:design: 61 mini seconds publishing element
Info: WorkProductDescriptor:developer_test: 53 mini seconds publishing element
Info: WorkProductDescriptor:implementation: 49 mini seconds publishing element
Info: WorkProductDescriptor:test_case: 71 mini seconds publishing element
Info: WorkProductDescriptor:test_log: 95 mini seconds publishing element
Info: WorkProductDescriptor:test_script: 101 mini seconds publishing element
Info: TaskDescriptor:develop_technical_vision: 139 mini seconds publishing element
Info: RoleDescriptor:project_mgr.rename: 71 mini seconds publishing element
Info: WorkProductDescriptor:iteration_plan: 85 mini seconds publishing element
Info: WorkProductDescriptor:project_plan: 101 mini seconds publishing element
Info: WorkProductDescriptor:risk_list: 84 mini seconds publishing element
Info: TaskDescriptor:plan_the_project: 191 mini seconds publishing element
Info: Activity:plan_test_cycle: 656 mini seconds publishing element
Info: WorkProductDescriptor:project_work_slot: 110 mini seconds publishing element
Info: WorkProductDescriptor:technical_specification_slot: 83 mini seconds publishing element
Info: WorkProductDescriptor:project_plan: 75 mini seconds publishing element
Info: TermDefinition:method_plugin: 19 mini seconds publishing element
Info: TermDefinition:method_element: 36 mini seconds publishing element
Info: Domain:enterprise_architecture_domain: 23 mini seconds publishing element
Info: Domain:portf_mgmt_work_products: 21 mini seconds publishing element
Info: Domain:prod_portf_mgmt_work_product: 17 mini seconds publishing element
Info: Domain:sw_capability_impr_work_products: 24 mini seconds publishing element
Info: Domain:systems_architecture_work_products: 24 mini seconds publishing element
Info: Domain:systems_requirements_work_products: 18 mini seconds publishing element
Info: RoleDescriptor:analyst: 57 mini seconds publishing element
Info: RoleDescriptor:architect: 41 mini seconds publishing element
Info: RoleDescriptor:stakeholder: 44 mini seconds publishing element
Info: WorkProductDescriptor:vision: 53 mini seconds publishing element
Info: WorkProductDescriptor:glossary: 51 mini seconds publishing element
Info: WorkProductDescriptor:storyboard: 87 mini seconds publishing element
Info: WorkProductDescriptor:work_items_list: 71 mini seconds publishing element
Info: RoleDescriptor:project_mgr.rename: 75 mini seconds publishing element
Info: RoleDescriptor:analyst: 57 mini seconds publishing element
Info: RoleDescriptor:architect: 51 mini seconds publishing element
Info: RoleDescriptor:developer: 54 mini seconds publishing element
Info: RoleDescriptor:stakeholder: 53 mini seconds publishing element
Info: RoleDescriptor:tester: 54 mini seconds publishing element
Info: WorkProductDescriptor:iteration_plan: 56 mini seconds publishing element
Info: WorkProductDescriptor:work_items_list: 59 mini seconds publishing element
Info: WorkProductDescriptor:glossary: 54 mini seconds publishing element
Info: WorkProductDescriptor:storyboard: 48 mini seconds publishing element
Info: WorkProductDescriptor:user_role: 52 mini seconds publishing element
Info: WorkProductDescriptor:user_story: 69 mini seconds publishing element
Info: WorkProductDescriptor:vision: 60 mini seconds publishing element
Info: WorkProductDescriptor:project_definition_and_scope_slot: 50 mini seconds publishing element
Info: WorkProductDescriptor:user_role: 86 mini seconds publishing element
Info: WorkProductDescriptor:user_story: 84 mini seconds publishing element
Info: WorkProductDescriptor:architecture_notebook: 78 mini seconds publishing element
Info: WorkProductDescriptor:risk_list: 78 mini seconds publishing element
Info: WorkProductDescriptor:architecture_notebook: 62 mini seconds publishing element
Info: WorkProductDescriptor:build: 49 mini seconds publishing element
Info: WorkProductDescriptor:design: 56 mini seconds publishing element
Info: WorkProductDescriptor:developer_test: 56 mini seconds publishing element
Info: WorkProductDescriptor:implementation: 48 mini seconds publishing element
Info: WorkProductDescriptor:test_case: 51 mini seconds publishing element
Info: WorkProductDescriptor:test_log: 48 mini seconds publishing element
Info: WorkProductDescriptor:test_script: 77 mini seconds publishing element
Info: : Publishing time: 2 minutes 5 seconds
