Warning: CustomCategory:se_mdsd_guidance: Empty content category element not published.
Warning: CustomCategory:se_analysts: Empty content category element not published.
Warning: CustomCategory:se_managers: Empty content category element not published.
Warning: CustomCategory:se_tool_mentors: Empty content category element not published.
Warning: CustomCategory:se_tools: Empty content category element not published.
Warning: CustomCategory:se_inception: Empty content category element not published.
Warning: CustomCategory:se_construction: Empty content category element not published.
Warning: CustomCategory:se_transition: Empty content category element not published.
Warning: SupportingMaterial:welcome: Unable to find element for guid 3.2329841703462285E-305
Warning: SupportingMaterial:welcome: Unable to find element for guid _3uTl0ASHEdq61bDkWg1SXw
Warning: SupportingMaterial:welcome: Unable to find element for guid _0_ltcDqYEdqvoMTMKvbIlA
Warning: SupportingMaterial:welcome: Unable to find element for guid 5.2110322426453943E-306
Warning: SupportingMaterial:welcome: Unable to find element for guid _vyZOwCVuEdqSZ9OimJ-AzA
Warning: SupportingMaterial:welcome: Unable to find element for guid _-kFhcCVuEdqSZ9OimJ-AzA
Warning: SupportingMaterial:welcome: Unable to find element for guid _SkuIwCVwEdqSZ9OimJ-AzA
Warning: SupportingMaterial:welcome: Unable to find element for guid _cn2akCVwEdqSZ9OimJ-AzA
Warning: SupportingMaterial:welcome: Unable to find element for guid _PEpmMCVuEdqSZ9OimJ-AzA
Warning: SupportingMaterial:welcome: Unable to find element for guid _C7UYYBDfEdq7YLm-hn4i0Q
Warning: SupportingMaterial:welcome: Unable to find element for guid _ydt60dnmEdmO6L4XMImrsA
Warning: SupportingMaterial:welcome: Unable to find element for guid _ydt62NnmEdmO6L4XMImrsA
Warning: SupportingMaterial:welcome: Unable to find element for guid _yd3ExNnmEdmO6L4XMImrsA
Warning: SupportingMaterial:welcome: Unable to find element for guid _yd3EzdnmEdmO6L4XMImrsA
Warning: SupportingMaterial:welcome: Unable to find element for guid _yd3E1NnmEdmO6L4XMImrsA
Warning: SupportingMaterial:welcome: Unable to find element for guid _yeA1xNnmEdmO6L4XMImrsA
Warning: SupportingMaterial:welcome: Unable to find element for guid _yeA1y9nmEdmO6L4XMImrsA
Warning: SupportingMaterial:welcome: Unable to find element for guid _yeKmwtnmEdmO6L4XMImrsA
Warning: SupportingMaterial:welcome: Unable to find element for guid 3.379871268737602E-305
Warning: Whitepaper:rational_unified_process_for_systems_engineering: Unable to find element for guid 1.4764011899219245E-304
Warning: Concept:se_locality: Unable to find element for guid _1om3AOM9EdmaZcY4PeqVxA
Warning: Concept:se_lifecycle_architecture: Unable to find element for guid 6.334848481235948E-305
Warning: Concept:se_lifecycle_architecture: Unable to find element for guid {32D7C484-2FAF-4442-8DA0-6D474B91A9DD}
Warning: Concept:se_lifecycle_architecture: Unable to find element for guid {F071C3D3-7054-457F-8A81-EFA6678CCDE1}
Warning: Concept:se_lifecycle_architecture: Unable to find element for guid {FE332FA8-1BAF-4BF8-A855-CB4B8A01A7AE}
Warning: Concept:se_lifecycle_architecture: Unable to find element for guid {6F49641A-ED10-47B5-9E5D-3F90A6BF3006}
Warning: Concept:se_lifecycle_architecture: Unable to find element for guid {8CDAEAD4-5E84-4F50-87FD-3240ED047DE7}
Warning: Concept:se_lifecycle_architecture: Unable to find element for guid {9DCF1723-1A21-4F48-BEDE-DBC543489682}
Warning: Concept:se_lifecycle_architecture: Unable to find element for guid {157E9B67-C619-410D-A927-F2CD217BF8FE}
Warning: Concept:se_lifecycle_architecture: Unable to find element for guid {E1E0DDA3-914F-4CC1-9D0A-ED4B8E8BBA89}
Warning: Concept:se_lifecycle_architecture: Unable to find element for guid {417F089F-6636-451A-A8AB-AB4EAC7AC4F1}
Warning: Concept:se_lifecycle_architecture: Unable to find element for guid {D77D6716-B167-4643-A4B6-6F76C7769A80}
Warning: Concept:se_lifecycle_architecture: Unable to find element for guid {97269E0F-CDF3-448D-A732-DF39D099BDDD}
Warning: Concept:se_lifecycle_architecture: Unable to find element for guid {9C66F2EC-EDEB-4369-9AFB-04B9E7CBCB8E}
Warning: Concept:se_lifecycle_architecture: Unable to find element for guid {B16C2941-791C-44E6-B353-354109B5C9DE}
Warning: Concept:se_lifecycle_architecture: Unable to find element for guid {33DE37A2-ECFE-483B-934B-629F5802F87C}
Warning: Concept:se_lifecycle_architecture: Unable to find element for guid {B5B77528-E14B-43CA-BC73-D64A90A17E2D}
Warning: Concept:se_lifecycle_architecture: Unable to find element for guid {9B13F235-E8E9-4CDC-9ACE-216124C8C5EC}
Warning: Concept:se_lifecycle_architecture: Unable to find element for guid {98EA224C-36F6-46E6-AB36-2999382B58B3}
Warning: Concept:se_lifecycle_architecture: Unable to find element for guid {84C28309-4BB7-4243-8760-1B40C537A175}
Warning: Concept:se_lifecycle_architecture: Unable to find element for guid 6.334848481235948E-305
Warning: Concept:se_lifecycle_objectives: Unable to find element for guid {417F089F-6636-451A-A8AB-AB4EAC7AC4F1}
Warning: Concept:se_lifecycle_objectives: Unable to find element for guid {9B13F235-E8E9-4CDC-9ACE-216124C8C5EC}
Warning: Concept:se_lifecycle_objectives: Unable to find element for guid {32D7C484-2FAF-4442-8DA0-6D474B91A9DD}
Warning: Concept:se_lifecycle_objectives: Unable to find element for guid {D77D6716-B167-4643-A4B6-6F76C7769A80}
Warning: Concept:se_lifecycle_objectives: Unable to find element for guid {A70C1E6E-1D5C-4E97-AF63-2D5DFB5C8555}
Warning: Concept:se_lifecycle_objectives: Unable to find element for guid {97269E0F-CDF3-448D-A732-DF39D099BDDD}
Warning: Concept:se_lifecycle_objectives: Unable to find element for guid {F071C3D3-7054-457F-8A81-EFA6678CCDE1}
Warning: Concept:se_lifecycle_objectives: Unable to find element for guid {FE332FA8-1BAF-4BF8-A855-CB4B8A01A7AE}
Warning: Concept:se_lifecycle_objectives: Unable to find element for guid {3BF8CC04-9101-47A4-9473-C8205EA588B6}
Warning: Concept:se_lifecycle_objectives: Unable to find element for guid {9C66F2EC-EDEB-4369-9AFB-04B9E7CBCB8E}
Warning: Concept:se_lifecycle_objectives: Unable to find element for guid {A99B1686-7BD7-43B3-9A7F-7DB18A10F4B2}
Warning: Concept:se_lifecycle_objectives: Unable to find element for guid {694A7BC8-3D20-4172-BC56-6C7BD4590BA5}
Warning: Concept:se_lifecycle_objectives: Unable to find element for guid 6.334848481235948E-305
Warning: Concept:se_initial_operational_capability: Unable to find element for guid {993ED293-A529-4B3F-82CB-2BF289D9E4E4}
Warning: Concept:se_initial_operational_capability: Unable to find element for guid {D77D6716-B167-4643-A4B6-6F76C7769A80}
Warning: Concept:se_initial_operational_capability: Unable to find element for guid {157E9B67-C619-410D-A927-F2CD217BF8FE}
Warning: Concept:se_initial_operational_capability: Unable to find element for guid {E1E0DDA3-914F-4CC1-9D0A-ED4B8E8BBA89}
Warning: Concept:se_initial_operational_capability: Unable to find element for guid {33DE37A2-ECFE-483B-934B-629F5802F87C}
Warning: Concept:se_initial_operational_capability: Unable to find element for guid {84C28309-4BB7-4243-8760-1B40C537A175}
Warning: Concept:se_initial_operational_capability: Unable to find element for guid {97269E0F-CDF3-448D-A732-DF39D099BDDD}
Warning: Concept:se_initial_operational_capability: Unable to find element for guid {8CDAEAD4-5E84-4F50-87FD-3240ED047DE7}
Warning: Concept:se_initial_operational_capability: Unable to find element for guid {F071C3D3-7054-457F-8A81-EFA6678CCDE1}
Warning: Concept:se_initial_operational_capability: Unable to find element for guid {FE332FA8-1BAF-4BF8-A855-CB4B8A01A7AE}
Warning: Concept:se_initial_operational_capability: Unable to find element for guid {9DCF1723-1A21-4F48-BEDE-DBC543489682}
Warning: Concept:se_initial_operational_capability: Unable to find element for guid {B16C2941-791C-44E6-B353-354109B5C9DE}
Warning: Concept:se_initial_operational_capability: Unable to find element for guid {9C66F2EC-EDEB-4369-9AFB-04B9E7CBCB8E}
Warning: Guideline:system_requirements_specification: Unable to find element for guid {9C66F2EC-EDEB-4369-9AFB-04B9E7CBCB8E}
Warning: Guideline:system_requirements_specification: Unable to find element for guid {B16C2941-791C-44E6-B353-354109B5C9DE}
Warning: Guideline:system_requirements_specification: Unable to find element for guid 5.732873433575423E-305
Warning: Guideline:system_requirements_specification: Unable to find element for guid 1.338789375307351E-305
Warning: Guideline:system_requirements_specification: Unable to find element for guid {417F089F-6636-451A-A8AB-AB4EAC7AC4F1}
Warning: SupportingMaterial:about_mdsd_plug-in: Unable to find element for guid _yeA1y9nmEdmO6L4XMImrsA
Warning: SupportingMaterial:about_mdsd_plug-in: Unable to find element for guid {823EF41B-2BD1-464B-84DB-C7BD432636E2}
Warning: SupportingMaterial:about_mdsd_plug-in: Unable to find element for guid {EF4BAC6D-0474-4A48-96B6-CAD6FD2CE561}
Warning: SupportingMaterial:about_mdsd_plug-in: Unable to find element for guid {7B3D4BD7-93D5-4240-A449-47742FBB40A7}
Warning: SupportingMaterial:about_mdsd_plug-in: Unable to find element for guid {43005DA9-D75E-464D-8AFC-AB9CACD92626}
Warning: SupportingMaterial:about_mdsd_plug-in: Unable to find element for guid {F5BB31F1-F2E7-41D2-A1D6-F4FDE0932123}
Warning: SupportingMaterial:about_mdsd_plug-in: Unable to find element for guid {8158A0C5-E4B3-4B9F-9DD6-0A32EB233B87}
Warning: SupportingMaterial:about_mdsd_plug-in: Unable to find element for guid {97269E0F-CDF3-448D-A732-DF39D099BDDD}
Warning: SupportingMaterial:about_mdsd_plug-in: Unable to find element for guid {EE97A8CD-66CA-4A9B-9871-E3B94CCED528}
Warning: SupportingMaterial:about_mdsd_plug-in: Unable to find element for guid {435E36E7-98E5-4A4C-B61A-3B29459DB7B8}
Warning: SupportingMaterial:about_mdsd_plug-in: Unable to find element for guid {76FD7B68-FC91-488D-BBF1-6FE58DBACB87}
Warning: SupportingMaterial:about_mdsd_plug-in: Unable to find element for guid {7E33D69A-6388-4782-998B-30A01E665531}
Warning: SupportingMaterial:about_mdsd_plug-in: Unable to find element for guid {D2D59931-DBA1-4624-B5E6-161DE57451D1}
Warning: SupportingMaterial:about_mdsd_plug-in: Unable to find element for guid {D6A30168-ECF2-40C0-AA8B-68462B3F193B}
Warning: SupportingMaterial:about_mdsd_plug-in: Unable to find element for guid {50A77708-4FD4-42F5-B6D1-4DC751C7EBBE}
Warning: SupportingMaterial:about_mdsd_plug-in: Unable to find element for guid {DBD235AB-EEEF-4C9E-A83E-5B87DAD70E33}
Warning: SupportingMaterial:about_mdsd_plug-in: Unable to find element for guid {F40E3BFA-9909-4D3D-8AEB-E08E3C0DC8F0}
Warning: SupportingMaterial:about_mdsd_plug-in: Unable to find element for guid {A7E3EAB8-8E5A-408C-B1EF-3CD3D3B0DEDD}
Warning: SupportingMaterial:about_mdsd_plug-in: Unable to find element for guid {972CBA81-A21B-4384-B482-3DA7D0859613}
Warning: SupportingMaterial:about_mdsd_plug-in: Unable to find element for guid {E497E75A-2E69-474E-A814-42BBD8081D1F}
Warning: SupportingMaterial:about_mdsd_plug-in: Unable to find element for guid {8040B743-6467-4067-8C0F-E62C3DE99414}
Warning: SupportingMaterial:about_mdsd_plug-in: Unable to find element for guid {50EDC6A8-97B0-46C1-9B1C-7630DE286841}
Warning: SupportingMaterial:about_mdsd_plug-in: Unable to find element for guid {99181197-20DC-42DB-B9C4-7B95E015AFA1}
Warning: SupportingMaterial:about_mdsd_plug-in: Unable to find element for guid {F479892D-8ACC-46BD-82C4-24BBF11E2502}
Warning: SupportingMaterial:about_mdsd_plug-in: Unable to find element for guid {E611CCFD-E4C5-408E-9B0E-46B2A3D01290}
Warning: SupportingMaterial:about_mdsd_plug-in: Unable to find element for guid {2C93B7F5-3AAF-42BA-8E56-EB436BBC0410}
Warning: SupportingMaterial:about_mdsd_plug-in: Unable to find element for guid {0DBA2A7C-B5FA-45D8-8FE3-EAD097A2C023}
Warning: SupportingMaterial:about_mdsd_plug-in: Unable to find element for guid {9BA5BD55-B134-4623-BAE1-542121869849}
Warning: SupportingMaterial:about_mdsd_plug-in: Unable to find element for guid _ydt60dnmEdmO6L4XMImrsA
Warning: SupportingMaterial:about_mdsd_plug-in: Unable to find element for guid {B1526BC5-E346-42CB-A08A-3C0D7F382407}
Warning: SupportingMaterial:about_mdsd_plug-in: Unable to find element for guid {417F089F-6636-451A-A8AB-AB4EAC7AC4F1}
Warning: SupportingMaterial:about_mdsd_plug-in: Unable to find element for guid {B16C2941-791C-44E6-B353-354109B5C9DE}
Warning: SupportingMaterial:about_mdsd_plug-in: Unable to find element for guid {9C66F2EC-EDEB-4369-9AFB-04B9E7CBCB8E}
Warning: SupportingMaterial:about_mdsd_plug-in: Unable to find element for guid {F1F206DF-3AA0-4AC0-92EF-8E4A01B6C5B5}
Warning: SupportingMaterial:about_mdsd_plug-in: Unable to find element for guid {7264A534-7509-4B4B-AF73-CAECC0178898}
Warning: SupportingMaterial:about_mdsd_plug-in: Unable to find element for guid {7069CFB7-77C3-4B44-B8A2-9CCA752BDDDA}
Warning: SupportingMaterial:about_mdsd_plug-in: Unable to find element for guid {536BC669-A8FB-426D-88FF-CBEA806A9066}
Warning: SupportingMaterial:about_mdsd_plug-in: Unable to find element for guid {3CD5FA7E-160C-4A39-9DEB-C6D162D8AECD}
Warning: SupportingMaterial:about_mdsd_plug-in: Unable to find element for guid {7069CFB7-77C3-4B44-B8A2-9CCA752BDDDA}
Warning: SupportingMaterial:about_mdsd_plug-in: Unable to find element for guid _1om3AOM9EdmaZcY4PeqVxA
Warning: SupportingMaterial:about_mdsd_plug-in: Unable to find element for guid _qmDvkOM9EdmaZcY4PeqVxA
Warning: SupportingMaterial:about_mdsd_plug-in: Unable to find element for guid _khKN4OM9EdmaZcY4PeqVxA
Warning: SupportingMaterial:about_mdsd_plug-in: Unable to find element for guid _6SxgEOM9EdmaZcY4PeqVxA
Warning: SupportingMaterial:about_mdsd_plug-in: Unable to find element for guid _vt06oOM9EdmaZcY4PeqVxA
Warning: SupportingMaterial:about_mdsd_plug-in: Unable to find element for guid _wfrDwOM8EdmaZcY4PeqVxA
Warning: SupportingMaterial:about_mdsd_plug-in: Unable to find element for guid {417F089F-6636-451A-A8AB-AB4EAC7AC4F1}
Warning: SupportingMaterial:about_mdsd_plug-in: Unable to find element for guid {9B13F235-E8E9-4CDC-9ACE-216124C8C5EC}
Warning: SupportingMaterial:about_mdsd_plug-in: Unable to find element for guid {32D7C484-2FAF-4442-8DA0-6D474B91A9DD}
Warning: SupportingMaterial:about_mdsd_plug-in: Unable to find element for guid {76FD7B68-FC91-488D-BBF1-6FE58DBACB87}
Warning: SupportingMaterial:about_mdsd_plug-in: Unable to find element for guid {7E33D69A-6388-4782-998B-30A01E665531}
Warning: SupportingMaterial:about_mdsd_plug-in: Unable to find element for guid {BADBA2C5-144D-482B-9B63-C95DA4DBD3E5}
Warning: SupportingMaterial:about_mdsd_plug-in: Unable to find element for guid {823EF41B-2BD1-464B-84DB-C7BD432636E2}
Warning: SupportingMaterial:about_mdsd_plug-in: Unable to find element for guid {EF4BAC6D-0474-4A48-96B6-CAD6FD2CE561}
Warning: SupportingMaterial:about_mdsd_plug-in: Unable to find element for guid {7B3D4BD7-93D5-4240-A449-47742FBB40A7}
Warning: SupportingMaterial:about_mdsd_plug-in: Unable to find element for guid {43005DA9-D75E-464D-8AFC-AB9CACD92626}
Warning: SupportingMaterial:about_mdsd_plug-in: Unable to find element for guid {F5BB31F1-F2E7-41D2-A1D6-F4FDE0932123}
Warning: SupportingMaterial:about_mdsd_plug-in: Unable to find element for guid {8158A0C5-E4B3-4B9F-9DD6-0A32EB233B87}
Warning: SupportingMaterial:about_mdsd_plug-in: Unable to find element for guid {8040B743-6467-4067-8C0F-E62C3DE99414}
Warning: SupportingMaterial:about_mdsd_plug-in: Unable to find element for guid {50EDC6A8-97B0-46C1-9B1C-7630DE286841}
Warning: SupportingMaterial:about_mdsd_plug-in: Unable to find element for guid {97269E0F-CDF3-448D-A732-DF39D099BDDD}
Warning: SupportingMaterial:about_mdsd_plug-in: Unable to find element for guid {D2D59931-DBA1-4624-B5E6-161DE57451D1}
Warning: SupportingMaterial:about_mdsd_plug-in: Unable to find element for guid {D6A30168-ECF2-40C0-AA8B-68462B3F193B}
Warning: SupportingMaterial:about_mdsd_plug-in: Unable to find element for guid {50A77708-4FD4-42F5-B6D1-4DC751C7EBBE}
Warning: SupportingMaterial:about_mdsd_plug-in: Unable to find element for guid {DBD235AB-EEEF-4C9E-A83E-5B87DAD70E33}
Warning: SupportingMaterial:about_mdsd_plug-in: Unable to find element for guid {F40E3BFA-9909-4D3D-8AEB-E08E3C0DC8F0}
Warning: SupportingMaterial:about_mdsd_plug-in: Unable to find element for guid {A7E3EAB8-8E5A-408C-B1EF-3CD3D3B0DEDD}
Warning: SupportingMaterial:about_mdsd_plug-in: Unable to find element for guid {972CBA81-A21B-4384-B482-3DA7D0859613}
Warning: SupportingMaterial:about_mdsd_plug-in: Unable to find element for guid {E497E75A-2E69-474E-A814-42BBD8081D1F}
Warning: SupportingMaterial:about_mdsd_plug-in: Unable to find element for guid {99181197-20DC-42DB-B9C4-7B95E015AFA1}
Warning: SupportingMaterial:about_mdsd_plug-in: Unable to find element for guid {F479892D-8ACC-46BD-82C4-24BBF11E2502}
Warning: SupportingMaterial:about_mdsd_plug-in: Unable to find element for guid {E611CCFD-E4C5-408E-9B0E-46B2A3D01290}
Warning: SupportingMaterial:about_mdsd_plug-in: Unable to find element for guid {2C93B7F5-3AAF-42BA-8E56-EB436BBC0410}
Warning: SupportingMaterial:about_mdsd_plug-in: Unable to find element for guid {0DBA2A7C-B5FA-45D8-8FE3-EAD097A2C023}
Warning: SupportingMaterial:about_mdsd_plug-in: Unable to find element for guid {9BA5BD55-B134-4623-BAE1-542121869849}
Warning: SupportingMaterial:about_mdsd_plug-in: Unable to find element for guid {EE97A8CD-66CA-4A9B-9871-E3B94CCED528}
Warning: SupportingMaterial:about_mdsd_plug-in: Unable to find element for guid {435E36E7-98E5-4A4C-B61A-3B29459DB7B8}
Warning: SupportingMaterial:about_mdsd_plug-in: Unable to find element for guid {F1F206DF-3AA0-4AC0-92EF-8E4A01B6C5B5}
Warning: SupportingMaterial:about_mdsd_plug-in: Unable to find element for guid {7264A534-7509-4B4B-AF73-CAECC0178898}
Warning: SupportingMaterial:about_mdsd_plug-in: Unable to find element for guid {554ECC71-6D6C-4ABD-B7CE-357973C63B9F}
Warning: SupportingMaterial:about_mdsd_plug-in: Unable to find element for guid {F9E2B414-29F4-48F9-B263-35570D64314B}
Warning: SupportingMaterial:about_mdsd_plug-in: Unable to find element for guid {3CD5FA7E-160C-4A39-9DEB-C6D162D8AECD}
Warning: SupportingMaterial:about_mdsd_plug-in: Unable to find element for guid {B1526BC5-E346-42CB-A08A-3C0D7F382407}
Warning: SupportingMaterial:about_mdsd_plug-in: Unable to find element for guid {B16C2941-791C-44E6-B353-354109B5C9DE}
Warning: SupportingMaterial:about_mdsd_plug-in: Unable to find element for guid {9C66F2EC-EDEB-4369-9AFB-04B9E7CBCB8E}
Warning: SupportingMaterial:about_mdsd_plug-in: Unable to find element for guid {F1F206DF-3AA0-4AC0-92EF-8E4A01B6C5B5}
Warning: SupportingMaterial:about_mdsd_plug-in: Unable to find element for guid {7069CFB7-77C3-4B44-B8A2-9CCA752BDDDA}
Warning: SupportingMaterial:about_mdsd_plug-in: Unable to find element for guid {417F089F-6636-451A-A8AB-AB4EAC7AC4F1}
Warning: SupportingMaterial:about_mdsd_plug-in: Unable to find element for guid {7069CFB7-77C3-4B44-B8A2-9CCA752BDDDA}
Warning: SupportingMaterial:about_mdsd_plug-in: Unable to find element for guid {7264A534-7509-4B4B-AF73-CAECC0178898}
Warning: SupportingMaterial:about_mdsd_plug-in: Unable to find element for guid {536BC669-A8FB-426D-88FF-CBEA806A9066}
Warning: Task:prioritize_system_use_cases: Unable to find element for guid 4.586310330958445E-305
Warning: Task:prioritize_system_use_cases: Unable to find element for guid 4.586310330958445E-305
Warning: Task:prioritize_system_use_cases: Unable to find element for guid 4.586310330958445E-305
Warning: Task:detail_system_requirements: Unable to find element for guid 3.6983852748116677E-306
Warning: Task:detail_system_requirements: Unable to find element for guid {D0E2E7A1-4179-470E-AA18-419D5FEA275D}
Warning: Task:detail_system_requirements: Unable to find element for guid 1.4005695544042474E-306
Warning: Task:detail_system_requirements: Unable to find element for guid 8.93441552545224E-307
Warning: Task:detail_system_requirements: Unable to find element for guid 5.732873433575423E-305
Warning: Task:detail_system_requirements: Unable to find element for guid 1.338789375307351E-305
Warning: Task:detail_system_requirements: Unable to find element for guid 5.732873433575423E-305
Warning: Task:detail_system_requirements: Unable to find element for guid 1.338789375307351E-305
Warning: Task:se_define_system_context: Unable to find element for guid {9C66F2EC-EDEB-4369-9AFB-04B9E7CBCB8E}
Warning: Task:se_define_system_context: Unable to find element for guid {B16C2941-791C-44E6-B353-354109B5C9DE}
Warning: Task:se_define_system_context: Unable to find element for guid {3CD5FA7E-160C-4A39-9DEB-C6D162D8AECD}
Warning: Task:se_define_system_context: Unable to find element for guid {536BC669-A8FB-426D-88FF-CBEA806A9066}
Warning: Task:architectural_analysis: Unable to find element for guid _x613Q9nmEdmO6L4XMImrsA
Warning: Task:architectural_analysis: Unable to find element for guid _khKN4OM9EdmaZcY4PeqVxA
Warning: Task:architectural_analysis: Unable to find element for guid 3.5787175388799096E-305
Warning: Task:se_operation_analysis: Unable to find element for guid _Ub-SUN90EdmvvvV6NEU6eA
Warning: Artifact:rup_subsystem_vision: Unable to find element for guid {29BC529A-4416-45C0-9633-B05F1A9EF2CB}
Warning: Artifact:rup_subsystem_supplementary_specification: Unable to find element for guid {F1F206DF-3AA0-4AC0-92EF-8E4A01B6C5B5}
Warning: Artifact:rup_subsystem_supplementary_specification: Unable to find element for guid {DB21F5EF-810B-4994-B120-79FA8774FA9D}
Warning: Artifact:rup_subsystem_supplementary_specification: Unable to find element for guid {75501BAA-0CCE-4852-A7B2-B10CA71C002A}
Warning: Artifact:rup_subsystem_supplementary_specification: Unable to find element for guid {EE97A8CD-66CA-4A9B-9871-E3B94CCED528}
Warning: Artifact:rup_subsystem_supplementary_specification: Unable to find element for guid {84F723B5-288F-4AC4-B6C1-C75A07BFEEED}
Warning: Artifact:rup_subsystem_supplementary_specification: Unable to find element for guid {FB197165-FFE2-4683-9EF3-B3D5E9501492}
Warning: Artifact:rup_subsystem_supplementary_specification: Unable to find element for guid {D0E2E7A1-4179-470E-AA18-419D5FEA275D}
Warning: Artifact:rup_system_dev_plan: Unable to find element for guid {F071C3D3-7054-457F-8A81-EFA6678CCDE1}
Warning: Artifact:rup_system_requirements_specification: Unable to find element for guid {9C66F2EC-EDEB-4369-9AFB-04B9E7CBCB8E}
Warning: Artifact:rup_system_requirements_specification: Unable to find element for guid {B16C2941-791C-44E6-B353-354109B5C9DE}
Warning: Artifact:rup_system_deployment_model: Unable to find element for guid {5981B6BE-2FD1-4984-AA94-2F7428439BA6}
Warning: Artifact:rup_subsystem_usecase_model: Unable to find element for guid _6SxgEOM9EdmaZcY4PeqVxA
Warning: Artifact:rup_subsystem_usecase_model: Unable to find element for guid {E5501201-7EE6-4243-AE91-73880FF76FC1}
Warning: Activity:plan_for_next_iteration: Unable to find element for guid {6E82748E-E207-4D75-B38A-EDB9A53CDBAD}
Warning: Activity:plan_for_next_iteration: Unable to find element for guid _yYy-k9nmEdmO6L4XMImrsA
Warning: Activity:plan_for_next_iteration: Unable to find element for guid {4AC346F0-E6FC-4D2C-8410-2EDF8DDDC91D}
Warning: Milestone:Lifecycle Objectives Milestone: Unable to find element for guid _piIfsCVwEdqSZ9OimJ-AzA
Warning: Activity:prepare_environment_for_an_iteration: Unable to find element for guid {250BC41A-650E-4E26-A26C-54F74C71552D}
Warning: Activity:plan_the_project: Unable to find element for guid {7B3D4BD7-93D5-4240-A449-47742FBB40A7}
Warning: Activity:plan_the_project: Unable to find element for guid {F071C3D3-7054-457F-8A81-EFA6678CCDE1}
Warning: Activity:plan_the_project: Unable to find element for guid _Dt0jMBsuEdqXHNTdjKtnvA
Warning: Activity:plan_the_project: Unable to find element for guid 7.755968586980351E-308
Warning: Activity:plan_the_project: Unable to find element for guid {43005DA9-D75E-464D-8AFC-AB9CACD92626}
Warning: Activity:plan_the_project: Unable to find element for guid {EF4BAC6D-0474-4A48-96B6-CAD6FD2CE561}
Warning: Activity:refine_the_system_definition: Unable to find element for guid {417F089F-6636-451A-A8AB-AB4EAC7AC4F1}
Warning: Activity:refine_the_system_definition: Unable to find element for guid {B1526BC5-E346-42CB-A08A-3C0D7F382407}
Warning: Activity:refine_the_system_definition: Unable to find element for guid {536BC669-A8FB-426D-88FF-CBEA806A9066}
Warning: Activity:refine_the_system_definition: Unable to find element for guid {B16C2941-791C-44E6-B353-354109B5C9DE}
Warning: Activity:refine_the_system_definition: Unable to find element for guid _I5vM8DJwEdqLGaxX1Cc4eA
Warning: Activity:refine_the_system_definition: Unable to find element for guid {BE8165DC-BAF2-4237-B27D-F2A037023364}
Warning: Activity:refine_the_system_definition: Unable to find element for guid {A1FA1E95-8028-42EB-9B92-0DA77380F3E1}
Warning: Activity:refine_the_system_definition: Unable to find element for guid {28B39D62-9D73-4254-9CB8-26CFA737D45E}
Warning: Activity:refine_the_system_definition: Unable to find element for guid {7264A534-7509-4B4B-AF73-CAECC0178898}
Warning: Activity:refine_the_system_definition: Unable to find element for guid {3CD5FA7E-160C-4A39-9DEB-C6D162D8AECD}
Warning: Activity:refine_the_system_definition: Unable to find element for guid _I5vM8DJwEdqLGaxX1Cc4eA
Warning: Activity:define_a_candidate_architecture: Unable to find element for guid {8CB48402-D4C5-4E17-BB33-507315CB1BBF}
Warning: Activity:define_a_candidate_architecture: Unable to find element for guid {28014615-A62F-452D-B821-30C7CAB0EC44}
Warning: Activity:define_a_candidate_architecture: Unable to find element for guid {8CB48402-D4C5-4E17-BB33-507315CB1BBF}
Warning: Activity:define_a_candidate_architecture: Unable to find element for guid {28014615-A62F-452D-B821-30C7CAB0EC44}
Warning: Activity:refine_the_architecture: Unable to find element for guid {C7A26BD7-3820-48D9-830F-684C3AF155F9}
Warning: Activity:refine_the_architecture: Unable to find element for guid {97D7343A-6993-4AB7-8F86-4DAC8C9075C8}
Warning: Activity:refine_the_architecture: Unable to find element for guid {5C647173-4E32-4594-96A9-2548B47722FA}
Warning: Activity:refine_the_architecture: Unable to find element for guid {4D35C038-A2D0-48B8-9ECD-52717FEAE33A}
Warning: Activity:refine_the_architecture: Unable to find element for guid {6A112808-0A90-427A-BAB9-E14F3FBF72B5}
Warning: Activity:analyze_behavior: Unable to find element for guid {28014615-A62F-452D-B821-30C7CAB0EC44}
Warning: Activity:analyze_behavior: Unable to find element for guid 4.6416720607434916E-306
Warning: Activity:analyze_behavior: Unable to find element for guid {7414C358-6188-4E5C-8C35-F9D4DF3E0123}
Warning: Activity:analyze_behavior: Unable to find element for guid {76F14467-3F63-4B22-B672-6EA69D0E6C46}
Warning: Activity:analyze_behavior: Unable to find element for guid 8.377275022793495E-305
Warning: Activity:analyze_behavior: Unable to find element for guid {97D7343A-6993-4AB7-8F86-4DAC8C9075C8}
Warning: Activity:design_components: Unable to find element for guid {F13C1161-7F17-45E3-A8B7-03944A1FA6E4}
Warning: Activity:design_components: Unable to find element for guid {27AE0601-2E95-4A6A-8EB3-0A4BA8E5626B}
Warning: Activity:design_components: Unable to find element for guid {CAA385CA-2BA2-40F2-8FE3-E21089D02119}
Warning: Activity:design_the_database: Unable to find element for guid _-kFhcCVuEdqSZ9OimJ-AzA
Warning: Activity:design_the_database: Unable to find element for guid {27AE0601-2E95-4A6A-8EB3-0A4BA8E5626B}
Warning: Activity:verify_test_approach: Unable to find element for guid {84F723B5-288F-4AC4-B6C1-C75A07BFEEED}
Warning: Activity:verify_test_approach: Unable to find element for guid {A719CEAE-35FB-42F6-A076-F501B83E5B85}
Warning: Activity:validate_build_stability: Unable to find element for guid {A719CEAE-35FB-42F6-A076-F501B83E5B85}
Warning: Activity:validate_build_stability: Unable to find element for guid {8728060F-9DAD-42AD-B0B6-668C9AEA531D}
Warning: Activity:validate_build_stability: Unable to find element for guid {CD77CBDA-CC13-4593-BB81-41AF3FF7A84C}
Warning: Activity:validate_build_stability: Unable to find element for guid {93B7D625-C83A-4EFB-9772-B88F2EB02CE2}
Warning: Activity:test_and_evaluate: Unable to find element for guid {A719CEAE-35FB-42F6-A076-F501B83E5B85}
Warning: Activity:test_and_evaluate: Unable to find element for guid {8728060F-9DAD-42AD-B0B6-668C9AEA531D}
Warning: Activity:test_and_evaluate: Unable to find element for guid {5DA9C9E9-1538-4433-8B57-B28667D67514}
Warning: Activity:achieve_acceptable_mission: Unable to find element for guid {E0633E7D-9A93-40BA-9B8D-E27AD2C5D401}
Warning: Activity:achieve_acceptable_mission: Unable to find element for guid {8728060F-9DAD-42AD-B0B6-668C9AEA531D}
Warning: Activity:achieve_acceptable_mission: Unable to find element for guid {A719CEAE-35FB-42F6-A076-F501B83E5B85}
Warning: Activity:achieve_acceptable_mission: Unable to find element for guid {93B7D625-C83A-4EFB-9772-B88F2EB02CE2}
Warning: Activity:improve_test_assets: Unable to find element for guid {84F723B5-288F-4AC4-B6C1-C75A07BFEEED}
Warning: Activity:improve_test_assets: Unable to find element for guid {A719CEAE-35FB-42F6-A076-F501B83E5B85}
Warning: Activity:improve_test_assets: Unable to find element for guid {0AE0042B-034C-4296-9FA0-D9DCC61FC7B4}
Warning: Activity:test_and_evaluate: Unable to find element for guid {A719CEAE-35FB-42F6-A076-F501B83E5B85}
Warning: Activity:test_and_evaluate: Unable to find element for guid {8728060F-9DAD-42AD-B0B6-668C9AEA531D}
Warning: Activity:test_and_evaluate: Unable to find element for guid {5DA9C9E9-1538-4433-8B57-B28667D67514}
Warning: Activity:plan_for_next_iteration: Unable to find element for guid {6E82748E-E207-4D75-B38A-EDB9A53CDBAD}
Warning: Activity:plan_for_next_iteration: Unable to find element for guid _yYy-k9nmEdmO6L4XMImrsA
Warning: Activity:plan_for_next_iteration: Unable to find element for guid {4AC346F0-E6FC-4D2C-8410-2EDF8DDDC91D}
Warning: Milestone:Lifecycle Architecture Milestone: Unable to find element for guid _7z-fYCVwEdqSZ9OimJ-AzA
Warning: Activity:plan_the_project: Unable to find element for guid {7B3D4BD7-93D5-4240-A449-47742FBB40A7}
Warning: Activity:plan_the_project: Unable to find element for guid {F071C3D3-7054-457F-8A81-EFA6678CCDE1}
Warning: Activity:plan_the_project: Unable to find element for guid _Dt0jMBsuEdqXHNTdjKtnvA
Warning: Activity:plan_the_project: Unable to find element for guid 7.755968586980351E-308
Warning: Activity:plan_the_project: Unable to find element for guid {43005DA9-D75E-464D-8AFC-AB9CACD92626}
Warning: Activity:plan_the_project: Unable to find element for guid {EF4BAC6D-0474-4A48-96B6-CAD6FD2CE561}
Warning: Activity:refine_the_system_definition: Unable to find element for guid {417F089F-6636-451A-A8AB-AB4EAC7AC4F1}
Warning: Activity:refine_the_system_definition: Unable to find element for guid {B1526BC5-E346-42CB-A08A-3C0D7F382407}
Warning: Activity:refine_the_system_definition: Unable to find element for guid {536BC669-A8FB-426D-88FF-CBEA806A9066}
Warning: Activity:refine_the_system_definition: Unable to find element for guid {B16C2941-791C-44E6-B353-354109B5C9DE}
Warning: Activity:refine_the_system_definition: Unable to find element for guid _I5vM8DJwEdqLGaxX1Cc4eA
Warning: Activity:refine_the_system_definition: Unable to find element for guid {BE8165DC-BAF2-4237-B27D-F2A037023364}
Warning: Activity:refine_the_system_definition: Unable to find element for guid {A1FA1E95-8028-42EB-9B92-0DA77380F3E1}
Warning: Activity:refine_the_system_definition: Unable to find element for guid {28B39D62-9D73-4254-9CB8-26CFA737D45E}
Warning: Activity:refine_the_system_definition: Unable to find element for guid {7264A534-7509-4B4B-AF73-CAECC0178898}
Warning: Activity:refine_the_system_definition: Unable to find element for guid {3CD5FA7E-160C-4A39-9DEB-C6D162D8AECD}
Warning: Activity:refine_the_system_definition: Unable to find element for guid _I5vM8DJwEdqLGaxX1Cc4eA
Warning: Activity:refine_the_architecture: Unable to find element for guid {C7A26BD7-3820-48D9-830F-684C3AF155F9}
Warning: Activity:refine_the_architecture: Unable to find element for guid {97D7343A-6993-4AB7-8F86-4DAC8C9075C8}
Warning: Activity:refine_the_architecture: Unable to find element for guid {5C647173-4E32-4594-96A9-2548B47722FA}
Warning: Activity:refine_the_architecture: Unable to find element for guid {4D35C038-A2D0-48B8-9ECD-52717FEAE33A}
Warning: Activity:refine_the_architecture: Unable to find element for guid {6A112808-0A90-427A-BAB9-E14F3FBF72B5}
Warning: Activity:analyze_behavior: Unable to find element for guid {28014615-A62F-452D-B821-30C7CAB0EC44}
Warning: Activity:analyze_behavior: Unable to find element for guid 4.6416720607434916E-306
Warning: Activity:analyze_behavior: Unable to find element for guid {7414C358-6188-4E5C-8C35-F9D4DF3E0123}
Warning: Activity:analyze_behavior: Unable to find element for guid {76F14467-3F63-4B22-B672-6EA69D0E6C46}
Warning: Activity:analyze_behavior: Unable to find element for guid 8.377275022793495E-305
Warning: Activity:analyze_behavior: Unable to find element for guid {97D7343A-6993-4AB7-8F86-4DAC8C9075C8}
Warning: Activity:design_components: Unable to find element for guid {F13C1161-7F17-45E3-A8B7-03944A1FA6E4}
Warning: Activity:design_components: Unable to find element for guid {27AE0601-2E95-4A6A-8EB3-0A4BA8E5626B}
Warning: Activity:design_components: Unable to find element for guid {CAA385CA-2BA2-40F2-8FE3-E21089D02119}
Warning: Activity:design_the_database: Unable to find element for guid _-kFhcCVuEdqSZ9OimJ-AzA
Warning: Activity:design_the_database: Unable to find element for guid {27AE0601-2E95-4A6A-8EB3-0A4BA8E5626B}
Warning: Activity:verify_test_approach: Unable to find element for guid {84F723B5-288F-4AC4-B6C1-C75A07BFEEED}
Warning: Activity:verify_test_approach: Unable to find element for guid {A719CEAE-35FB-42F6-A076-F501B83E5B85}
Warning: Activity:validate_build_stability: Unable to find element for guid {A719CEAE-35FB-42F6-A076-F501B83E5B85}
Warning: Activity:validate_build_stability: Unable to find element for guid {8728060F-9DAD-42AD-B0B6-668C9AEA531D}
Warning: Activity:validate_build_stability: Unable to find element for guid {CD77CBDA-CC13-4593-BB81-41AF3FF7A84C}
Warning: Activity:validate_build_stability: Unable to find element for guid {93B7D625-C83A-4EFB-9772-B88F2EB02CE2}
Warning: Activity:test_and_evaluate: Unable to find element for guid {A719CEAE-35FB-42F6-A076-F501B83E5B85}
Warning: Activity:test_and_evaluate: Unable to find element for guid {8728060F-9DAD-42AD-B0B6-668C9AEA531D}
Warning: Activity:test_and_evaluate: Unable to find element for guid {5DA9C9E9-1538-4433-8B57-B28667D67514}
Warning: Activity:achieve_acceptable_mission: Unable to find element for guid {E0633E7D-9A93-40BA-9B8D-E27AD2C5D401}
Warning: Activity:achieve_acceptable_mission: Unable to find element for guid {8728060F-9DAD-42AD-B0B6-668C9AEA531D}
Warning: Activity:achieve_acceptable_mission: Unable to find element for guid {A719CEAE-35FB-42F6-A076-F501B83E5B85}
Warning: Activity:achieve_acceptable_mission: Unable to find element for guid {93B7D625-C83A-4EFB-9772-B88F2EB02CE2}
Warning: Activity:improve_test_assets: Unable to find element for guid {84F723B5-288F-4AC4-B6C1-C75A07BFEEED}
Warning: Activity:improve_test_assets: Unable to find element for guid {A719CEAE-35FB-42F6-A076-F501B83E5B85}
Warning: Activity:improve_test_assets: Unable to find element for guid {0AE0042B-034C-4296-9FA0-D9DCC61FC7B4}
Warning: Activity:test_and_evaluate: Unable to find element for guid {A719CEAE-35FB-42F6-A076-F501B83E5B85}
Warning: Activity:test_and_evaluate: Unable to find element for guid {8728060F-9DAD-42AD-B0B6-668C9AEA531D}
Warning: Activity:test_and_evaluate: Unable to find element for guid {5DA9C9E9-1538-4433-8B57-B28667D67514}
Warning: Activity:plan_for_next_iteration: Unable to find element for guid {6E82748E-E207-4D75-B38A-EDB9A53CDBAD}
Warning: Activity:plan_for_next_iteration: Unable to find element for guid _yYy-k9nmEdmO6L4XMImrsA
Warning: Activity:plan_for_next_iteration: Unable to find element for guid {4AC346F0-E6FC-4D2C-8410-2EDF8DDDC91D}
Warning: Milestone:Initial Operational Capability Milestone: Unable to find element for guid _DEwlYCVxEdqSZ9OimJ-AzA
Warning: Activity:plan_the_project: Unable to find element for guid {7B3D4BD7-93D5-4240-A449-47742FBB40A7}
Warning: Activity:plan_the_project: Unable to find element for guid {F071C3D3-7054-457F-8A81-EFA6678CCDE1}
Warning: Activity:plan_the_project: Unable to find element for guid _Dt0jMBsuEdqXHNTdjKtnvA
Warning: Activity:plan_the_project: Unable to find element for guid 7.755968586980351E-308
Warning: Activity:plan_the_project: Unable to find element for guid {43005DA9-D75E-464D-8AFC-AB9CACD92626}
Warning: Activity:plan_the_project: Unable to find element for guid {EF4BAC6D-0474-4A48-96B6-CAD6FD2CE561}
Warning: Activity:verify_test_approach: Unable to find element for guid {84F723B5-288F-4AC4-B6C1-C75A07BFEEED}
Warning: Activity:verify_test_approach: Unable to find element for guid {A719CEAE-35FB-42F6-A076-F501B83E5B85}
Warning: Activity:validate_build_stability: Unable to find element for guid {A719CEAE-35FB-42F6-A076-F501B83E5B85}
Warning: Activity:validate_build_stability: Unable to find element for guid {8728060F-9DAD-42AD-B0B6-668C9AEA531D}
Warning: Activity:validate_build_stability: Unable to find element for guid {CD77CBDA-CC13-4593-BB81-41AF3FF7A84C}
Warning: Activity:validate_build_stability: Unable to find element for guid {93B7D625-C83A-4EFB-9772-B88F2EB02CE2}
Warning: Activity:test_and_evaluate: Unable to find element for guid {A719CEAE-35FB-42F6-A076-F501B83E5B85}
Warning: Activity:test_and_evaluate: Unable to find element for guid {8728060F-9DAD-42AD-B0B6-668C9AEA531D}
Warning: Activity:test_and_evaluate: Unable to find element for guid {5DA9C9E9-1538-4433-8B57-B28667D67514}
Warning: Activity:achieve_acceptable_mission: Unable to find element for guid {E0633E7D-9A93-40BA-9B8D-E27AD2C5D401}
Warning: Activity:achieve_acceptable_mission: Unable to find element for guid {8728060F-9DAD-42AD-B0B6-668C9AEA531D}
Warning: Activity:achieve_acceptable_mission: Unable to find element for guid {A719CEAE-35FB-42F6-A076-F501B83E5B85}
Warning: Activity:achieve_acceptable_mission: Unable to find element for guid {93B7D625-C83A-4EFB-9772-B88F2EB02CE2}
Warning: Activity:improve_test_assets: Unable to find element for guid {84F723B5-288F-4AC4-B6C1-C75A07BFEEED}
Warning: Activity:improve_test_assets: Unable to find element for guid {A719CEAE-35FB-42F6-A076-F501B83E5B85}
Warning: Activity:improve_test_assets: Unable to find element for guid {0AE0042B-034C-4296-9FA0-D9DCC61FC7B4}
Warning: Milestone:Product Release Milestone: Unable to find element for guid _Pwn0ACVxEdqSZ9OimJ-AzA
Warning: TaskDescriptor:se_define_system_context: Unable to find element for guid {9C66F2EC-EDEB-4369-9AFB-04B9E7CBCB8E}
Warning: TaskDescriptor:se_define_system_context: Unable to find element for guid {B16C2941-791C-44E6-B353-354109B5C9DE}
Warning: TaskDescriptor:se_define_system_context: Unable to find element for guid {3CD5FA7E-160C-4A39-9DEB-C6D162D8AECD}
Warning: TaskDescriptor:se_define_system_context: Unable to find element for guid {536BC669-A8FB-426D-88FF-CBEA806A9066}
Warning: TaskDescriptor:find_actors_and_use_cases: Unable to find element for guid _6SxgEOM9EdmaZcY4PeqVxA
Warning: TaskDescriptor:find_actors_and_use_cases: Unable to find element for guid {9C66F2EC-EDEB-4369-9AFB-04B9E7CBCB8E}
Warning: TaskDescriptor:find_actors_and_use_cases: Unable to find element for guid 4.1983217662266927E-305
Warning: TaskDescriptor:find_actors_and_use_cases: Unable to find element for guid {536BC669-A8FB-426D-88FF-CBEA806A9066}
Warning: TaskDescriptor:find_actors_and_use_cases: Unable to find element for guid {B16C2941-791C-44E6-B353-354109B5C9DE}
Warning: TaskDescriptor:prioritize_system_use_cases: Unable to find element for guid 4.586310330958445E-305
Warning: TaskDescriptor:prioritize_system_use_cases: Unable to find element for guid 4.586310330958445E-305
Warning: TaskDescriptor:prioritize_system_use_cases: Unable to find element for guid 4.586310330958445E-305
Warning: TaskDescriptor:detail_system_requirements: Unable to find element for guid 3.6983852748116677E-306
Warning: TaskDescriptor:detail_system_requirements: Unable to find element for guid {D0E2E7A1-4179-470E-AA18-419D5FEA275D}
Warning: TaskDescriptor:detail_system_requirements: Unable to find element for guid 1.4005695544042474E-306
Warning: TaskDescriptor:detail_system_requirements: Unable to find element for guid 8.93441552545224E-307
Warning: TaskDescriptor:detail_system_requirements: Unable to find element for guid 5.732873433575423E-305
Warning: TaskDescriptor:detail_system_requirements: Unable to find element for guid 1.338789375307351E-305
Warning: TaskDescriptor:detail_system_requirements: Unable to find element for guid 5.732873433575423E-305
Warning: TaskDescriptor:detail_system_requirements: Unable to find element for guid 1.338789375307351E-305
Warning: TaskDescriptor:detail_a_use_case: Unable to find element for guid 4.1983217662266927E-305
Warning: TaskDescriptor:detail_a_use_case: Unable to find element for guid {3CD5FA7E-160C-4A39-9DEB-C6D162D8AECD}
Warning: TaskDescriptor:detail_a_use_case: Unable to find element for guid {3CD5FA7E-160C-4A39-9DEB-C6D162D8AECD}
Warning: TaskDescriptor:detail_a_use_case: Unable to find element for guid {B16C2941-791C-44E6-B353-354109B5C9DE}
Warning: TaskDescriptor:architectural_analysis: Unable to find element for guid _x613Q9nmEdmO6L4XMImrsA
Warning: TaskDescriptor:architectural_analysis: Unable to find element for guid _khKN4OM9EdmaZcY4PeqVxA
Warning: TaskDescriptor:architectural_analysis: Unable to find element for guid 3.5787175388799096E-305
Warning: TaskDescriptor:architectural_analysis: Unable to find element for guid _x613Q9nmEdmO6L4XMImrsA
Warning: TaskDescriptor:architectural_analysis: Unable to find element for guid _khKN4OM9EdmaZcY4PeqVxA
Warning: TaskDescriptor:architectural_analysis: Unable to find element for guid 3.5787175388799096E-305
Warning: TaskDescriptor:se_operation_analysis: Unable to find element for guid _Ub-SUN90EdmvvvV6NEU6eA
Warning: TaskDescriptor:se_operation_analysis: Unable to find element for guid _Ub-SUN90EdmvvvV6NEU6eA
Warning: TaskDescriptor:architectural_analysis: Unable to find element for guid _x613Q9nmEdmO6L4XMImrsA
Warning: TaskDescriptor:architectural_analysis: Unable to find element for guid _khKN4OM9EdmaZcY4PeqVxA
Warning: TaskDescriptor:architectural_analysis: Unable to find element for guid 3.5787175388799096E-305
Warning: Task:define_monitoring_and_control_processes: Unable to find element for guid {D77D6716-B167-4643-A4B6-6F76C7769A80}
Warning: Task:define_project_organization_and_staffing: Unable to find element for guid {D77D6716-B167-4643-A4B6-6F76C7769A80}
Warning: Task:outline_use_cases: Unable to find element for guid _ybBzOdnmEdmO6L4XMImrsA
Warning: TaskDescriptor:architectural_analysis: Unable to find element for guid _x613Q9nmEdmO6L4XMImrsA
Warning: TaskDescriptor:architectural_analysis: Unable to find element for guid _khKN4OM9EdmaZcY4PeqVxA
Warning: TaskDescriptor:architectural_analysis: Unable to find element for guid 3.5787175388799096E-305
Warning: TaskDescriptor:architectural_analysis: Unable to find element for guid _x613Q9nmEdmO6L4XMImrsA
Warning: TaskDescriptor:architectural_analysis: Unable to find element for guid _khKN4OM9EdmaZcY4PeqVxA
Warning: TaskDescriptor:architectural_analysis: Unable to find element for guid 3.5787175388799096E-305
Warning: TaskDescriptor:se_operation_analysis: Unable to find element for guid _Ub-SUN90EdmvvvV6NEU6eA
Warning: TaskDescriptor:architectural_analysis: Unable to find element for guid _x613Q9nmEdmO6L4XMImrsA
Warning: TaskDescriptor:architectural_analysis: Unable to find element for guid _khKN4OM9EdmaZcY4PeqVxA
Warning: TaskDescriptor:architectural_analysis: Unable to find element for guid 3.5787175388799096E-305
Warning: TaskDescriptor:se_define_system_context: Unable to find element for guid {9C66F2EC-EDEB-4369-9AFB-04B9E7CBCB8E}
Warning: TaskDescriptor:se_define_system_context: Unable to find element for guid {B16C2941-791C-44E6-B353-354109B5C9DE}
Warning: TaskDescriptor:se_define_system_context: Unable to find element for guid {3CD5FA7E-160C-4A39-9DEB-C6D162D8AECD}
Warning: TaskDescriptor:se_define_system_context: Unable to find element for guid {536BC669-A8FB-426D-88FF-CBEA806A9066}
Warning: TaskDescriptor:prioritize_system_use_cases: Unable to find element for guid 4.586310330958445E-305
Warning: TaskDescriptor:prioritize_system_use_cases: Unable to find element for guid 4.586310330958445E-305
Warning: TaskDescriptor:prioritize_system_use_cases: Unable to find element for guid 4.586310330958445E-305
Warning: TaskDescriptor:find_actors_and_use_cases: Unable to find element for guid _6SxgEOM9EdmaZcY4PeqVxA
Warning: TaskDescriptor:find_actors_and_use_cases: Unable to find element for guid {9C66F2EC-EDEB-4369-9AFB-04B9E7CBCB8E}
Warning: TaskDescriptor:find_actors_and_use_cases: Unable to find element for guid 4.1983217662266927E-305
Warning: TaskDescriptor:find_actors_and_use_cases: Unable to find element for guid {536BC669-A8FB-426D-88FF-CBEA806A9066}
Warning: TaskDescriptor:find_actors_and_use_cases: Unable to find element for guid {B16C2941-791C-44E6-B353-354109B5C9DE}
Warning: TaskDescriptor:detail_a_use_case: Unable to find element for guid 4.1983217662266927E-305
Warning: TaskDescriptor:detail_a_use_case: Unable to find element for guid {3CD5FA7E-160C-4A39-9DEB-C6D162D8AECD}
Warning: TaskDescriptor:detail_a_use_case: Unable to find element for guid {3CD5FA7E-160C-4A39-9DEB-C6D162D8AECD}
Warning: TaskDescriptor:detail_a_use_case: Unable to find element for guid {B16C2941-791C-44E6-B353-354109B5C9DE}
Warning: TaskDescriptor:se_define_system_context: Unable to find element for guid {9C66F2EC-EDEB-4369-9AFB-04B9E7CBCB8E}
Warning: TaskDescriptor:se_define_system_context: Unable to find element for guid {B16C2941-791C-44E6-B353-354109B5C9DE}
Warning: TaskDescriptor:se_define_system_context: Unable to find element for guid {3CD5FA7E-160C-4A39-9DEB-C6D162D8AECD}
Warning: TaskDescriptor:se_define_system_context: Unable to find element for guid {536BC669-A8FB-426D-88FF-CBEA806A9066}
Warning: TaskDescriptor:architectural_analysis: Unable to find element for guid _x613Q9nmEdmO6L4XMImrsA
Warning: TaskDescriptor:architectural_analysis: Unable to find element for guid _khKN4OM9EdmaZcY4PeqVxA
Warning: TaskDescriptor:architectural_analysis: Unable to find element for guid 3.5787175388799096E-305
Warning: TaskDescriptor:se_operation_analysis: Unable to find element for guid _Ub-SUN90EdmvvvV6NEU6eA
Warning: TaskDescriptor:se_operation_analysis: Unable to find element for guid _Ub-SUN90EdmvvvV6NEU6eA
Warning: TaskDescriptor:se_operation_analysis: Unable to find element for guid _Ub-SUN90EdmvvvV6NEU6eA
Warning: TaskDescriptor:se_define_system_context: Unable to find element for guid {9C66F2EC-EDEB-4369-9AFB-04B9E7CBCB8E}
Warning: TaskDescriptor:se_define_system_context: Unable to find element for guid {B16C2941-791C-44E6-B353-354109B5C9DE}
Warning: TaskDescriptor:se_define_system_context: Unable to find element for guid {3CD5FA7E-160C-4A39-9DEB-C6D162D8AECD}
Warning: TaskDescriptor:se_define_system_context: Unable to find element for guid {536BC669-A8FB-426D-88FF-CBEA806A9066}
Warning: TaskDescriptor:prioritize_system_use_cases: Unable to find element for guid 4.586310330958445E-305
Warning: TaskDescriptor:prioritize_system_use_cases: Unable to find element for guid 4.586310330958445E-305
Warning: TaskDescriptor:prioritize_system_use_cases: Unable to find element for guid 4.586310330958445E-305
Warning: TaskDescriptor:se_define_system_context: Unable to find element for guid {9C66F2EC-EDEB-4369-9AFB-04B9E7CBCB8E}
Warning: TaskDescriptor:se_define_system_context: Unable to find element for guid {B16C2941-791C-44E6-B353-354109B5C9DE}
Warning: TaskDescriptor:se_define_system_context: Unable to find element for guid {3CD5FA7E-160C-4A39-9DEB-C6D162D8AECD}
Warning: TaskDescriptor:se_define_system_context: Unable to find element for guid {536BC669-A8FB-426D-88FF-CBEA806A9066}
Warning: TaskDescriptor:detail_system_requirements: Unable to find element for guid 3.6983852748116677E-306
Warning: TaskDescriptor:detail_system_requirements: Unable to find element for guid {D0E2E7A1-4179-470E-AA18-419D5FEA275D}
Warning: TaskDescriptor:detail_system_requirements: Unable to find element for guid 1.4005695544042474E-306
Warning: TaskDescriptor:detail_system_requirements: Unable to find element for guid 8.93441552545224E-307
Warning: TaskDescriptor:detail_system_requirements: Unable to find element for guid 5.732873433575423E-305
Warning: TaskDescriptor:detail_system_requirements: Unable to find element for guid 1.338789375307351E-305
Warning: TaskDescriptor:detail_system_requirements: Unable to find element for guid 5.732873433575423E-305
Warning: TaskDescriptor:detail_system_requirements: Unable to find element for guid 1.338789375307351E-305
Warning: TaskDescriptor:se_define_system_context: Unable to find element for guid {9C66F2EC-EDEB-4369-9AFB-04B9E7CBCB8E}
Warning: TaskDescriptor:se_define_system_context: Unable to find element for guid {B16C2941-791C-44E6-B353-354109B5C9DE}
Warning: TaskDescriptor:se_define_system_context: Unable to find element for guid {3CD5FA7E-160C-4A39-9DEB-C6D162D8AECD}
Warning: TaskDescriptor:se_define_system_context: Unable to find element for guid {536BC669-A8FB-426D-88FF-CBEA806A9066}
Warning: Artifact:rup_usecase: Unable to find element for guid _6SxgEOM9EdmaZcY4PeqVxA
Warning: Artifact:rup_usecase: Unable to find element for guid 4.1983217662266927E-305
Warning: Artifact:rup_usecase: Unable to find element for guid 4.1983217662266927E-305
