Info: CustomCategory:prod_portf_mgmt: 55 mini seconds publishing element
Info: SupportingMaterial:welcome: 33 mini seconds publishing element
Info: Practice:prod_portf_mgmt: 141 mini seconds publishing element
Info: Roadmap:how_to_adopt_prod_portf_mgmt: 39 mini seconds publishing element
Info: Concept:forced_ranking: 55 mini seconds publishing element
Info: Concept:product_stage_gating: 34 mini seconds publishing element
Info: Concept:value_analysis: 53 mini seconds publishing element
Info: Concept:work_pipeline: 65 mini seconds publishing element
Info: Artifact:busines_case: 58 mini seconds publishing element
Info: Artifact:business_justification: 41 mini seconds publishing element
Info: Artifact:competitive_analysis: 38 mini seconds publishing element
Info: Artifact:component_description: 44 mini seconds publishing element
Info: Artifact:components_list: 67 mini seconds publishing element
Info: Artifact:consolidated_demand_list: 39 mini seconds publishing element
Info: Artifact:ideas_and_requests_list: 40 mini seconds publishing element
Info: Artifact:market_analysis_report: 33 mini seconds publishing element
Info: Artifact:portfolio_constraints_and_metrics_doc: 42 mini seconds publishing element
Info: Artifact:portfolio_recommendations: 55 mini seconds publishing element
Info: Artifact:portfolio_structure_document: 61 mini seconds publishing element
Info: Artifact:product_roadmap: 63 mini seconds publishing element
Info: Artifact:resources_list: 56 mini seconds publishing element
Info: Artifact:strategic_business_plan: 92 mini seconds publishing element
Info: Artifact:technology_roadmap: 105 mini seconds publishing element
Info: Artifact:threats_and_opportunities_analysis: 62 mini seconds publishing element
Info: Artifact:win_loss_review: 59 mini seconds publishing element
Info: Outcome:validated_progress_status: 166 mini seconds publishing element
Info: Outcome:validated_revenue_benefits_status: 51 mini seconds publishing element
Info: : 1272 mini-second(s) publishing element DeliveryProcess:prod_portf_mgmt_reference_model[practice.mgmt.product_portfolio_mgmt.base-ibm\deliveryprocesses\prod_portf_mgmt_reference_model_454E7EC9.html]
Info: DeliveryProcess:prod_portf_mgmt_reference_model: 1277 mini seconds publishing element
Info: DeliveryProcess:prod_portf_mgmt_reference_model: 1156 mini seconds publishing process specific layout data
Info: Activity:define_portfolio_structures_and_metrics: 377 mini seconds publishing element
Info: Activity:define_and_prioritize_portfolio: 587 mini seconds publishing element
Info: Activity:balance_and_authorize_portfolio: 648 mini seconds publishing element
Info: Activity:monitor_and_control_portfolio: 642 mini seconds publishing element
Info: ToolMentor:managing_ideas_with_fp: 53 mini seconds publishing element
Info: ToolMentor:reviewing_product_lifecycle_data_with_fp: 61 mini seconds publishing element
Info: Guideline:calculating_npv: 58 mini seconds publishing element
Info: Guideline:calculating_roi: 73 mini seconds publishing element
Info: Guideline:managing_ideas: 39 mini seconds publishing element
Info: CustomCategory:measurements: 46 mini seconds publishing element
Info: CustomCategory:core_measurements: 32 mini seconds publishing element
Info: SupportingMaterial:forecasted_work_vs_capacity: 26 mini seconds publishing element
Info: SupportingMaterial:portfolio_governance_controls: 25 mini seconds publishing element
Info: SupportingMaterial:project_lifecycle_documentation: 26 mini seconds publishing element
Info: SupportingMaterial:proposal_justification: 25 mini seconds publishing element
Info: Practice:portfolio_mgmt_practice: 29 mini seconds publishing element
Info: Task:prioritize_components.prod_portf_mgmt: 87 mini seconds publishing element
Info: TermDefinition:component: 40 mini seconds publishing element
Info: SupportingMaterial:references: 233 mini seconds publishing element
Info: Task:consolidate_demand.prod_portf_mgmt: 82 mini seconds publishing element
Info: TermDefinition:npv: 24 mini seconds publishing element
Info: TermDefinition:roi: 25 mini seconds publishing element
Info: TermDefinition:irr: 24 mini seconds publishing element
Info: Task:categorize_components.prod_portf_mgmt: 56 mini seconds publishing element
Info: Task:evaluate_components.prod_portf_mgmt: 57 mini seconds publishing element
Info: Task:identify_components.prod_portf_mgmt: 74 mini seconds publishing element
Info: Task:select_components.prod_portf_mgmt: 62 mini seconds publishing element
Info: Domain:portf_mgmt_work_products: 38 mini seconds publishing element
Info: Role:product_manager: 156 mini seconds publishing element
Info: Role:portfolio_analyst: 201 mini seconds publishing element
Info: Domain:prod_portf_mgmt_work_product: 32 mini seconds publishing element
Info: Role:marketing_mgr: 68 mini seconds publishing element
Info: Role:portfolio_review_board: 76 mini seconds publishing element
Info: Task:authorize_and_assign_components.prod_portf_mgmt: 68 mini seconds publishing element
Info: Tool:rational_focal_point: 35 mini seconds publishing element
Info: Role:product_portfolio_manager: 104 mini seconds publishing element
Info: Task:optimize_portfolio.prod_portf_mgmt: 72 mini seconds publishing element
Info: Task:monitor_portfolio_and_conduct_reviews.prod_portf_mgmt: 64 mini seconds publishing element
Info: Template:components_list_tpl: 38 mini seconds publishing element
Info: Task:define_portf_structures_and_metrics.prod_portf_mgmt: 73 mini seconds publishing element
Info: Task:analyze_portfolio_trends_and_variances.prod_portf_mgmt: 91 mini seconds publishing element
Info: Task:monitor_changes_in_conditions.prod_portf_mgmt: 109 mini seconds publishing element
Info: Role:resource_mgr: 99 mini seconds publishing element
Info: Task:consolidate_supply.prod_portf_mgmt: 78 mini seconds publishing element
Info: Task:consolidate_progress_and_results.prod_portf_mgmt: 70 mini seconds publishing element
Info: Task:consolidate_benefits_and_revenue_realization.prod_portf_mgmt: 69 mini seconds publishing element
Info: TaskDescriptor:define_portf_structures_and_metrics.prod_portf_mgmt: 92 mini seconds publishing element
Info: TaskDescriptor:identify_components.prod_portf_mgmt: 84 mini seconds publishing element
Info: TaskDescriptor:categorize_components.prod_portf_mgmt: 65 mini seconds publishing element
Info: TaskDescriptor:evaluate_components.prod_portf_mgmt: 71 mini seconds publishing element
Info: TaskDescriptor:select_components.prod_portf_mgmt: 77 mini seconds publishing element
Info: TaskDescriptor:prioritize_components.prod_portf_mgmt: 66 mini seconds publishing element
Info: TaskDescriptor:consolidate_demand.prod_portf_mgmt: 69 mini seconds publishing element
Info: TaskDescriptor:consolidate_supply.prod_portf_mgmt: 83 mini seconds publishing element
Info: TaskDescriptor:optimize_portfolio.prod_portf_mgmt: 134 mini seconds publishing element
Info: TaskDescriptor:authorize_and_assign_components.prod_portf_mgmt: 81 mini seconds publishing element
Info: TaskDescriptor:consolidate_progress_and_results.prod_portf_mgmt: 72 mini seconds publishing element
Info: TaskDescriptor:monitor_changes_in_conditions.prod_portf_mgmt: 76 mini seconds publishing element
Info: TaskDescriptor:analyze_portfolio_trends_and_variances.prod_portf_mgmt: 73 mini seconds publishing element
Info: TaskDescriptor:consolidate_benefits_and_revenue_realization.prod_portf_mgmt: 70 mini seconds publishing element
Info: TaskDescriptor:monitor_portfolio_and_conduct_reviews.prod_portf_mgmt: 72 mini seconds publishing element
Info: RoleDescriptor:financial_controller: 65 mini seconds publishing element
Info: RoleDescriptor:marketing_mgr: 57 mini seconds publishing element
Info: RoleDescriptor:portfolio_analyst: 66 mini seconds publishing element
Info: RoleDescriptor:portfolio_review_board: 52 mini seconds publishing element
Info: RoleDescriptor:product_manager: 61 mini seconds publishing element
Info: RoleDescriptor:product_portfolio_manager: 61 mini seconds publishing element
Info: RoleDescriptor:production_manager: 58 mini seconds publishing element
Info: RoleDescriptor:project_manager: 75 mini seconds publishing element
Info: RoleDescriptor:resource_mgr: 59 mini seconds publishing element
Info: RoleDescriptor:team_lead: 55 mini seconds publishing element
Info: WorkProductDescriptor:busines_case: 65 mini seconds publishing element
Info: WorkProductDescriptor:business_justification: 60 mini seconds publishing element
Info: WorkProductDescriptor:competitive_analysis: 51 mini seconds publishing element
Info: WorkProductDescriptor:component_description: 55 mini seconds publishing element
Info: WorkProductDescriptor:components_list: 106 mini seconds publishing element
Info: WorkProductDescriptor:consolidated_demand_list: 75 mini seconds publishing element
Info: WorkProductDescriptor:ideas_and_requests_list: 81 mini seconds publishing element
Info: WorkProductDescriptor:market_analysis_report: 61 mini seconds publishing element
Info: WorkProductDescriptor:portfolio_constraints_and_metrics_doc: 64 mini seconds publishing element
Info: WorkProductDescriptor:portfolio_recommendations: 57 mini seconds publishing element
Info: WorkProductDescriptor:portfolio_structure_document: 62 mini seconds publishing element
Info: WorkProductDescriptor:product_roadmap: 56 mini seconds publishing element
Info: WorkProductDescriptor:resources_list: 64 mini seconds publishing element
Info: WorkProductDescriptor:strategic_business_plan: 54 mini seconds publishing element
Info: WorkProductDescriptor:technology_roadmap: 68 mini seconds publishing element
Info: WorkProductDescriptor:threats_and_opportunities_analysis: 76 mini seconds publishing element
Info: WorkProductDescriptor:validated_progress_status: 72 mini seconds publishing element
Info: WorkProductDescriptor:validated_revenue_benefits_status: 63 mini seconds publishing element
Info: WorkProductDescriptor:win_loss_review: 87 mini seconds publishing element
Info: DeliveryProcess:portf_mgmt_reference_model: 761 mini seconds publishing element
Info: DeliveryProcess:portf_mgmt_reference_model: 939 mini seconds publishing process specific layout data
Info: Activity:define_portfolio_structures_and_metrics: 361 mini seconds publishing element
Info: RoleDescriptor:financial_controller: 57 mini seconds publishing element
Info: RoleDescriptor:marketing_mgr: 60 mini seconds publishing element
Info: RoleDescriptor:product_portfolio_manager: 65 mini seconds publishing element
Info: WorkProductDescriptor:competitive_analysis: 59 mini seconds publishing element
Info: WorkProductDescriptor:components_list: 133 mini seconds publishing element
Info: WorkProductDescriptor:consolidated_demand_list: 69 mini seconds publishing element
Info: WorkProductDescriptor:market_analysis_report: 64 mini seconds publishing element
Info: WorkProductDescriptor:portfolio_constraints_and_metrics_doc: 70 mini seconds publishing element
Info: WorkProductDescriptor:portfolio_structure_document: 57 mini seconds publishing element
Info: Activity:define_and_prioritize_portfolio: 488 mini seconds publishing element
Info: RoleDescriptor:portfolio_analyst: 107 mini seconds publishing element
Info: RoleDescriptor:portfolio_review_board: 67 mini seconds publishing element
Info: RoleDescriptor:product_portfolio_manager: 63 mini seconds publishing element
Info: WorkProductDescriptor:component_description: 87 mini seconds publishing element
Info: WorkProductDescriptor:components_list: 110 mini seconds publishing element
Info: WorkProductDescriptor:consolidated_demand_list: 75 mini seconds publishing element
Info: WorkProductDescriptor:ideas_and_requests_list: 71 mini seconds publishing element
Info: WorkProductDescriptor:portfolio_constraints_and_metrics_doc: 57 mini seconds publishing element
Info: WorkProductDescriptor:portfolio_recommendations: 63 mini seconds publishing element
Info: WorkProductDescriptor:portfolio_structure_document: 51 mini seconds publishing element
Info: WorkProductDescriptor:product_roadmap: 70 mini seconds publishing element
Info: WorkProductDescriptor:threats_and_opportunities_analysis: 60 mini seconds publishing element
Info: Activity:balance_and_authorize_portfolio: 507 mini seconds publishing element
Info: RoleDescriptor:portfolio_analyst: 94 mini seconds publishing element
Info: RoleDescriptor:portfolio_review_board: 56 mini seconds publishing element
Info: RoleDescriptor:product_manager: 61 mini seconds publishing element
Info: WorkProductDescriptor:busines_case: 56 mini seconds publishing element
Info: WorkProductDescriptor:business_justification: 54 mini seconds publishing element
Info: WorkProductDescriptor:component_description: 51 mini seconds publishing element
Info: WorkProductDescriptor:components_list: 56 mini seconds publishing element
Info: WorkProductDescriptor:ideas_and_requests_list: 58 mini seconds publishing element
Info: WorkProductDescriptor:portfolio_recommendations: 60 mini seconds publishing element
Info: WorkProductDescriptor:product_roadmap: 54 mini seconds publishing element
Info: WorkProductDescriptor:strategic_business_plan: 73 mini seconds publishing element
Info: WorkProductDescriptor:threats_and_opportunities_analysis: 67 mini seconds publishing element
Info: WorkProductDescriptor:win_loss_review: 81 mini seconds publishing element
Info: Activity:monitor_and_control_portfolio: 532 mini seconds publishing element
Info: Concept:discount_factor: 34 mini seconds publishing element
Info: Discipline:prod_portf_mgmt_tasks: 52 mini seconds publishing element
Info: Task:prioritize_components: 32 mini seconds publishing element
Info: TermDefinition:portfolio: 25 mini seconds publishing element
Info: SupportingMaterial:epf_copyright: 30 mini seconds publishing element
Info: Task:consolidate_demand: 31 mini seconds publishing element
Info: Role:project_manager: 128 mini seconds publishing element
Info: Task:categorize_components: 30 mini seconds publishing element
Info: Task:evaluate_components: 31 mini seconds publishing element
Info: Task:identify_components: 29 mini seconds publishing element
Info: TermDefinition:ideas_requests: 24 mini seconds publishing element
Info: Task:select_components: 42 mini seconds publishing element
Info: Role:financial_controller: 69 mini seconds publishing element
Info: RoleSet:portf_mgmt_roles: 43 mini seconds publishing element
Info: Task:authorize_and_assign_components: 42 mini seconds publishing element
Info: Task:optimize_portfolio: 38 mini seconds publishing element
Info: Task:monitor_portfolio_and_conduct_reviews: 40 mini seconds publishing element
Info: Task:define_portf_structures_and_metrics: 33 mini seconds publishing element
Info: Task:analyze_portfolio_trends_and_variances: 34 mini seconds publishing element
Info: Task:monitor_changes_in_conditions: 32 mini seconds publishing element
Info: Task:consolidate_supply: 29 mini seconds publishing element
Info: Role:production_manager: 53 mini seconds publishing element
Info: Role:team_lead: 65 mini seconds publishing element
Info: Task:consolidate_progress_and_results: 30 mini seconds publishing element
Info: Task:consolidate_benefits_and_revenue_realization: 31 mini seconds publishing element
Info: TaskDescriptor:define_portf_structures_and_metrics: 51 mini seconds publishing element
Info: TaskDescriptor:identify_components: 56 mini seconds publishing element
Info: TaskDescriptor:categorize_components: 51 mini seconds publishing element
Info: TaskDescriptor:evaluate_components: 51 mini seconds publishing element
Info: TaskDescriptor:select_components: 52 mini seconds publishing element
Info: TaskDescriptor:prioritize_components: 50 mini seconds publishing element
Info: TaskDescriptor:consolidate_demand: 47 mini seconds publishing element
Info: TaskDescriptor:consolidate_supply: 53 mini seconds publishing element
Info: TaskDescriptor:optimize_portfolio: 53 mini seconds publishing element
Info: TaskDescriptor:authorize_and_assign_components: 51 mini seconds publishing element
Info: TaskDescriptor:consolidate_progress_and_results: 65 mini seconds publishing element
Info: TaskDescriptor:monitor_changes_in_conditions: 69 mini seconds publishing element
Info: TaskDescriptor:analyze_portfolio_trends_and_variances: 72 mini seconds publishing element
Info: TaskDescriptor:consolidate_benefits_and_revenue_realization: 60 mini seconds publishing element
Info: TaskDescriptor:monitor_portfolio_and_conduct_reviews: 66 mini seconds publishing element
Info: CapabilityPattern:define_portfolio_structures_and_metrics: 371 mini seconds publishing element
Info: CapabilityPattern:define_portfolio_structures_and_metrics: 100 mini seconds publishing process specific layout data
Info: CapabilityPattern:define_and_prioritize_portfolio: 542 mini seconds publishing element
Info: CapabilityPattern:define_and_prioritize_portfolio: 173 mini seconds publishing process specific layout data
Info: CapabilityPattern:balance_and_authorize_portfolio: 466 mini seconds publishing element
Info: CapabilityPattern:balance_and_authorize_portfolio: 228 mini seconds publishing process specific layout data
Info: CapabilityPattern:monitor_and_control_portfolio: 541 mini seconds publishing element
Info: CapabilityPattern:monitor_and_control_portfolio: 205 mini seconds publishing process specific layout data
Info: Discipline:abstract: 45 mini seconds publishing element
Info: RoleSet:basic_role_set: 34 mini seconds publishing element
Info: RoleSet:project_management_roles_list: 25 mini seconds publishing element
Info: TermDefinition:role: 27 mini seconds publishing element
Info: Role:cots_project_manager: 39 mini seconds publishing element
Info: : Publishing time: 0 minutes 26 seconds
