Info: CustomCategory:navigation_view_generic-ibm: 107 mini seconds publishing element
Info: SupportingMaterial:welcome: 66 mini seconds publishing element
Info: CustomCategory:getting_started_list: 84 mini seconds publishing element
Info: Concept:basic_process_concepts: 75 mini seconds publishing element
Info: Concept:practice: 42 mini seconds publishing element
Info: CustomCategory:delivery_process_list: 54 mini seconds publishing element
Info: : 1024 mini-second(s) publishing element DeliveryProcess:sw_capability_improvement[process.sw_cap_improv.base-ibm\deliveryprocesses\sw_capability_improvement_C6A00628.html]
Info: DeliveryProcess:sw_capability_improvement: 1027 mini seconds publishing element
Info: DeliveryProcess:sw_capability_improvement: 465 mini seconds publishing process specific layout data
Info: Phase:Understand and Assess: 283 mini seconds publishing element
Info: Milestone:Improvement Opportunities Validated: 33 mini seconds publishing element
Info: Phase:Plan Develop Prove: 569 mini seconds publishing element
Info: Activity:Plan: 309 mini seconds publishing element
Info: Activity:Develop : 299 mini seconds publishing element
Info: Activity:Setup Method Authoring Environment: 182 mini seconds publishing element
Info: Activity:Prove: 214 mini seconds publishing element
Info: Milestone:Improvements Developed: 42 mini seconds publishing element
Info: Phase:Deploy: 255 mini seconds publishing element
Info: Milestone:Improvements Deployed: 25 mini seconds publishing element
Info: Phase:Adopt: 233 mini seconds publishing element
Info: Milestone:Solution Adopted: 24 mini seconds publishing element
Info: Activity:Program Monitoring and Control: 259 mini seconds publishing element
Info: CustomCategory:guidance: 88 mini seconds publishing element
Info: CustomCategory:checklist_list: 52 mini seconds publishing element
Info: Checklist:adoption_plan: 59 mini seconds publishing element
Info: Checklist:dev_org_assessment: 62 mini seconds publishing element
Info: Checklist:mentor_exit_criteria: 39 mini seconds publishing element
Info: Checklist:mentoring_program_plan: 36 mini seconds publishing element
Info: CustomCategory:concept_list: 67 mini seconds publishing element
Info: Whitepaper:roadmap_to_meth_dev: 35 mini seconds publishing element
Info: Whitepaper:adoption_thru_execution: 23 mini seconds publishing element
Info: Concept:five_learning_levels: 23 mini seconds publishing element
Info: Concept:managing_org_change: 30 mini seconds publishing element
Info: Concept:method_authoring: 25 mini seconds publishing element
Info: Concept:pilot_project: 84 mini seconds publishing element
Info: Concept:practice: 36 mini seconds publishing element
Info: Concept:process_area: 31 mini seconds publishing element
Info: Whitepaper:quick_wins_-_breaking_broader_goals_down_into_smart_objectives: 34 mini seconds publishing element
Info: Concept:kotter_framework: 30 mini seconds publishing element
Info: Concept:umf: 27 mini seconds publishing element
Info: CustomCategory:example_list: 59 mini seconds publishing element
Info: Example:assessment_findings_and_recommend: 49 mini seconds publishing element
Info: Example:communication_plan: 30 mini seconds publishing element
Info: Example:mentoring_program_plan: 39 mini seconds publishing element
Info: Example:sdlc_gap_analysis: 35 mini seconds publishing element
Info: CustomCategory:guideline_list: 82 mini seconds publishing element
Info: Guideline:architecting_method_library: 67 mini seconds publishing element
Info: Guideline:assessing_the_dev_org: 38 mini seconds publishing element
Info: Guideline:categorizing: 66 mini seconds publishing element
Info: Guideline:conduct_assessment_workshop: 35 mini seconds publishing element
Info: Guideline:considerations_for_org_process_def: 38 mini seconds publishing element
Info: Guideline:creating_plugins_practices_configurations: 41 mini seconds publishing element
Info: Guideline:customizing_method_content_elements: 52 mini seconds publishing element
Info: Guideline:defining_customizing_processes: 70 mini seconds publishing element
Info: Guideline:defining_method_elements: 113 mini seconds publishing element
Info: Guideline:defining_practices_for_config_chg_mgmt: 162 mini seconds publishing element
Info: Guideline:defining_practices_for_pm: 90 mini seconds publishing element
Info: Guideline:defining_practices_for_rqmt_def: 49 mini seconds publishing element
Info: Guideline:defining_practices_for_rqmts_mgmt: 47 mini seconds publishing element
Info: Guideline:defining_practices_for_risk_mgmt: 38 mini seconds publishing element
Info: Guideline:defining_practices_for_validation: 58 mini seconds publishing element
Info: Guideline:defining_practices_for_verification: 30 mini seconds publishing element
Info: Guideline:formatting_writing_tips_for_method_authors: 79 mini seconds publishing element
Info: Guideline:general_naming_conventions: 129 mini seconds publishing element
Info: Guideline:how_to_conduct_org_assessment: 43 mini seconds publishing element
Info: Guideline:identify_opps_for_improv: 34 mini seconds publishing element
Info: Guideline:implementing_method_asset: 110 mini seconds publishing element
Info: Guideline:mng_cap_imprv_as_project: 139 mini seconds publishing element
Info: Guideline:plan_mentoring_schedule: 109 mini seconds publishing element
Info: Guideline:planning_method_adoption: 35 mini seconds publishing element
Info: Guideline:prepare_assess_findings_recommend: 34 mini seconds publishing element
Info: Guideline:publishing: 34 mini seconds publishing element
Info: Guideline:select_cap_improv_rolllout_strat: 43 mini seconds publishing element
Info: Guideline:selecting_pilot_projects: 30 mini seconds publishing element
Info: Guideline:set_up_meth_auth_env: 32 mini seconds publishing element
Info: Guideline:structuring_practice: 42 mini seconds publishing element
Info: Guideline:testing_a_method_asset: 33 mini seconds publishing element
Info: CustomCategory:practice_list: 60 mini seconds publishing element
Info: Practice:adopt_through_execution: 81 mini seconds publishing element
Info: Roadmap:how_to_adopt: 26 mini seconds publishing element
Info: Artifact:mentoring_action_plan: 52 mini seconds publishing element
Info: Artifact:mentoring_program_plan: 58 mini seconds publishing element
Info: Outcome:est_center_of_capability: 41 mini seconds publishing element
Info: Outcome:developed_mentors: 38 mini seconds publishing element
Info: Task:develop_mentors: 51 mini seconds publishing element
Info: Task:establish_mentoring_prog: 109 mini seconds publishing element
Info: Task:manage_the_mentoring_program: 86 mini seconds publishing element
Info: Task:prov_meth_adoption_supp: 93 mini seconds publishing element
Info: Task:provide_ent_tool_adopt_supp: 73 mini seconds publishing element
Info: Template:mentoring_program_plan: 33 mini seconds publishing element
Info: Practice:method_development: 68 mini seconds publishing element
Info: Roadmap:how_to_adopt_mdev: 27 mini seconds publishing element
Info: SupportingMaterial:epf_copyright: 22 mini seconds publishing element
Info: Artifact:method_arch: 42 mini seconds publishing element
Info: Artifact:method_design: 38 mini seconds publishing element
Info: Artifact:method_asset: 38 mini seconds publishing element
Info: Artifact:meth_user_guidelines: 40 mini seconds publishing element
Info: Artifact:method_library: 42 mini seconds publishing element
Info: Task:architect_method_library: 71 mini seconds publishing element
Info: Task:define_ent_tool_configs: 71 mini seconds publishing element
Info: Task:deploy_method_library: 75 mini seconds publishing element
Info: Task:design_method_asset: 79 mini seconds publishing element
Info: Task:dev_method_usr_guide: 57 mini seconds publishing element
Info: Task:imp_method_asset: 56 mini seconds publishing element
Info: ToolMentor:design_method_asset_rmc: 34 mini seconds publishing element
Info: ToolMentor:imp_method_asset_rmc: 29 mini seconds publishing element
Info: ToolMentor:setup_method_auth_env_rmc: 31 mini seconds publishing element
Info: Practice:sw_cap_prog_mgmt: 80 mini seconds publishing element
Info: Roadmap:how_to_adopt: 26 mini seconds publishing element
Info: Artifact:adoption_plan: 53 mini seconds publishing element
Info: Artifact:devorg_assessment: 54 mini seconds publishing element
Info: Artifact:enterprise_tools: 39 mini seconds publishing element
Info: Artifact:process_assurance_rev_rec: 34 mini seconds publishing element
Info: Task:assess_organization: 125 mini seconds publishing element
Info: Task:manage_cap_improv_prog: 73 mini seconds publishing element
Info: Task:monitor_capability_improv: 76 mini seconds publishing element
Info: Task:plan_adoption: 251 mini seconds publishing element
Info: Task:select_acquire_tools: 182 mini seconds publishing element
Info: Report:process_tool_improvement_log: 87 mini seconds publishing element
Info: SupportingMaterial:ratl_mi_overview: 76 mini seconds publishing element
Info: SupportingMaterial:ratl_selfcheck: 51 mini seconds publishing element
Info: Template:communication_plan: 30 mini seconds publishing element
Info: Template:dev_org_assess: 53 mini seconds publishing element
Info: Template:proc_tool_improve_log: 55 mini seconds publishing element
Info: Template:tool_comparison: 47 mini seconds publishing element
Info: Template:tool_information: 33 mini seconds publishing element
Info: SupportingMaterial:references: 82 mini seconds publishing element
Info: CustomCategory:report_list: 55 mini seconds publishing element
Info: CustomCategory:roadmap_list: 58 mini seconds publishing element
Info: CustomCategory:template_list: 76 mini seconds publishing element
Info: CustomCategory:whitepaper_list: 76 mini seconds publishing element
Info: CustomCategory:tool_list: 80 mini seconds publishing element
Info: Tool:method_composer_tool: 55 mini seconds publishing element
Info: ToolMentor:faq_rmc: 33 mini seconds publishing element
Info: ToolMentor:deploy_method_library_rmc: 30 mini seconds publishing element
Info: ToolMentor:using_workspaces_in_mc: 36 mini seconds publishing element
Info: SupportingMaterial:resources_for_customizing_methods: 36 mini seconds publishing element
Info: SupportingMaterial:welcome: 69 mini seconds publishing element
Info: TaskDescriptor:assess_organization: 128 mini seconds publishing element
Info: TaskDescriptor:Develop Project Plan: 49 mini seconds publishing element
Info: TaskDescriptor:plan_adoption: 136 mini seconds publishing element
Info: TaskDescriptor:establish_mentoring_prog: 107 mini seconds publishing element
Info: TaskDescriptor:architect_method_library: 73 mini seconds publishing element
Info: TaskDescriptor:design_method_asset: 83 mini seconds publishing element
Info: TaskDescriptor:imp_method_asset: 64 mini seconds publishing element
Info: TaskDescriptor:dev_method_usr_guide: 57 mini seconds publishing element
Info: TaskDescriptor:select_acquire_tools: 81 mini seconds publishing element
Info: TaskDescriptor:define_ent_tool_configs: 61 mini seconds publishing element
Info: TaskDescriptor:develop_mentors: 61 mini seconds publishing element
Info: TaskDescriptor:Execute Pilot Project(s): 46 mini seconds publishing element
Info: TaskDescriptor:Gather Results: 44 mini seconds publishing element
Info: TaskDescriptor:Update Assets and Plans: 48 mini seconds publishing element
Info: TaskDescriptor:deploy_method_library: 60 mini seconds publishing element
Info: TaskDescriptor:Deploy  Hardware and Software: 45 mini seconds publishing element
Info: TaskDescriptor:Deploy Tool Configurations: 51 mini seconds publishing element
Info: TaskDescriptor:prov_meth_adoption_supp: 110 mini seconds publishing element
Info: TaskDescriptor:provide_ent_tool_adopt_supp: 183 mini seconds publishing element
Info: TaskDescriptor:manage_cap_improv_prog: 130 mini seconds publishing element
Info: TaskDescriptor:monitor_capability_improv: 86 mini seconds publishing element
Info: TaskDescriptor:manage_the_mentoring_program: 77 mini seconds publishing element
Info: RoleDescriptor:coc_coordinator: 69 mini seconds publishing element
Info: RoleDescriptor:mentor: 67 mini seconds publishing element
Info: RoleDescriptor:method_developer: 62 mini seconds publishing element
Info: RoleDescriptor:process_mgr: 47 mini seconds publishing element
Info: RoleDescriptor:process_mgr: 50 mini seconds publishing element
Info: RoleDescriptor:process_mgr: 52 mini seconds publishing element
Info: RoleDescriptor:process_mgr: 47 mini seconds publishing element
Info: RoleDescriptor:process_mgr: 45 mini seconds publishing element
Info: RoleDescriptor:process_mgr: 46 mini seconds publishing element
Info: RoleDescriptor:solution_architect: 50 mini seconds publishing element
Info: RoleDescriptor:tool_specialist: 51 mini seconds publishing element
Info: WorkProductDescriptor:business_requirements_slot: 53 mini seconds publishing element
Info: WorkProductDescriptor:project_definition_and_scope_slot: 49 mini seconds publishing element
Info: WorkProductDescriptor:project_risk_slot: 60 mini seconds publishing element
Info: WorkProductDescriptor:project_status_slot: 68 mini seconds publishing element
Info: WorkProductDescriptor:project_work_slot: 61 mini seconds publishing element
Info: WorkProductDescriptor:adoption_plan: 65 mini seconds publishing element
Info: WorkProductDescriptor:est_center_of_capability: 74 mini seconds publishing element
Info: WorkProductDescriptor:developed_mentors: 52 mini seconds publishing element
Info: WorkProductDescriptor:devorg_assessment: 60 mini seconds publishing element
Info: WorkProductDescriptor:ent_tool_config: 48 mini seconds publishing element
Info: WorkProductDescriptor:enterprise_tools: 55 mini seconds publishing element
Info: WorkProductDescriptor:mentoring_action_plan: 53 mini seconds publishing element
Info: WorkProductDescriptor:mentoring_program_plan: 55 mini seconds publishing element
Info: WorkProductDescriptor:method_arch: 50 mini seconds publishing element
Info: WorkProductDescriptor:method_asset: 52 mini seconds publishing element
Info: WorkProductDescriptor:method_design: 50 mini seconds publishing element
Info: WorkProductDescriptor:method_library: 49 mini seconds publishing element
Info: WorkProductDescriptor:meth_user_guidelines: 53 mini seconds publishing element
Info: WorkProductDescriptor:process_assurance_rev_rec: 47 mini seconds publishing element
Info: RoleDescriptor:solution_architect: 63 mini seconds publishing element
Info: WorkProductDescriptor:devorg_assessment: 69 mini seconds publishing element
Info: RoleDescriptor:coc_coordinator: 72 mini seconds publishing element
Info: RoleDescriptor:mentor: 59 mini seconds publishing element
Info: WorkProductDescriptor:est_center_of_capability: 53 mini seconds publishing element
Info: WorkProductDescriptor:developed_mentors: 56 mini seconds publishing element
Info: WorkProductDescriptor:devorg_assessment: 62 mini seconds publishing element
Info: WorkProductDescriptor:mentoring_action_plan: 51 mini seconds publishing element
Info: WorkProductDescriptor:mentoring_program_plan: 53 mini seconds publishing element
Info: RoleDescriptor:method_developer: 55 mini seconds publishing element
Info: WorkProductDescriptor:adoption_plan: 53 mini seconds publishing element
Info: WorkProductDescriptor:devorg_assessment: 106 mini seconds publishing element
Info: WorkProductDescriptor:method_arch: 60 mini seconds publishing element
Info: WorkProductDescriptor:method_asset: 53 mini seconds publishing element
Info: WorkProductDescriptor:method_design: 51 mini seconds publishing element
Info: WorkProductDescriptor:method_library: 57 mini seconds publishing element
Info: WorkProductDescriptor:meth_user_guidelines: 53 mini seconds publishing element
Info: RoleDescriptor:mentor: 63 mini seconds publishing element
Info: WorkProductDescriptor:adoption_plan: 57 mini seconds publishing element
Info: WorkProductDescriptor:devorg_assessment: 56 mini seconds publishing element
Info: WorkProductDescriptor:mentoring_action_plan: 57 mini seconds publishing element
Info: WorkProductDescriptor:mentoring_program_plan: 53 mini seconds publishing element
Info: RoleDescriptor:coc_coordinator: 52 mini seconds publishing element
Info: RoleDescriptor:mentor: 48 mini seconds publishing element
Info: RoleDescriptor:process_mgr: 57 mini seconds publishing element
Info: WorkProductDescriptor:project_definition_and_scope_slot: 52 mini seconds publishing element
Info: WorkProductDescriptor:adoption_plan: 60 mini seconds publishing element
Info: WorkProductDescriptor:est_center_of_capability: 49 mini seconds publishing element
Info: WorkProductDescriptor:developed_mentors: 48 mini seconds publishing element
Info: WorkProductDescriptor:devorg_assessment: 90 mini seconds publishing element
Info: WorkProductDescriptor:mentoring_action_plan: 71 mini seconds publishing element
Info: WorkProductDescriptor:mentoring_program_plan: 76 mini seconds publishing element
Info: WorkProductDescriptor:process_assurance_rev_rec: 58 mini seconds publishing element
Info: TermDefinition:method_content: 30 mini seconds publishing element
Info: TermDefinition:practice: 25 mini seconds publishing element
Info: TermDefinition:work_product: 17 mini seconds publishing element
Info: TermDefinition:method_configuration: 26 mini seconds publishing element
Info: TermDefinition:discipline: 24 mini seconds publishing element
Info: TermDefinition:task: 24 mini seconds publishing element
Info: TermDefinition:domain: 23 mini seconds publishing element
Info: TermDefinition:work_product_kind: 24 mini seconds publishing element
Info: TermDefinition:role_set: 25 mini seconds publishing element
Info: TermDefinition:role: 15 mini seconds publishing element
Info: TermDefinition:role_set_grouping: 24 mini seconds publishing element
Info: TermDefinition:tool: 25 mini seconds publishing element
Info: TermDefinition:tool_mentor: 27 mini seconds publishing element
Info: TermDefinition:artifact: 27 mini seconds publishing element
Info: TermDefinition:deliverable: 24 mini seconds publishing element
Info: TermDefinition:outcome: 14 mini seconds publishing element
Info: TermDefinition:checklist: 30 mini seconds publishing element
Info: TermDefinition:guideline: 28 mini seconds publishing element
Info: TermDefinition:capability_pattern: 15 mini seconds publishing element
Info: TermDefinition:delivery_process: 13 mini seconds publishing element
Info: TermDefinition:custom_category: 13 mini seconds publishing element
Info: TermDefinition:method_plugin: 23 mini seconds publishing element
Info: TermDefinition:supporting_material: 24 mini seconds publishing element
Info: TermDefinition:guidance: 15 mini seconds publishing element
Info: TermDefinition:activity: 24 mini seconds publishing element
Info: TermDefinition:phase: 23 mini seconds publishing element
Info: TermDefinition:iteration: 23 mini seconds publishing element
Info: TermDefinition:descriptor: 23 mini seconds publishing element
Info: TermDefinition:breakdown_element: 24 mini seconds publishing element
Info: TermDefinition:example: 27 mini seconds publishing element
Info: TermDefinition:template: 40 mini seconds publishing element
Info: TermDefinition:white_paper: 33 mini seconds publishing element
Info: TermDefinition:roadmap: 27 mini seconds publishing element
Info: TermDefinition:reusable_asset: 26 mini seconds publishing element
Info: TermDefinition:process: 18 mini seconds publishing element
Info: Artifact:business_requirements_slot: 46 mini seconds publishing element
Info: Domain:sw_capability_impr_work_products: 52 mini seconds publishing element
Info: Artifact:project_definition_and_scope_slot: 72 mini seconds publishing element
Info: Role:mentor: 176 mini seconds publishing element
Info: Role:coc_coordinator: 155 mini seconds publishing element
Info: Discipline:sw_capability_improv: 67 mini seconds publishing element
Info: Artifact:business_design_slot: 34 mini seconds publishing element
Info: Role:method_developer: 130 mini seconds publishing element
Info: Role:solution_architect: 105 mini seconds publishing element
Info: Role:tool_specialist: 98 mini seconds publishing element
Info: Artifact:ent_tool_config: 52 mini seconds publishing element
Info: Role:process_mgr: 123 mini seconds publishing element
Info: Artifact:project_risk_slot: 39 mini seconds publishing element
Info: Artifact:project_status_slot: 40 mini seconds publishing element
Info: Artifact:project_work_slot: 41 mini seconds publishing element
Info: SupportingMaterial:epf_resources: 38 mini seconds publishing element
Info: SupportingMaterial:rational_method_composer_resources: 46 mini seconds publishing element
Info: CustomCategory:role_list: 87 mini seconds publishing element
Info: CustomCategory:work_products: 124 mini seconds publishing element
Info: CustomCategory:tasks: 169 mini seconds publishing element
Info: TermDefinition:method_library: 52 mini seconds publishing element
Info: TermDefinition:step: 63 mini seconds publishing element
Info: TermDefinition:method_element: 32 mini seconds publishing element
Info: TermDefinition:view: 21 mini seconds publishing element
Info: TermDefinition:uma: 29 mini seconds publishing element
Info: TermDefinition:breakdown_structure: 33 mini seconds publishing element
Info: RoleSet:sw_capability_improvement_roles_list: 45 mini seconds publishing element
Info: RoleSet:environment_roles_list: 37 mini seconds publishing element
Info: Role:cots_acquirer: 67 mini seconds publishing element
Info: Role:cots_database_designer: 55 mini seconds publishing element
Info: Role:cots_designer: 46 mini seconds publishing element
Info: Role:cots_implementer: 48 mini seconds publishing element
Info: Role:cots_project_manager: 50 mini seconds publishing element
Info: Role:cots_system_administrator: 47 mini seconds publishing element
Info: Domain:architecture_domain: 48 mini seconds publishing element
Info: Domain:business_modeling_domain: 38 mini seconds publishing element
Info: Domain:brd_domains: 23 mini seconds publishing element
Info: Domain:configuration_and_change_management_domain: 34 mini seconds publishing element
Info: Domain:deployment_domain: 47 mini seconds publishing element
Info: Domain:development_domain: 74 mini seconds publishing element
Info: Domain:enterprise_work_products: 58 mini seconds publishing element
Info: Domain:environment_domain: 80 mini seconds publishing element
Info: Domain:project_governance_domain: 54 mini seconds publishing element
Info: Domain:project_management_domain: 96 mini seconds publishing element
Info: Domain:requirements_domain: 62 mini seconds publishing element
Info: Domain:software_development_work_products: 57 mini seconds publishing element
Info: Domain:systems_engineering_work_products: 34 mini seconds publishing element
Info: Domain:technical_environment_domain: 22 mini seconds publishing element
Info: Domain:test_domain: 50 mini seconds publishing element
Info: Discipline:abstract: 30 mini seconds publishing element
Info: Discipline:architecture_discipline: 96 mini seconds publishing element
Info: Discipline:business_modeling: 31 mini seconds publishing element
Info: Discipline:brd_disciplines: 19 mini seconds publishing element
Info: Discipline:configuration_and_change_management_discipline: 29 mini seconds publishing element
Info: Discipline:deployment_discipline: 46 mini seconds publishing element
Info: Discipline:development_discipline: 66 mini seconds publishing element
Info: Discipline:enterprise_architecture_discipline: 16 mini seconds publishing element
Info: Discipline:environment_discipline: 56 mini seconds publishing element
Info: Discipline:prod_portf_mgmt_tasks: 30 mini seconds publishing element
Info: Discipline:project_governance_discipline: 39 mini seconds publishing element
Info: Discipline:project_management_discipline: 59 mini seconds publishing element
Info: Discipline:requirements_discipline: 60 mini seconds publishing element
Info: Discipline:systems_engineering_architecture: 20 mini seconds publishing element
Info: Discipline:systems_engineering_requirements: 37 mini seconds publishing element
Info: Discipline:test_discipline: 62 mini seconds publishing element
Info: RoleSet:requirements_roles_list: 28 mini seconds publishing element
Info: RoleSet:development_roles_list: 31 mini seconds publishing element
Info: RoleSet:project_management_roles_list: 40 mini seconds publishing element
Info: Domain:enterprise_architecture_domain: 27 mini seconds publishing element
Info: Domain:portf_mgmt_work_products: 17 mini seconds publishing element
Info: Domain:prod_portf_mgmt_work_product: 26 mini seconds publishing element
Info: Domain:systems_architecture_work_products: 26 mini seconds publishing element
Info: Domain:systems_requirements_work_products: 17 mini seconds publishing element
Info: : Publishing time: 0 minutes 26 seconds
