Info: CustomCategory:sd_view: 73 mini seconds publishing element
Info: SupportingMaterial:se_introduction: 75 mini seconds publishing element
Info: CustomCategory:se_practices: 39 mini seconds publishing element
Info: Practice:elab_draft_srs: 104 mini seconds publishing element
Info: Artifact:stakeholder_needs: 156 mini seconds publishing element
Info: Artifact:stk_reqs_spec: 134 mini seconds publishing element
Info: Artifact:sys_uc_diag: 71 mini seconds publishing element
Info: Artifact:sys_uc_priority_list: 52 mini seconds publishing element
Info: Artifact:sys_srs: 126 mini seconds publishing element
Info: Artifact:tr_rec_srs_stk: 58 mini seconds publishing element
Info: Artifact:tr_uc_to_sys_reqs: 55 mini seconds publishing element
Info: Task:an_stk_reqs: 170 mini seconds publishing element
Info: Task:gen_sys_reqs: 96 mini seconds publishing element
Info: Task:id_sys_uc: 147 mini seconds publishing element
Info: Task:link_reqs: 70 mini seconds publishing element
Info: Task:pri_part_uc: 57 mini seconds publishing element
Info: Task:trace_uc_reqs: 66 mini seconds publishing element
Info: : 1067 mini-second(s) publishing element CapabilityPattern:elab_srs[practice.tech.syseng.elab_draft_srs.base-ibm\capabilitypatterns\elab_srs_B9253AA5.html]
Info: CapabilityPattern:elab_srs: 1069 mini seconds publishing element
Info: CapabilityPattern:elab_srs: 359 mini seconds publishing process specific layout data
Info: Tool:ibm_doors: 56 mini seconds publishing element
Info: ToolMentor:doors_configuring_practice: 37 mini seconds publishing element
Info: ToolMentor:doors_initializing_proj: 27 mini seconds publishing element
Info: ToolMentor:doors_creating_docs: 50 mini seconds publishing element
Info: ToolMentor:doors_main_stk_reqs: 43 mini seconds publishing element
Info: ToolMentor:doors_maint_sys_reqs: 31 mini seconds publishing element
Info: ToolMentor:doors_maint_subsys_reqs: 25 mini seconds publishing element
Info: ToolMentor:doors_trade_study: 50 mini seconds publishing element
Info: ToolMentor:doors_maint_glossary: 44 mini seconds publishing element
Info: ToolMentor:doors_maint_ver_plan: 24 mini seconds publishing element
Info: Tool:ibm_rhapsody: 43 mini seconds publishing element
Info: ToolMentor:rhapsody_creating_reqs: 46 mini seconds publishing element
Info: ToolMentor:rhapsody_creating_trac: 70 mini seconds publishing element
Info: ToolMentor:rhapsody_trace_doors: 71 mini seconds publishing element
Info: ToolMentor:rhapsody_imp_reqs: 75 mini seconds publishing element
Info: Tool:ibm_rhapsody_se: 57 mini seconds publishing element
Info: ToolMentor:rhapsody_se_alloc_table: 36 mini seconds publishing element
Info: ToolMentor:rhapsody_se_cnst_check: 30 mini seconds publishing element
Info: ToolMentor:rhapsody_se_deps: 46 mini seconds publishing element
Info: ToolMentor:rhapsody_se_merge: 31 mini seconds publishing element
Info: ToolMentor:rhapsody_se_n2_matrix: 30 mini seconds publishing element
Info: ToolMentor:rhapsody_se_pins: 31 mini seconds publishing element
Info: ToolMentor:rhapsody_se_ports_intfcs: 38 mini seconds publishing element
Info: ToolMentor:rhapsody_se_project: 30 mini seconds publishing element
Info: ToolMentor:rhapsody_se_scenario: 31 mini seconds publishing element
Info: ToolMentor:rhapsody_se_swimlane_check: 31 mini seconds publishing element
Info: ToolMentor:rhapsody_se_swimlanes: 36 mini seconds publishing element
Info: ToolMentor:rhapsody_se_sys_model: 29 mini seconds publishing element
Info: ToolMentor:rhapsody_link_srs: 25 mini seconds publishing element
Info: Practice:det_uc_reqs_analysis: 62 mini seconds publishing element
Info: Roadmap:how_to_adopt: 26 mini seconds publishing element
Info: Artifact:sys_context_diag: 109 mini seconds publishing element
Info: Artifact:sys_use_case: 147 mini seconds publishing element
Info: Artifact:system_wide_requirements: 138 mini seconds publishing element
Info: Artifact:tr_supp_spec_to_stk: 79 mini seconds publishing element
Info: Artifact:tr_uc_stk: 59 mini seconds publishing element
Info: Task:define_sys_context: 66 mini seconds publishing element
Info: Task:outline_use_cases: 96 mini seconds publishing element
Info: Task:prioritize_partition_uc: 51 mini seconds publishing element
Info: Task:refine_system_definition: 74 mini seconds publishing element
Info: CapabilityPattern:uc_reqs_an: 692 mini seconds publishing element
Info: CapabilityPattern:uc_reqs_an: 250 mini seconds publishing process specific layout data
Info: Practice:build_val_uc: 119 mini seconds publishing element
Info: Artifact:sys_operation: 101 mini seconds publishing element
Info: Artifact:sys_uc_act_diag: 107 mini seconds publishing element
Info: Artifact:sys_uc_ib_diag: 83 mini seconds publishing element
Info: Artifact:sys_uc_seq_diag: 109 mini seconds publishing element
Info: Artifact:sys_uc_st_chart_diag: 68 mini seconds publishing element
Info: Task:create_ad_black_box: 56 mini seconds publishing element
Info: Task:create_ad_level_2: 111 mini seconds publishing element
Info: Task:define_ports_intfcs: 103 mini seconds publishing element
Info: Task:define_uc_scenarios: 47 mini seconds publishing element
Info: Task:define_uc_state_behavior: 45 mini seconds publishing element
Info: Task:define_uc_sys_context: 72 mini seconds publishing element
Info: Task:derive_uc_func_flow: 45 mini seconds publishing element
Info: Task:derive_uc_scenarios: 81 mini seconds publishing element
Info: Task:derive_uc_state_behavior: 79 mini seconds publishing element
Info: Task:perform_rainy_day_analysis: 90 mini seconds publishing element
Info: Task:update_maintain_reqs: 69 mini seconds publishing element
Info: Task:ver_val_func_reqs: 88 mini seconds publishing element
Info: CapabilityPattern:val_uc_act: 874 mini seconds publishing element
Info: CapabilityPattern:val_uc_act: 466 mini seconds publishing process specific layout data
Info: Activity:def_func_flow: 438 mini seconds publishing element
Info: CapabilityPattern:val_uc_seq: 787 mini seconds publishing element
Info: CapabilityPattern:val_uc_seq: 341 mini seconds publishing process specific layout data
Info: CapabilityPattern:val_uc_st: 770 mini seconds publishing element
Info: CapabilityPattern:val_uc_st: 288 mini seconds publishing process specific layout data
Info: Guideline:creating_bdd: 42 mini seconds publishing element
Info: Guideline:creating_seq_diag: 39 mini seconds publishing element
Info: Guideline:creating_act_diag: 39 mini seconds publishing element
Info: Guideline:creating_ibd: 36 mini seconds publishing element
Info: Guideline:der_statecharts: 130 mini seconds publishing element
Info: Guideline:model_actor_bhv: 57 mini seconds publishing element
Info: Guideline:svc_req_modeling: 78 mini seconds publishing element
Info: Guideline:rhapsody_se_act_chart_usage: 40 mini seconds publishing element
Info: Guideline:rhapsody_se_uc_act_diag: 37 mini seconds publishing element
Info: Guideline:rhapsody_se_action_lang: 40 mini seconds publishing element
Info: Practice:arch_analysis_key_sys: 51 mini seconds publishing element
Info: Artifact:sys_struc_diag: 148 mini seconds publishing element
Info: Artifact:candidate_sol: 46 mini seconds publishing element
Info: Artifact:key_sys_function: 52 mini seconds publishing element
Info: Artifact:trade_study: 111 mini seconds publishing element
Info: Task:def_candidate_sols: 83 mini seconds publishing element
Info: Task:id_key_sys_functions: 117 mini seconds publishing element
Info: Task:merge_sols_sys_arch: 61 mini seconds publishing element
Info: CapabilityPattern:arch_an_ksf: 769 mini seconds publishing element
Info: CapabilityPattern:arch_an_ksf: 299 mini seconds publishing process specific layout data
Info: Activity:Perform Trade Study: 621 mini seconds publishing element
Info: Practice:arch_analysis_op: 64 mini seconds publishing element
Info: Artifact:viewpoints_list: 73 mini seconds publishing element
Info: Task:define_candidate_sols: 62 mini seconds publishing element
Info: Task:id_viewpoints: 56 mini seconds publishing element
Info: Task:refine_ops: 50 mini seconds publishing element
Info: CapabilityPattern:arch_an_op: 771 mini seconds publishing element
Info: CapabilityPattern:arch_an_op: 413 mini seconds publishing process specific layout data
Info: Activity:Perform Trade Study: 590 mini seconds publishing element
Info: Practice:trade_study_wom: 50 mini seconds publishing element
Info: Task:assign_moes: 65 mini seconds publishing element
Info: Task:assign_weights: 49 mini seconds publishing element
Info: Task:def_criteria: 61 mini seconds publishing element
Info: Task:def_util_curve: 53 mini seconds publishing element
Info: Task:determine_sol: 64 mini seconds publishing element
Info: CapabilityPattern:arch_trades: 530 mini seconds publishing element
Info: CapabilityPattern:arch_trades: 178 mini seconds publishing process specific layout data
Info: Practice:arch_design_op: 61 mini seconds publishing element
Info: Artifact:sys_statechart_diag: 115 mini seconds publishing element
Info: Artifact:sys_op_act_diag: 84 mini seconds publishing element
Info: Artifact:sys_op_seq_diag: 113 mini seconds publishing element
Info: Artifact:tr_rec_nfr_comp: 93 mini seconds publishing element
Info: Task:allocate_nfr.op: 67 mini seconds publishing element
Info: Task:budget_nfr.op: 58 mini seconds publishing element
Info: Task:create_sc_per_subsys.op: 62 mini seconds publishing element
Info: Task:prioritize_subsystems.op: 44 mini seconds publishing element
Info: Task:ver_sc_for_subsys.op: 62 mini seconds publishing element
Info: Task:verify_collaborations.op: 62 mini seconds publishing element
Info: CapabilityPattern:arch_dsgn_op: 751 mini seconds publishing element
Info: CapabilityPattern:arch_dsgn_op: 438 mini seconds publishing process specific layout data
Info: Activity:Joint Realization - op: 547 mini seconds publishing element
Info: Practice:arch_design_uc: 73 mini seconds publishing element
Info: Task:allocate_nfr.uc: 72 mini seconds publishing element
Info: Task:create_sc_per_subsys.uc: 65 mini seconds publishing element
Info: Task:prioritize_subsystems.uc: 50 mini seconds publishing element
Info: Task:ver_sc_for_subsys.uc: 66 mini seconds publishing element
Info: Task:verify_collaborations.uc: 68 mini seconds publishing element
Info: CapabilityPattern:arch_dsgn_uc: 765 mini seconds publishing element
Info: CapabilityPattern:arch_dsgn_uc: 456 mini seconds publishing process specific layout data
Info: Activity:Joint Realization - uc: 495 mini seconds publishing element
Info: Guideline:traceability: 109 mini seconds publishing element
Info: Practice:joint_realization: 70 mini seconds publishing element
Info: Roadmap:how_to_adopt: 29 mini seconds publishing element
Info: Concept:locality: 55 mini seconds publishing element
Info: Concept:suppl_req_flowdown: 29 mini seconds publishing element
Info: Concept:sys_arch_viewpoints: 44 mini seconds publishing element
Info: Concept:uc_flowdown: 42 mini seconds publishing element
Info: Task:create_ports_and_intfcs: 97 mini seconds publishing element
Info: Task:derive_alloc_ops: 74 mini seconds publishing element
Info: Task:gen_seq_diags: 66 mini seconds publishing element
Info: CapabilityPattern:jr_op: 499 mini seconds publishing element
Info: CapabilityPattern:jr_op: 207 mini seconds publishing process specific layout data
Info: CapabilityPattern:jr_uc: 435 mini seconds publishing element
Info: CapabilityPattern:jr_uc: 204 mini seconds publishing process specific layout data
Info: CustomCategory:se_lifecycle: 41 mini seconds publishing element
Info: DeliveryProcess:SE Overview: 940 mini seconds publishing element
Info: DeliveryProcess:SE Overview: 2367 mini seconds publishing process specific layout data
Info: Activity:Requirements Analysis: 644 mini seconds publishing element
Info: Activity:Requirements Analysis: 589 mini seconds publishing element
Info: Activity:Build and Val UC - Activity: 751 mini seconds publishing element
Info: Activity:Architectural Analysis - Key Systems Functions: 552 mini seconds publishing element
Info: Activity:Architectural Analysis - Operation Based: 714 mini seconds publishing element
Info: Activity:Architectural Design - op: 653 mini seconds publishing element
Info: Activity:Architectural Design - uc: 586 mini seconds publishing element
Info: : 1308 mini-second(s) publishing element DeliveryProcess:se_srs_ksf[process.syseng.base-ibm\deliveryprocesses\se_srs_ksf_943F3B6E.html]
Info: DeliveryProcess:se_srs_ksf: 1310 mini seconds publishing element
Info: DeliveryProcess:se_srs_ksf: 1659 mini seconds publishing process specific layout data
Info: Activity:elab_srs: 659 mini seconds publishing element
Info: Milestone:Requirements Analysis Gate Review: 42 mini seconds publishing element
Info: Activity:val_uc_act: 676 mini seconds publishing element
Info: Milestone:Functional Analysis Gate Review: 44 mini seconds publishing element
Info: Activity:arch_an_ksf: 609 mini seconds publishing element
Info: Activity:arch_dsgn_uc: 632 mini seconds publishing element
Info: Milestone:Architectural Design Gate Review: 28 mini seconds publishing element
Info: : 1511 mini-second(s) publishing element DeliveryProcess:se_op_it[process.syseng.base-ibm\deliveryprocesses\se_op_it_A0B4DF29.html]
Info: DeliveryProcess:se_op_it: 1512 mini seconds publishing element
Info: DeliveryProcess:se_op_it: 3085 mini seconds publishing process specific layout data
Info: Activity:uc_reqs_an: 622 mini seconds publishing element
Info: Activity:val_uc_act: 634 mini seconds publishing element
Info: Activity:arch_an_op: 725 mini seconds publishing element
Info: Milestone:Lifecycle Objectives: 30 mini seconds publishing element
Info: Activity:val_uc_act: 709 mini seconds publishing element
Info: Activity:arch_an_op: 697 mini seconds publishing element
Info: Activity:arch_dsgn_op: 652 mini seconds publishing element
Info: Milestone:Preliminary Architecture: 31 mini seconds publishing element
Info: Activity:arch_an_op: 608 mini seconds publishing element
Info: Activity:arch_dsgn_op: 662 mini seconds publishing element
Info: Milestone:Lifecycle Architecture: 54 mini seconds publishing element
Info: CustomCategory:se_list_of_workflows: 69 mini seconds publishing element
Info: CustomCategory:se_artifacts: 32 mini seconds publishing element
Info: CustomCategory:se_reqs: 32 mini seconds publishing element
Info: Artifact:icd: 49 mini seconds publishing element
Info: CustomCategory:se_arch: 25 mini seconds publishing element
Info: Artifact:sys_arch_model: 60 mini seconds publishing element
Info: CustomCategory:se_trace: 29 mini seconds publishing element
Info: Artifact:trace_record: 53 mini seconds publishing element
Info: CustomCategory:se_reused: 26 mini seconds publishing element
Info: Artifact:glossary: 74 mini seconds publishing element
Info: Artifact:vision: 82 mini seconds publishing element
Info: Artifact:stakeholder_request: 67 mini seconds publishing element
Info: CustomCategory:se_roles: 36 mini seconds publishing element
Info: Role:req_engineer: 554 mini seconds publishing element
Info: Role:sys_architect: 412 mini seconds publishing element
Info: Role:stakeholder: 162 mini seconds publishing element
Info: Domain:systems_requirements_work_products: 54 mini seconds publishing element
Info: Template:stk_reqs_spec: 38 mini seconds publishing element
Info: Checklist:req_spec: 75 mini seconds publishing element
Info: Checklist:stk_req: 98 mini seconds publishing element
Info: Task:allocate_nfr: 65 mini seconds publishing element
Info: Template:sys_srs: 43 mini seconds publishing element
Info: Discipline:systems_engineering_requirements: 87 mini seconds publishing element
Info: Guideline:req_gathering_techniques: 64 mini seconds publishing element
Info: Concept:traceability: 65 mini seconds publishing element
Info: Guideline:effective_req_reviews: 58 mini seconds publishing element
Info: Concept:requirements: 53 mini seconds publishing element
Info: Guideline:requirement_pitfalls: 36 mini seconds publishing element
Info: TaskDescriptor:an_stk_reqs: 110 mini seconds publishing element
Info: TaskDescriptor:id_sys_uc: 75 mini seconds publishing element
Info: TaskDescriptor:gen_sys_reqs: 73 mini seconds publishing element
Info: TaskDescriptor:trace_uc_reqs: 62 mini seconds publishing element
Info: TaskDescriptor:link_reqs: 78 mini seconds publishing element
Info: TaskDescriptor:pri_part_uc: 81 mini seconds publishing element
Info: RoleDescriptor:req_engineer: 115 mini seconds publishing element
Info: RoleDescriptor:stakeholder: 61 mini seconds publishing element
Info: WorkProductDescriptor:glossary: 63 mini seconds publishing element
Info: WorkProductDescriptor:icd: 57 mini seconds publishing element
Info: WorkProductDescriptor:stakeholder_needs: 67 mini seconds publishing element
Info: WorkProductDescriptor:stakeholder_request: 57 mini seconds publishing element
Info: WorkProductDescriptor:stk_reqs_spec: 71 mini seconds publishing element
Info: WorkProductDescriptor:sys_context_diag: 51 mini seconds publishing element
Info: WorkProductDescriptor:sys_operation: 54 mini seconds publishing element
Info: WorkProductDescriptor:sys_op_act_diag: 52 mini seconds publishing element
Info: WorkProductDescriptor:sys_op_seq_diag: 52 mini seconds publishing element
Info: WorkProductDescriptor:sys_use_case: 66 mini seconds publishing element
Info: WorkProductDescriptor:sys_uc_st_chart_diag: 52 mini seconds publishing element
Info: WorkProductDescriptor:sys_uc_seq_diag: 52 mini seconds publishing element
Info: WorkProductDescriptor:sys_uc_ib_diag: 52 mini seconds publishing element
Info: WorkProductDescriptor:sys_uc_act_diag: 56 mini seconds publishing element
Info: WorkProductDescriptor:sys_uc_diag: 125 mini seconds publishing element
Info: WorkProductDescriptor:sys_uc_priority_list: 71 mini seconds publishing element
Info: WorkProductDescriptor:system_wide_requirements: 61 mini seconds publishing element
Info: WorkProductDescriptor:sys_srs: 76 mini seconds publishing element
Info: WorkProductDescriptor:trace_record: 55 mini seconds publishing element
Info: WorkProductDescriptor:tr_supp_spec_to_stk: 55 mini seconds publishing element
Info: WorkProductDescriptor:tr_rec_srs_stk: 60 mini seconds publishing element
Info: WorkProductDescriptor:tr_uc_stk: 55 mini seconds publishing element
Info: WorkProductDescriptor:tr_uc_to_sys_reqs: 60 mini seconds publishing element
Info: WorkProductDescriptor:vision: 58 mini seconds publishing element
Info: Guideline:doors_rtc_rch: 28 mini seconds publishing element
Info: Guideline:doors_cr_wi_type: 26 mini seconds publishing element
Info: Domain:systems_architecture_work_products: 37 mini seconds publishing element
Info: Artifact:use_case: 64 mini seconds publishing element
Info: Template:use_case_specification: 42 mini seconds publishing element
Info: Template:use_case_specification_formal: 50 mini seconds publishing element
Info: Example:use_case_spec: 57 mini seconds publishing element
Info: Checklist:use_case: 75 mini seconds publishing element
Info: Concept:use_case: 137 mini seconds publishing element
Info: SupportingMaterial:epf_copyright: 19 mini seconds publishing element
Info: Domain:requirements_domain: 66 mini seconds publishing element
Info: Task:budget_nfr: 52 mini seconds publishing element
Info: Template:systemwide_requirements_specification: 39 mini seconds publishing element
Info: Guideline:writing_good_requirements: 49 mini seconds publishing element
Info: Guideline:define_sys_context: 41 mini seconds publishing element
Info: Guideline:outline_uc: 42 mini seconds publishing element
Info: Checklist:actor: 46 mini seconds publishing element
Info: Checklist:use_case_model: 52 mini seconds publishing element
Info: Guideline:dev_sup_spec: 34 mini seconds publishing element
Info: Guideline:manage_deps: 28 mini seconds publishing element
Info: Guideline:ref_sys_def: 27 mini seconds publishing element
Info: Guideline:det_uc: 33 mini seconds publishing element
Info: TaskDescriptor:define_sys_context: 61 mini seconds publishing element
Info: TaskDescriptor:outline_use_cases: 85 mini seconds publishing element
Info: TaskDescriptor:refine_system_definition: 80 mini seconds publishing element
Info: TaskDescriptor:prioritize_partition_uc: 60 mini seconds publishing element
Info: RoleDescriptor:req_engineer: 113 mini seconds publishing element
Info: RoleDescriptor:stakeholder: 59 mini seconds publishing element
Info: WorkProductDescriptor:glossary: 54 mini seconds publishing element
Info: WorkProductDescriptor:icd: 52 mini seconds publishing element
Info: WorkProductDescriptor:stakeholder_needs: 58 mini seconds publishing element
Info: WorkProductDescriptor:stakeholder_request: 91 mini seconds publishing element
Info: WorkProductDescriptor:stk_reqs_spec: 56 mini seconds publishing element
Info: WorkProductDescriptor:sys_context_diag: 65 mini seconds publishing element
Info: WorkProductDescriptor:sys_operation: 55 mini seconds publishing element
Info: WorkProductDescriptor:sys_op_act_diag: 52 mini seconds publishing element
Info: WorkProductDescriptor:sys_op_seq_diag: 51 mini seconds publishing element
Info: WorkProductDescriptor:sys_use_case: 73 mini seconds publishing element
Info: WorkProductDescriptor:sys_uc_st_chart_diag: 53 mini seconds publishing element
Info: WorkProductDescriptor:sys_uc_seq_diag: 52 mini seconds publishing element
Info: WorkProductDescriptor:sys_uc_ib_diag: 50 mini seconds publishing element
Info: WorkProductDescriptor:sys_uc_act_diag: 49 mini seconds publishing element
Info: WorkProductDescriptor:sys_uc_diag: 84 mini seconds publishing element
Info: WorkProductDescriptor:sys_uc_priority_list: 52 mini seconds publishing element
Info: WorkProductDescriptor:system_wide_requirements: 57 mini seconds publishing element
Info: WorkProductDescriptor:sys_srs: 58 mini seconds publishing element
Info: WorkProductDescriptor:trace_record: 51 mini seconds publishing element
Info: WorkProductDescriptor:tr_supp_spec_to_stk: 55 mini seconds publishing element
Info: WorkProductDescriptor:tr_rec_srs_stk: 50 mini seconds publishing element
Info: WorkProductDescriptor:tr_uc_stk: 90 mini seconds publishing element
Info: WorkProductDescriptor:tr_uc_to_sys_reqs: 57 mini seconds publishing element
Info: WorkProductDescriptor:vision: 76 mini seconds publishing element
Info: Task:budget_nfr.uc: 77 mini seconds publishing element
Info: Guideline:svc_req_modeling: 34 mini seconds publishing element
Info: Checklist:uc_bb_seq_diag: 40 mini seconds publishing element
Info: ToolMentor:rhapsody_model_ver: 33 mini seconds publishing element
Info: TaskDescriptor:define_uc_sys_context: 72 mini seconds publishing element
Info: TaskDescriptor:create_ad_black_box: 60 mini seconds publishing element
Info: TaskDescriptor:create_ad_level_2: 63 mini seconds publishing element
Info: TaskDescriptor:derive_uc_scenarios: 78 mini seconds publishing element
Info: TaskDescriptor:define_ports_intfcs: 79 mini seconds publishing element
Info: TaskDescriptor:derive_uc_state_behavior: 75 mini seconds publishing element
Info: TaskDescriptor:ver_val_func_reqs: 66 mini seconds publishing element
Info: TaskDescriptor:perform_rainy_day_analysis: 83 mini seconds publishing element
Info: TaskDescriptor:update_maintain_reqs: 76 mini seconds publishing element
Info: RoleDescriptor:req_engineer: 103 mini seconds publishing element
Info: WorkProductDescriptor:glossary: 65 mini seconds publishing element
Info: WorkProductDescriptor:icd: 54 mini seconds publishing element
Info: WorkProductDescriptor:stk_reqs_spec: 56 mini seconds publishing element
Info: WorkProductDescriptor:sys_context_diag: 51 mini seconds publishing element
Info: WorkProductDescriptor:sys_operation: 59 mini seconds publishing element
Info: WorkProductDescriptor:sys_op_act_diag: 48 mini seconds publishing element
Info: WorkProductDescriptor:sys_op_seq_diag: 49 mini seconds publishing element
Info: WorkProductDescriptor:sys_use_case: 72 mini seconds publishing element
Info: WorkProductDescriptor:sys_uc_st_chart_diag: 61 mini seconds publishing element
Info: WorkProductDescriptor:sys_uc_seq_diag: 55 mini seconds publishing element
Info: WorkProductDescriptor:sys_uc_act_diag: 64 mini seconds publishing element
Info: WorkProductDescriptor:sys_uc_ib_diag: 55 mini seconds publishing element
Info: WorkProductDescriptor:sys_uc_diag: 79 mini seconds publishing element
Info: WorkProductDescriptor:sys_uc_priority_list: 49 mini seconds publishing element
Info: WorkProductDescriptor:system_wide_requirements: 55 mini seconds publishing element
Info: WorkProductDescriptor:sys_srs: 73 mini seconds publishing element
Info: WorkProductDescriptor:trace_record: 61 mini seconds publishing element
Info: WorkProductDescriptor:tr_supp_spec_to_stk: 55 mini seconds publishing element
Info: WorkProductDescriptor:tr_rec_srs_stk: 54 mini seconds publishing element
Info: WorkProductDescriptor:tr_uc_stk: 53 mini seconds publishing element
Info: WorkProductDescriptor:tr_uc_to_sys_reqs: 52 mini seconds publishing element
Info: TaskDescriptor:define_uc_sys_context: 70 mini seconds publishing element
Info: TaskDescriptor:define_uc_scenarios: 55 mini seconds publishing element
Info: TaskDescriptor:derive_uc_func_flow: 60 mini seconds publishing element
Info: TaskDescriptor:define_ports_intfcs: 76 mini seconds publishing element
Info: TaskDescriptor:derive_uc_state_behavior: 148 mini seconds publishing element
Info: TaskDescriptor:ver_val_func_reqs: 99 mini seconds publishing element
Info: TaskDescriptor:perform_rainy_day_analysis: 102 mini seconds publishing element
Info: TaskDescriptor:update_maintain_reqs: 81 mini seconds publishing element
Info: RoleDescriptor:req_engineer: 101 mini seconds publishing element
Info: WorkProductDescriptor:glossary: 55 mini seconds publishing element
Info: WorkProductDescriptor:icd: 51 mini seconds publishing element
Info: WorkProductDescriptor:stk_reqs_spec: 55 mini seconds publishing element
Info: WorkProductDescriptor:sys_context_diag: 52 mini seconds publishing element
Info: WorkProductDescriptor:sys_operation: 56 mini seconds publishing element
Info: WorkProductDescriptor:sys_op_act_diag: 49 mini seconds publishing element
Info: WorkProductDescriptor:sys_op_seq_diag: 47 mini seconds publishing element
Info: WorkProductDescriptor:sys_use_case: 96 mini seconds publishing element
Info: WorkProductDescriptor:sys_uc_st_chart_diag: 83 mini seconds publishing element
Info: WorkProductDescriptor:sys_uc_act_diag: 97 mini seconds publishing element
Info: WorkProductDescriptor:sys_uc_seq_diag: 79 mini seconds publishing element
Info: WorkProductDescriptor:sys_uc_ib_diag: 79 mini seconds publishing element
Info: WorkProductDescriptor:sys_uc_diag: 79 mini seconds publishing element
Info: WorkProductDescriptor:sys_uc_priority_list: 53 mini seconds publishing element
Info: WorkProductDescriptor:system_wide_requirements: 67 mini seconds publishing element
Info: WorkProductDescriptor:sys_srs: 64 mini seconds publishing element
Info: WorkProductDescriptor:trace_record: 56 mini seconds publishing element
Info: WorkProductDescriptor:tr_supp_spec_to_stk: 51 mini seconds publishing element
Info: WorkProductDescriptor:tr_rec_srs_stk: 52 mini seconds publishing element
Info: WorkProductDescriptor:tr_uc_stk: 62 mini seconds publishing element
Info: WorkProductDescriptor:tr_uc_to_sys_reqs: 56 mini seconds publishing element
Info: TaskDescriptor:define_uc_sys_context: 102 mini seconds publishing element
Info: TaskDescriptor:define_uc_state_behavior: 60 mini seconds publishing element
Info: TaskDescriptor:derive_uc_scenarios: 97 mini seconds publishing element
Info: TaskDescriptor:define_ports_intfcs: 84 mini seconds publishing element
Info: TaskDescriptor:ver_val_func_reqs: 70 mini seconds publishing element
Info: TaskDescriptor:perform_rainy_day_analysis: 86 mini seconds publishing element
Info: TaskDescriptor:update_maintain_reqs: 71 mini seconds publishing element
Info: RoleDescriptor:req_engineer: 96 mini seconds publishing element
Info: WorkProductDescriptor:glossary: 50 mini seconds publishing element
Info: WorkProductDescriptor:icd: 48 mini seconds publishing element
Info: WorkProductDescriptor:stk_reqs_spec: 51 mini seconds publishing element
Info: WorkProductDescriptor:sys_context_diag: 48 mini seconds publishing element
Info: WorkProductDescriptor:sys_operation: 55 mini seconds publishing element
Info: WorkProductDescriptor:sys_op_act_diag: 47 mini seconds publishing element
Info: WorkProductDescriptor:sys_op_seq_diag: 69 mini seconds publishing element
Info: WorkProductDescriptor:sys_use_case: 89 mini seconds publishing element
Info: WorkProductDescriptor:sys_uc_seq_diag: 73 mini seconds publishing element
Info: WorkProductDescriptor:sys_uc_act_diag: 65 mini seconds publishing element
Info: WorkProductDescriptor:sys_uc_st_chart_diag: 69 mini seconds publishing element
Info: WorkProductDescriptor:sys_uc_ib_diag: 70 mini seconds publishing element
Info: WorkProductDescriptor:sys_uc_diag: 94 mini seconds publishing element
Info: WorkProductDescriptor:sys_uc_priority_list: 54 mini seconds publishing element
Info: WorkProductDescriptor:system_wide_requirements: 69 mini seconds publishing element
Info: WorkProductDescriptor:sys_srs: 64 mini seconds publishing element
Info: WorkProductDescriptor:trace_record: 57 mini seconds publishing element
Info: WorkProductDescriptor:tr_supp_spec_to_stk: 52 mini seconds publishing element
Info: WorkProductDescriptor:tr_rec_srs_stk: 52 mini seconds publishing element
Info: WorkProductDescriptor:tr_uc_stk: 52 mini seconds publishing element
Info: WorkProductDescriptor:tr_uc_to_sys_reqs: 69 mini seconds publishing element
Info: Task:create_sc_per_subsys: 77 mini seconds publishing element
Info: Task:ver_sc_for_subsys: 79 mini seconds publishing element
Info: Task:verify_collaborations: 69 mini seconds publishing element
Info: Task:prioritize_subsystems: 36 mini seconds publishing element
Info: Template:trade_study: 40 mini seconds publishing element
Info: Discipline:systems_engineering_architecture: 71 mini seconds publishing element
Info: TaskDescriptor:id_key_sys_functions: 73 mini seconds publishing element
Info: TaskDescriptor:def_candidate_sols: 84 mini seconds publishing element
Info: TaskDescriptor:merge_sols_sys_arch: 57 mini seconds publishing element
Info: TaskDescriptor:def_criteria: 68 mini seconds publishing element
Info: TaskDescriptor:assign_weights: 58 mini seconds publishing element
Info: TaskDescriptor:def_util_curve: 98 mini seconds publishing element
Info: TaskDescriptor:assign_moes: 95 mini seconds publishing element
Info: TaskDescriptor:determine_sol: 79 mini seconds publishing element
Info: RoleDescriptor:stakeholder: 54 mini seconds publishing element
Info: RoleDescriptor:sys_architect: 79 mini seconds publishing element
Info: WorkProductDescriptor:candidate_sol: 56 mini seconds publishing element
Info: WorkProductDescriptor:key_sys_function: 63 mini seconds publishing element
Info: WorkProductDescriptor:stakeholder_needs: 58 mini seconds publishing element
Info: WorkProductDescriptor:stakeholder_request: 55 mini seconds publishing element
Info: WorkProductDescriptor:stk_reqs_spec: 55 mini seconds publishing element
Info: WorkProductDescriptor:sys_arch_model: 54 mini seconds publishing element
Info: WorkProductDescriptor:sys_context_diag: 50 mini seconds publishing element
Info: WorkProductDescriptor:sys_statechart_diag: 55 mini seconds publishing element
Info: WorkProductDescriptor:sys_operation: 54 mini seconds publishing element
Info: WorkProductDescriptor:sys_op_seq_diag: 51 mini seconds publishing element
Info: WorkProductDescriptor:sys_op_act_diag: 51 mini seconds publishing element
Info: WorkProductDescriptor:sys_struc_diag: 51 mini seconds publishing element
Info: WorkProductDescriptor:sys_struc_diag: 54 mini seconds publishing element
Info: WorkProductDescriptor:sys_use_case: 58 mini seconds publishing element
Info: WorkProductDescriptor:sys_uc_st_chart_diag: 57 mini seconds publishing element
Info: WorkProductDescriptor:sys_uc_ib_diag: 48 mini seconds publishing element
Info: WorkProductDescriptor:sys_uc_act_diag: 51 mini seconds publishing element
Info: WorkProductDescriptor:sys_uc_seq_diag: 51 mini seconds publishing element
Info: WorkProductDescriptor:sys_srs: 54 mini seconds publishing element
Info: WorkProductDescriptor:trace_record: 53 mini seconds publishing element
Info: WorkProductDescriptor:tr_rec_nfr_comp: 55 mini seconds publishing element
Info: WorkProductDescriptor:trade_study: 62 mini seconds publishing element
Info: WorkProductDescriptor:viewpoints_list: 53 mini seconds publishing element
Info: WorkProductDescriptor:vision: 55 mini seconds publishing element
Info: WorkProductDescriptor:candidate_sol: 52 mini seconds publishing element
Info: WorkProductDescriptor:key_sys_function: 52 mini seconds publishing element
Info: WorkProductDescriptor:stk_reqs_spec: 54 mini seconds publishing element
Info: WorkProductDescriptor:trade_study: 76 mini seconds publishing element
Info: TaskDescriptor:id_viewpoints: 115 mini seconds publishing element
Info: TaskDescriptor:refine_ops: 68 mini seconds publishing element
Info: TaskDescriptor:define_candidate_sols: 77 mini seconds publishing element
Info: WorkProductDescriptor:stakeholder_needs: 54 mini seconds publishing element
Info: WorkProductDescriptor:sys_struc_diag: 63 mini seconds publishing element
Info: WorkProductDescriptor:sys_context_diag: 54 mini seconds publishing element
Info: WorkProductDescriptor:sys_use_case: 68 mini seconds publishing element
Info: WorkProductDescriptor:sys_uc_st_chart_diag: 50 mini seconds publishing element
Info: WorkProductDescriptor:sys_uc_ib_diag: 61 mini seconds publishing element
Info: WorkProductDescriptor:sys_uc_seq_diag: 57 mini seconds publishing element
Info: WorkProductDescriptor:sys_uc_act_diag: 70 mini seconds publishing element
Info: WorkProductDescriptor:system_wide_requirements: 58 mini seconds publishing element
Info: Guideline:create_statecharts: 46 mini seconds publishing element
Info: Guideline:general_model_conv: 37 mini seconds publishing element
Info: TaskDescriptor:derive_alloc_ops: 66 mini seconds publishing element
Info: TaskDescriptor:create_ports_and_intfcs: 65 mini seconds publishing element
Info: TaskDescriptor:gen_seq_diags: 59 mini seconds publishing element
Info: TaskDescriptor:budget_nfr.op: 61 mini seconds publishing element
Info: TaskDescriptor:create_sc_per_subsys.op: 63 mini seconds publishing element
Info: TaskDescriptor:ver_sc_for_subsys.op: 63 mini seconds publishing element
Info: TaskDescriptor:verify_collaborations.op: 62 mini seconds publishing element
Info: TaskDescriptor:prioritize_subsystems.op: 56 mini seconds publishing element
Info: RoleDescriptor:sys_architect: 89 mini seconds publishing element
Info: WorkProductDescriptor:candidate_sol: 50 mini seconds publishing element
Info: WorkProductDescriptor:key_sys_function: 50 mini seconds publishing element
Info: WorkProductDescriptor:sys_arch_model: 51 mini seconds publishing element
Info: WorkProductDescriptor:sys_context_diag: 47 mini seconds publishing element
Info: WorkProductDescriptor:sys_statechart_diag: 52 mini seconds publishing element
Info: WorkProductDescriptor:sys_operation: 57 mini seconds publishing element
Info: WorkProductDescriptor:sys_op_act_diag: 61 mini seconds publishing element
Info: WorkProductDescriptor:sys_operation_seq_diagram: 48 mini seconds publishing element
Info: WorkProductDescriptor:sys_op_seq_diag: 59 mini seconds publishing element
Info: WorkProductDescriptor:sys_struc_diag: 64 mini seconds publishing element
Info: WorkProductDescriptor:sys_use_case: 55 mini seconds publishing element
Info: WorkProductDescriptor:sys_uc_st_chart_diag: 47 mini seconds publishing element
Info: WorkProductDescriptor:sys_uc_ib_diag: 46 mini seconds publishing element
Info: WorkProductDescriptor:sys_uc_act_diag: 48 mini seconds publishing element
Info: WorkProductDescriptor:sys_uc_seq_diag: 48 mini seconds publishing element
Info: WorkProductDescriptor:system_wide_requirements: 47 mini seconds publishing element
Info: WorkProductDescriptor:tr_rec_nfr_comp: 52 mini seconds publishing element
Info: WorkProductDescriptor:trade_study: 48 mini seconds publishing element
Info: WorkProductDescriptor:viewpoints_list: 56 mini seconds publishing element
Info: TaskDescriptor:derive_alloc_ops: 60 mini seconds publishing element
Info: TaskDescriptor:create_ports_and_intfcs: 60 mini seconds publishing element
Info: TaskDescriptor:gen_seq_diags: 53 mini seconds publishing element
Info: TaskDescriptor:create_sc_per_subsys.uc: 69 mini seconds publishing element
Info: TaskDescriptor:ver_sc_for_subsys.uc: 64 mini seconds publishing element
Info: TaskDescriptor:verify_collaborations.uc: 60 mini seconds publishing element
Info: TaskDescriptor:allocate_nfr.uc: 64 mini seconds publishing element
Info: TaskDescriptor:prioritize_subsystems.uc: 52 mini seconds publishing element
Info: RoleDescriptor:sys_architect: 64 mini seconds publishing element
Info: WorkProductDescriptor:candidate_sol: 48 mini seconds publishing element
Info: WorkProductDescriptor:key_sys_function: 44 mini seconds publishing element
Info: WorkProductDescriptor:sys_arch_model: 91 mini seconds publishing element
Info: WorkProductDescriptor:sys_context_diag: 60 mini seconds publishing element
Info: WorkProductDescriptor:sys_statechart_diag: 59 mini seconds publishing element
Info: WorkProductDescriptor:sys_operation: 61 mini seconds publishing element
Info: WorkProductDescriptor:sys_op_act_diag: 57 mini seconds publishing element
Info: WorkProductDescriptor:sys_operation_seq_diagram: 51 mini seconds publishing element
Info: WorkProductDescriptor:sys_op_seq_diag: 52 mini seconds publishing element
Info: WorkProductDescriptor:sys_struc_diag: 69 mini seconds publishing element
Info: WorkProductDescriptor:sys_use_case: 59 mini seconds publishing element
Info: WorkProductDescriptor:sys_uc_st_chart_diag: 48 mini seconds publishing element
Info: WorkProductDescriptor:sys_uc_ib_diag: 48 mini seconds publishing element
Info: WorkProductDescriptor:sys_uc_seq_diag: 56 mini seconds publishing element
Info: WorkProductDescriptor:sys_uc_act_diag: 59 mini seconds publishing element
Info: WorkProductDescriptor:system_wide_requirements: 53 mini seconds publishing element
Info: WorkProductDescriptor:sys_srs: 52 mini seconds publishing element
Info: WorkProductDescriptor:tr_rec_nfr_comp: 54 mini seconds publishing element
Info: WorkProductDescriptor:trade_study: 50 mini seconds publishing element
Info: WorkProductDescriptor:viewpoints_list: 58 mini seconds publishing element
Info: WorkProductDescriptor:sys_op_act_diag: 49 mini seconds publishing element
Info: WorkProductDescriptor:sys_op_seq_diag: 68 mini seconds publishing element
Info: WorkProductDescriptor:sys_op_act_diag: 64 mini seconds publishing element
Info: WorkProductDescriptor:sys_op_seq_diag: 71 mini seconds publishing element
Info: Template:vision: 47 mini seconds publishing element
Info: Checklist:stakeholders: 39 mini seconds publishing element
Info: Checklist:vision: 72 mini seconds publishing element
Info: RoleSet:systems_requirements_roles_list: 33 mini seconds publishing element
Info: RoleSet:systems_architecture_roles_list: 31 mini seconds publishing element
Info: RoleSet:basic_role_set: 30 mini seconds publishing element
Info: RoleSet:requirements_roles_list: 32 mini seconds publishing element
Info: Checklist:general_requirements: 46 mini seconds publishing element
Info: SupportingMaterial:references: 194 mini seconds publishing element
Info: Concept:arch_significant_requirements: 34 mini seconds publishing element
Info: Example:uc_model_evolve: 40 mini seconds publishing element
Info: Concept:actor: 55 mini seconds publishing element
Info: RoleDescriptor:req_engineer: 118 mini seconds publishing element
Info: WorkProductDescriptor:sys_use_case: 84 mini seconds publishing element
Info: WorkProductDescriptor:sys_uc_ib_diag: 77 mini seconds publishing element
Info: WorkProductDescriptor:sys_uc_act_diag: 99 mini seconds publishing element
Info: WorkProductDescriptor:sys_uc_st_chart_diag: 72 mini seconds publishing element
Info: WorkProductDescriptor:sys_uc_seq_diag: 70 mini seconds publishing element
Info: WorkProductDescriptor:sys_operation: 59 mini seconds publishing element
Info: WorkProductDescriptor:system_wide_requirements: 65 mini seconds publishing element
Info: WorkProductDescriptor:sys_srs: 61 mini seconds publishing element
Info: WorkProductDescriptor:trace_record: 55 mini seconds publishing element
Info: RoleDescriptor:sys_architect: 89 mini seconds publishing element
Info: WorkProductDescriptor:sys_operation: 63 mini seconds publishing element
Info: RoleDescriptor:sys_architect: 73 mini seconds publishing element
Info: WorkProductDescriptor:sys_operation: 62 mini seconds publishing element
Info: WorkProductDescriptor:viewpoints_list: 57 mini seconds publishing element
Info: RoleDescriptor:sys_architect: 72 mini seconds publishing element
Info: WorkProductDescriptor:sys_op_act_diag: 54 mini seconds publishing element
Info: WorkProductDescriptor:tr_rec_nfr_comp: 56 mini seconds publishing element
Info: WorkProductDescriptor:sys_op_seq_diag: 68 mini seconds publishing element
Info: WorkProductDescriptor:sys_statechart_diag: 66 mini seconds publishing element
Info: WorkProductDescriptor:sys_struc_diag: 60 mini seconds publishing element
Info: RoleDescriptor:sys_architect: 99 mini seconds publishing element
Info: WorkProductDescriptor:sys_uc_act_diag: 57 mini seconds publishing element
Info: WorkProductDescriptor:sys_uc_seq_diag: 68 mini seconds publishing element
Info: WorkProductDescriptor:sys_statechart_diag: 61 mini seconds publishing element
Info: WorkProductDescriptor:sys_struc_diag: 61 mini seconds publishing element
Info: WorkProductDescriptor:tr_rec_nfr_comp: 59 mini seconds publishing element
Info: TermDefinition:role: 24 mini seconds publishing element
Info: Example:uc_deposit_funds_outline: 32 mini seconds publishing element
Info: Example:uc_model_elaboration_phase: 31 mini seconds publishing element
Info: Example:uc_model_inception_phase: 30 mini seconds publishing element
Info: Example:uc_spec_validate_user: 29 mini seconds publishing element
Info: Example:uc_transfer_funds_outline: 25 mini seconds publishing element
Info: Example:uc_withdraw_cash_outline: 16 mini seconds publishing element
Info: WorkProductDescriptor:glossary: 50 mini seconds publishing element
Info: WorkProductDescriptor:icd: 48 mini seconds publishing element
Info: WorkProductDescriptor:stk_reqs_spec: 51 mini seconds publishing element
Info: WorkProductDescriptor:sys_context_diag: 49 mini seconds publishing element
Info: WorkProductDescriptor:sys_uc_diag: 72 mini seconds publishing element
Info: WorkProductDescriptor:sys_uc_priority_list: 48 mini seconds publishing element
Info: WorkProductDescriptor:tr_supp_spec_to_stk: 50 mini seconds publishing element
Info: WorkProductDescriptor:tr_rec_srs_stk: 50 mini seconds publishing element
Info: WorkProductDescriptor:tr_uc_stk: 49 mini seconds publishing element
Info: WorkProductDescriptor:tr_uc_to_sys_reqs: 49 mini seconds publishing element
Info: WorkProductDescriptor:sys_arch_model: 48 mini seconds publishing element
Info: WorkProductDescriptor:sys_statechart_diag: 52 mini seconds publishing element
Info: WorkProductDescriptor:sys_use_case: 55 mini seconds publishing element
Info: WorkProductDescriptor:sys_uc_act_diag: 48 mini seconds publishing element
Info: WorkProductDescriptor:sys_uc_seq_diag: 46 mini seconds publishing element
Info: WorkProductDescriptor:tr_rec_nfr_comp: 50 mini seconds publishing element
Info: WorkProductDescriptor:viewpoints_list: 51 mini seconds publishing element
Info: WorkProductDescriptor:sys_arch_model: 70 mini seconds publishing element
Info: WorkProductDescriptor:sys_statechart_diag: 54 mini seconds publishing element
Info: WorkProductDescriptor:tr_rec_nfr_comp: 52 mini seconds publishing element
Info: WorkProductDescriptor:trade_study: 57 mini seconds publishing element
Info: WorkProductDescriptor:sys_arch_model: 52 mini seconds publishing element
Info: WorkProductDescriptor:sys_operation: 51 mini seconds publishing element
Info: WorkProductDescriptor:sys_use_case: 56 mini seconds publishing element
Info: WorkProductDescriptor:sys_uc_act_diag: 50 mini seconds publishing element
Info: WorkProductDescriptor:sys_uc_seq_diag: 49 mini seconds publishing element
Info: WorkProductDescriptor:trade_study: 50 mini seconds publishing element
Info: WorkProductDescriptor:viewpoints_list: 51 mini seconds publishing element
Info: WorkProductDescriptor:sys_arch_model: 50 mini seconds publishing element
Info: WorkProductDescriptor:sys_operation: 56 mini seconds publishing element
Info: WorkProductDescriptor:sys_op_act_diag: 51 mini seconds publishing element
Info: WorkProductDescriptor:sys_op_seq_diag: 51 mini seconds publishing element
Info: WorkProductDescriptor:sys_use_case: 63 mini seconds publishing element
Info: WorkProductDescriptor:trade_study: 76 mini seconds publishing element
Info: WorkProductDescriptor:viewpoints_list: 61 mini seconds publishing element
Info: : Publishing time: 1 minutes 25 seconds
