Info: CustomCategory:scrum_overview: 969 mini seconds publishing element
Info: SupportingMaterial:scrum_overview: 641 mini seconds publishing element
Info: RoleSet:scrum_roles: 62 mini seconds publishing element
Info: : 2016 mini-second(s) publishing element Role:product_owner[Scrum\roles\product_owner_10E7BD3.html]
Info: Role:product_owner: 2016 mini seconds publishing element
Info: Role:scrummaster: 562 mini seconds publishing element
Info: Role:scrum_team: 704 mini seconds publishing element
Info: WorkProductType:scrum_work_products: 62 mini seconds publishing element
Info: Artifact:potentially_shippable_product_incremement: 703 mini seconds publishing element
Info: Artifact:product_backlog: 110 mini seconds publishing element
Info: Artifact:release_burndown_chart: 78 mini seconds publishing element
Info: Artifact:sprint_backlog: 109 mini seconds publishing element
Info: Artifact:sprint_burndown_chart: 62 mini seconds publishing element
Info: Artifact:taskboard: 94 mini seconds publishing element
Info: Discipline:scrum_activities: 47 mini seconds publishing element
Info: Task:estimating_the_backlog: 672 mini seconds publishing element
Info: Task:prioritizing_the_backlog: 62 mini seconds publishing element
Info: Task:release_planning: 47 mini seconds publishing element
Info: Task:sprint_planning_meeting: 78 mini seconds publishing element
Info: Task:sprint_retrospective: 63 mini seconds publishing element
Info: Task:sprint_review_meeting: 47 mini seconds publishing element
Info: Task:the_daily_scrum: 62 mini seconds publishing element
Info: CustomCategory:scrum_guidance: 47 mini seconds publishing element
Info: Guideline:scrum_of_scrums: 31 mini seconds publishing element
Info: Guideline:estimation_techniques: 47 mini seconds publishing element
Info: Guideline:prioritizing_the_backlog: 63 mini seconds publishing element
Info: SupportingMaterial:scrum_references: 31 mini seconds publishing element
Info: Concept:story_points: 47 mini seconds publishing element
Info: Template:burndown_chart: 625 mini seconds publishing element
Info: Example:example_product_backlog: 47 mini seconds publishing element
Info: Example:alternative_release_burndown_chart: 78 mini seconds publishing element
Info: : Publishing time: 0 minutes 12 seconds
