Warning: SupportingMaterial:relationship_between_rup_and_itup_overview: Unable to find element for guid _ydt60dnmEdmO6L4XMImrsA
Warning: SupportingMaterial:relationship_between_rup_and_itup_overview: Unable to find element for guid _ydt62NnmEdmO6L4XMImrsA
Warning: SupportingMaterial:relationship_between_rup_and_itup_overview: Unable to find element for guid _yd3ExNnmEdmO6L4XMImrsA
Warning: SupportingMaterial:relationship_between_rup_and_itup_overview: Unable to find element for guid _yd3EzdnmEdmO6L4XMImrsA
Warning: SupportingMaterial:relationship_between_rup_and_itup_overview: Unable to find element for guid _yeA1xNnmEdmO6L4XMImrsA
Warning: SupportingMaterial:relationship_between_rup_and_itup_overview: Unable to find element for guid _yd3E1NnmEdmO6L4XMImrsA
Warning: SupportingMaterial:relationship_between_rup_and_itup_overview: Unable to find element for guid _yeA1y9nmEdmO6L4XMImrsA
Warning: SupportingMaterial:relationship_between_rup_and_itup_overview: Unable to find element for guid _yeA1xNnmEdmO6L4XMImrsA
Warning: SupportingMaterial:relationship_between_rup_and_itup_overview: Unable to find element for guid _yeA1xNnmEdmO6L4XMImrsA
Warning: SupportingMaterial:relationship_between_rup_and_itup_overview: Unable to find element for guid _yd3E1NnmEdmO6L4XMImrsA
Warning: SupportingMaterial:relationship_between_rup_and_itup_overview: Unable to find element for guid _yeA1y9nmEdmO6L4XMImrsA
Warning: SupportingMaterial:relationship_between_rup_and_itup_overview: Unable to find element for guid _yeA1xNnmEdmO6L4XMImrsA
Warning: SupportingMaterial:relationship_between_rup_and_itup_overview: Unable to find element for guid _yd3E1NnmEdmO6L4XMImrsA
Warning: SupportingMaterial:relationship_between_rup_and_itup_overview: Unable to find element for guid _yeA1y9nmEdmO6L4XMImrsA
Warning: SupportingMaterial:relationship_between_rup_and_itup_overview: Unable to find element for guid _C7UYYBDfEdq7YLm-hn4i0Q
Warning: SupportingMaterial:relationship_between_rup_and_itup_overview: Unable to find element for guid _ydt60dnmEdmO6L4XMImrsA
Warning: SupportingMaterial:relationship_between_rup_and_itup_overview: Unable to find element for guid _ydt62NnmEdmO6L4XMImrsA
Warning: SupportingMaterial:relationship_between_rup_and_itup_overview: Unable to find element for guid _yd3ExNnmEdmO6L4XMImrsA
Warning: SupportingMaterial:relationship_between_rup_and_itup_overview: Unable to find element for guid _yd3EzdnmEdmO6L4XMImrsA
Warning: SupportingMaterial:relationship_between_rup_and_itup_overview: Unable to find element for guid _yeKmwtnmEdmO6L4XMImrsA
Warning: SupportingMaterial:relationship_between_rup_and_itup_overview: Unable to find element for guid _yeA1y9nmEdmO6L4XMImrsA
Warning: SupportingMaterial:relationship_between_rup_and_itup_overview: Unable to find element for guid _yeA1xNnmEdmO6L4XMImrsA
Warning: SupportingMaterial:relationship_between_rup_and_itup_overview: Unable to find element for guid _yeA1xNnmEdmO6L4XMImrsA
Warning: SupportingMaterial:relationship_between_rup_and_itup_overview: Unable to find element for guid _yd3E1NnmEdmO6L4XMImrsA
Warning: SupportingMaterial:relationship_between_rup_and_itup_overview: Unable to find element for guid _yeA1y9nmEdmO6L4XMImrsA
Warning: SupportingMaterial:rup_itup_terminology_cross_reference: Unable to find element for guid _x459ktnmEdmO6L4XMImrsA
Warning: SupportingMaterial:rup_itup_terminology_cross_reference: Unable to find element for guid _2RUJACO4EdqaNq6Ptg8uyA
Warning: SupportingMaterial:rup_itup_terminology_cross_reference: Unable to find element for guid _cvdpEB_LEdq6CKKKq4D7YA
Warning: SupportingMaterial:rup_itup_terminology_cross_reference: Unable to find element for guid _7rS6AB_JEdq6CKKKq4D7YA
Warning: SupportingMaterial:rup_itup_terminology_cross_reference: Unable to find element for guid _95LCoB_QEdq6CKKKq4D7YA
Warning: SupportingMaterial:rup_itup_terminology_cross_reference: Unable to find element for guid _x9050NnmEdmO6L4XMImrsA
Warning: SupportingMaterial:rup_itup_terminology_cross_reference: Unable to find element for guid _x9050NnmEdmO6L4XMImrsA
Warning: SupportingMaterial:rup_itsm_itup_integrated_table_for_quick_reference: Unable to find element for guid _C7UYYBDfEdq7YLm-hn4i0Q
Warning: SupportingMaterial:rup_itsm_itup_integrated_table_for_quick_reference: Unable to find element for guid _ydt60dnmEdmO6L4XMImrsA
Warning: SupportingMaterial:rup_itsm_itup_integrated_table_for_quick_reference: Unable to find element for guid _ydt62NnmEdmO6L4XMImrsA
Warning: SupportingMaterial:rup_itsm_itup_integrated_table_for_quick_reference: Unable to find element for guid _yd3ExNnmEdmO6L4XMImrsA
Warning: SupportingMaterial:rup_itsm_itup_integrated_table_for_quick_reference: Unable to find element for guid _yd3EzdnmEdmO6L4XMImrsA
Warning: SupportingMaterial:rup_itsm_itup_integrated_table_for_quick_reference: Unable to find element for guid _yeKmwtnmEdmO6L4XMImrsA
Warning: SupportingMaterial:rup_itsm_itup_integrated_table_for_quick_reference: Unable to find element for guid _yeA1y9nmEdmO6L4XMImrsA
Warning: SupportingMaterial:rup_itsm_itup_integrated_table_for_quick_reference: Unable to find element for guid _yeA1xNnmEdmO6L4XMImrsA
Warning: SupportingMaterial:rup_itsm_itup_integrated_table_for_quick_reference: Unable to find element for guid _yeA1xNnmEdmO6L4XMImrsA
Warning: SupportingMaterial:rup_itsm_itup_integrated_table_for_quick_reference: Unable to find element for guid _yd3E1NnmEdmO6L4XMImrsA
Warning: SupportingMaterial:rup_itsm_itup_integrated_table_for_quick_reference: Unable to find element for guid _yeA1y9nmEdmO6L4XMImrsA
Warning: SupportingMaterial:rup_itsm_itup_integrated_table_for_quick_reference: Unable to find element for guid _ydt60dnmEdmO6L4XMImrsA
Warning: SupportingMaterial:rup_itsm_itup_integrated_table_for_quick_reference: Unable to find element for guid {EAEF65F0-E9CA-45B2-A875-47E66B3FDBC6}
Warning: SupportingMaterial:rup_itsm_itup_integrated_table_for_quick_reference: Unable to find element for guid {3CD5FA7E-160C-4A39-9DEB-C6D162D8AECD}
Warning: SupportingMaterial:rup_itsm_itup_integrated_table_for_quick_reference: Unable to find element for guid {536BC669-A8FB-426D-88FF-CBEA806A9066}
Warning: SupportingMaterial:rup_itsm_itup_integrated_table_for_quick_reference: Unable to find element for guid {A1FA1E95-8028-42EB-9B92-0DA77380F3E1}
Warning: SupportingMaterial:rup_itsm_itup_integrated_table_for_quick_reference: Unable to find element for guid _I5vM8DJwEdqLGaxX1Cc4eA
Warning: SupportingMaterial:rup_itsm_itup_integrated_table_for_quick_reference: Unable to find element for guid {B1526BC5-E346-42CB-A08A-3C0D7F382407}
Warning: SupportingMaterial:rup_itsm_itup_integrated_table_for_quick_reference: Unable to find element for guid {B16C2941-791C-44E6-B353-354109B5C9DE}
Warning: SupportingMaterial:rup_itsm_itup_integrated_table_for_quick_reference: Unable to find element for guid {BE8165DC-BAF2-4237-B27D-F2A037023364}
Warning: SupportingMaterial:rup_itsm_itup_integrated_table_for_quick_reference: Unable to find element for guid {BB502500-EEEC-4BDE-8697-186666D6D5B3}
Warning: SupportingMaterial:rup_itsm_itup_integrated_table_for_quick_reference: Unable to find element for guid _yd3EzdnmEdmO6L4XMImrsA
Warning: SupportingMaterial:rup_itsm_itup_integrated_table_for_quick_reference: Unable to find element for guid {74E51E86-ECAB-4A61-9A88-FD358EE6F2B1}
Warning: SupportingMaterial:rup_itsm_itup_integrated_table_for_quick_reference: Unable to find element for guid {87374880-B351-4822-8C1E-819ECA9F51D4}
Warning: SupportingMaterial:rup_itsm_itup_integrated_table_for_quick_reference: Unable to find element for guid _ydt62NnmEdmO6L4XMImrsA
Warning: SupportingMaterial:rup_itsm_itup_integrated_table_for_quick_reference: Unable to find element for guid _ydt62NnmEdmO6L4XMImrsA
Warning: SupportingMaterial:rup_itsm_itup_integrated_table_for_quick_reference: Unable to find element for guid _yd3EzdnmEdmO6L4XMImrsA
Warning: SupportingMaterial:rup_itsm_itup_integrated_table_for_quick_reference: Unable to find element for guid {187268D3-3166-4823-8DD8-5E1112004AC3}
Warning: SupportingMaterial:rup_itsm_itup_integrated_table_for_quick_reference: Unable to find element for guid {DB50EF75-2B05-4487-8299-D82D2A0AD45C}
Warning: SupportingMaterial:rup_itsm_itup_integrated_table_for_quick_reference: Unable to find element for guid _yeA1xNnmEdmO6L4XMImrsA
Warning: SupportingMaterial:rup_itsm_itup_integrated_table_for_quick_reference: Unable to find element for guid {0A40D5A0-2119-4D42-9B35-72D9B42BB4FA}
Warning: SupportingMaterial:rup_itsm_itup_integrated_table_for_quick_reference: Unable to find element for guid {C6DE470A-C26B-41D7-9807-6D3DE566920E}
Warning: SupportingMaterial:rup_itsm_itup_integrated_table_for_quick_reference: Unable to find element for guid _ydt60dnmEdmO6L4XMImrsA
Warning: SupportingMaterial:rup_itsm_itup_integrated_table_for_quick_reference: Unable to find element for guid {6E23D919-D149-43C2-9D37-8AF77B667CA8}
Warning: SupportingMaterial:rup_itsm_itup_integrated_table_for_quick_reference: Unable to find element for guid {3CD5FA7E-160C-4A39-9DEB-C6D162D8AECD}
Warning: SupportingMaterial:rup_itsm_itup_integrated_table_for_quick_reference: Unable to find element for guid {536BC669-A8FB-426D-88FF-CBEA806A9066}
Warning: SupportingMaterial:rup_itsm_itup_integrated_table_for_quick_reference: Unable to find element for guid {A1FA1E95-8028-42EB-9B92-0DA77380F3E1}
Warning: SupportingMaterial:rup_itsm_itup_integrated_table_for_quick_reference: Unable to find element for guid _yeA1y9nmEdmO6L4XMImrsA
Warning: SupportingMaterial:rup_itsm_itup_integrated_table_for_quick_reference: Unable to find element for guid {BA2988C4-2FC5-4C71-8EF9-8D6C233B01C2}
Warning: SupportingMaterial:rup_itsm_itup_integrated_table_for_quick_reference: Unable to find element for guid {E497E75A-2E69-474E-A814-42BBD8081D1F}
Warning: SupportingMaterial:rup_itsm_itup_integrated_table_for_quick_reference: Unable to find element for guid _nVV5pt6cEdqzNNzvi2cjHw
Warning: SupportingMaterial:rup_to_itup_service_level_management_touch_point: Unable to find element for guid _ydt60dnmEdmO6L4XMImrsA
Warning: SupportingMaterial:rup_to_itup_service_level_management_touch_point: Unable to find element for guid {EAEF65F0-E9CA-45B2-A875-47E66B3FDBC6}
Warning: SupportingMaterial:rup_to_itup_service_level_management_touch_point: Unable to find element for guid {3CD5FA7E-160C-4A39-9DEB-C6D162D8AECD}
Warning: SupportingMaterial:rup_to_itup_service_level_management_touch_point: Unable to find element for guid {536BC669-A8FB-426D-88FF-CBEA806A9066}
Warning: SupportingMaterial:rup_to_itup_service_level_management_touch_point: Unable to find element for guid _I5vM8DJwEdqLGaxX1Cc4eA
Warning: SupportingMaterial:rup_to_itup_service_level_management_touch_point: Unable to find element for guid {B1526BC5-E346-42CB-A08A-3C0D7F382407}
Warning: SupportingMaterial:rup_to_itup_service_level_management_touch_point: Unable to find element for guid {B16C2941-791C-44E6-B353-354109B5C9DE}
Warning: SupportingMaterial:rup_to_itup_service_level_management_touch_point: Unable to find element for guid {EAEF65F0-E9CA-45B2-A875-47E66B3FDBC6}
Warning: SupportingMaterial:rup_to_itup_service_level_management_touch_point: Unable to find element for guid {A1FA1E95-8028-42EB-9B92-0DA77380F3E1}
Warning: SupportingMaterial:rup_to_itup_service_level_management_touch_point: Unable to find element for guid {BB502500-EEEC-4BDE-8697-186666D6D5B3}
Warning: SupportingMaterial:rup_to_itup_service_level_management_touch_point: Unable to find element for guid {BE8165DC-BAF2-4237-B27D-F2A037023364}
Warning: SupportingMaterial:rup_to_itup_service_level_management_touch_point: Unable to find element for guid _ydt60dnmEdmO6L4XMImrsA
Warning: SupportingMaterial:rup_to_itup_service_level_management_touch_point: Unable to find element for guid {EAEF65F0-E9CA-45B2-A875-47E66B3FDBC6}
Warning: SupportingMaterial:rup_to_itup_service_level_management_touch_point: Unable to find element for guid {3CD5FA7E-160C-4A39-9DEB-C6D162D8AECD}
Warning: SupportingMaterial:rup_to_itup_service_level_management_touch_point: Unable to find element for guid {536BC669-A8FB-426D-88FF-CBEA806A9066}
Warning: SupportingMaterial:rup_to_itup_service_level_management_touch_point: Unable to find element for guid _I5vM8DJwEdqLGaxX1Cc4eA
Warning: SupportingMaterial:rup_to_itup_service_level_management_touch_point: Unable to find element for guid {A1FA1E95-8028-42EB-9B92-0DA77380F3E1}
Warning: SupportingMaterial:rup_to_itup_service_level_management_touch_point: Unable to find element for guid {B1526BC5-E346-42CB-A08A-3C0D7F382407}
Warning: SupportingMaterial:rup_to_itup_service_level_management_touch_point: Unable to find element for guid {B16C2941-791C-44E6-B353-354109B5C9DE}
Warning: SupportingMaterial:rup_to_itup_service_level_management_touch_point: Unable to find element for guid {BE8165DC-BAF2-4237-B27D-F2A037023364}
Warning: SupportingMaterial:rup_to_itup_service_level_management_touch_point: Unable to find element for guid {BB502500-EEEC-4BDE-8697-186666D6D5B3}
Warning: SupportingMaterial:rup_to_itup_problem_management_touch_point: Unable to find element for guid _yeA1y9nmEdmO6L4XMImrsA
Warning: SupportingMaterial:rup_to_itup_problem_management_touch_point: Unable to find element for guid {BA2988C4-2FC5-4C71-8EF9-8D6C233B01C2}
Warning: SupportingMaterial:rup_to_itup_problem_management_touch_point: Unable to find element for guid {E497E75A-2E69-474E-A814-42BBD8081D1F}
Warning: SupportingMaterial:rup_to_itup_problem_management_touch_point: Unable to find element for guid {BA2988C4-2FC5-4C71-8EF9-8D6C233B01C2}
Warning: SupportingMaterial:rup_to_itup_problem_management_touch_point: Unable to find element for guid {E497E75A-2E69-474E-A814-42BBD8081D1F}
Warning: SupportingMaterial:rup_to_itup_problem_management_touch_point: Unable to find element for guid {BA2988C4-2FC5-4C71-8EF9-8D6C233B01C2}
Warning: SupportingMaterial:rup_to_itup_problem_management_touch_point: Unable to find element for guid _nVV5pt6cEdqzNNzvi2cjHw
Warning: SupportingMaterial:rup_to_itup_problem_management_touch_point: Unable to find element for guid {E497E75A-2E69-474E-A814-42BBD8081D1F}
Warning: SupportingMaterial:rup_to_itup_problem_management_touch_point: Unable to find element for guid _yeA1y9nmEdmO6L4XMImrsA
Warning: SupportingMaterial:rup_to_itup_problem_management_touch_point: Unable to find element for guid {BA2988C4-2FC5-4C71-8EF9-8D6C233B01C2}
Warning: SupportingMaterial:rup_to_itup_problem_management_touch_point: Unable to find element for guid {E497E75A-2E69-474E-A814-42BBD8081D1F}
Warning: SupportingMaterial:rup_to_itup_problem_management_touch_point: Unable to find element for guid _nVV5pt6cEdqzNNzvi2cjHw
Warning: SupportingMaterial:rup_to_itup_configuration_management_touch_point: Unable to find element for guid _yd3EzdnmEdmO6L4XMImrsA
Warning: SupportingMaterial:rup_to_itup_configuration_management_touch_point: Unable to find element for guid {187268D3-3166-4823-8DD8-5E1112004AC3}
Warning: SupportingMaterial:rup_to_itup_configuration_management_touch_point: Unable to find element for guid {DB50EF75-2B05-4487-8299-D82D2A0AD45C}
Warning: SupportingMaterial:rup_to_itup_configuration_management_touch_point: Unable to find element for guid _yd3EzdnmEdmO6L4XMImrsA
Warning: SupportingMaterial:rup_to_itup_configuration_management_touch_point: Unable to find element for guid {187268D3-3166-4823-8DD8-5E1112004AC3}
Warning: SupportingMaterial:rup_to_itup_configuration_management_touch_point: Unable to find element for guid {DB50EF75-2B05-4487-8299-D82D2A0AD45C}
Warning: SupportingMaterial:rup_to_itup_change_management_touch_point: Unable to find element for guid _yeA1xNnmEdmO6L4XMImrsA
Warning: SupportingMaterial:rup_to_itup_change_management_touch_point: Unable to find element for guid {0A40D5A0-2119-4D42-9B35-72D9B42BB4FA}
Warning: SupportingMaterial:rup_to_itup_change_management_touch_point: Unable to find element for guid _ydt60dnmEdmO6L4XMImrsA
Warning: SupportingMaterial:rup_to_itup_change_management_touch_point: Unable to find element for guid {6E23D919-D149-43C2-9D37-8AF77B667CA8}
Warning: SupportingMaterial:rup_to_itup_change_management_touch_point: Unable to find element for guid {3CD5FA7E-160C-4A39-9DEB-C6D162D8AECD}
Warning: SupportingMaterial:rup_to_itup_change_management_touch_point: Unable to find element for guid {536BC669-A8FB-426D-88FF-CBEA806A9066}
Warning: SupportingMaterial:rup_to_itup_change_management_touch_point: Unable to find element for guid _I5vM8DJwEdqLGaxX1Cc4eA
Warning: SupportingMaterial:rup_to_itup_change_management_touch_point: Unable to find element for guid {A1FA1E95-8028-42EB-9B92-0DA77380F3E1}
Warning: SupportingMaterial:rup_to_itup_change_management_touch_point: Unable to find element for guid _yeA1xNnmEdmO6L4XMImrsA
Warning: SupportingMaterial:rup_to_itup_change_management_touch_point: Unable to find element for guid {C6DE470A-C26B-41D7-9807-6D3DE566920E}
Warning: SupportingMaterial:rup_to_itup_change_management_touch_point: Unable to find element for guid _yeA1xNnmEdmO6L4XMImrsA
Warning: SupportingMaterial:rup_to_itup_change_management_touch_point: Unable to find element for guid {0A40D5A0-2119-4D42-9B35-72D9B42BB4FA}
Warning: SupportingMaterial:rup_to_itup_change_management_touch_point: Unable to find element for guid {C6DE470A-C26B-41D7-9807-6D3DE566920E}
Warning: SupportingMaterial:rup_to_itup_change_management_touch_point: Unable to find element for guid _ydt60dnmEdmO6L4XMImrsA
Warning: SupportingMaterial:rup_to_itup_change_management_touch_point: Unable to find element for guid {6E23D919-D149-43C2-9D37-8AF77B667CA8}
Warning: SupportingMaterial:rup_to_itup_change_management_touch_point: Unable to find element for guid {3CD5FA7E-160C-4A39-9DEB-C6D162D8AECD}
Warning: SupportingMaterial:rup_to_itup_change_management_touch_point: Unable to find element for guid {536BC669-A8FB-426D-88FF-CBEA806A9066}
Warning: SupportingMaterial:rup_to_itup_change_management_touch_point: Unable to find element for guid {A1FA1E95-8028-42EB-9B92-0DA77380F3E1}
Warning: SupportingMaterial:rup_to_itup_analysis_and_design_touch_point: Unable to find element for guid _ydt62NnmEdmO6L4XMImrsA
Warning: SupportingMaterial:rup_to_itup_analysis_and_design_touch_point: Unable to find element for guid _ydt62NnmEdmO6L4XMImrsA
Warning: SupportingMaterial:rup_to_itup_analysis_and_design_touch_point: Unable to find element for guid _ydt62NnmEdmO6L4XMImrsA
Warning: SupportingMaterial:rup_to_itup_analysis_and_design_touch_point: Unable to find element for guid _ydt62NnmEdmO6L4XMImrsA
Warning: SupportingMaterial:rup_to_itup_capacity_management_touch_point: Unable to find element for guid _yd3EzdnmEdmO6L4XMImrsA
Warning: SupportingMaterial:rup_to_itup_capacity_management_touch_point: Unable to find element for guid {74E51E86-ECAB-4A61-9A88-FD358EE6F2B1}
Warning: SupportingMaterial:rup_to_itup_capacity_management_touch_point: Unable to find element for guid {87374880-B351-4822-8C1E-819ECA9F51D4}
Warning: SupportingMaterial:rup_to_itup_capacity_management_touch_point: Unable to find element for guid _yd3EzdnmEdmO6L4XMImrsA
Warning: SupportingMaterial:rup_to_itup_capacity_management_touch_point: Unable to find element for guid {74E51E86-ECAB-4A61-9A88-FD358EE6F2B1}
Warning: SupportingMaterial:rup_to_itup_capacity_management_touch_point: Unable to find element for guid {87374880-B351-4822-8C1E-819ECA9F51D4}
Warning: SupportingMaterial:touch_points_by_rup_discipline: Unable to find element for guid _ydt60dnmEdmO6L4XMImrsA
Warning: SupportingMaterial:touch_points_by_rup_discipline: Unable to find element for guid _ydt62NnmEdmO6L4XMImrsA
Warning: SupportingMaterial:touch_points_by_rup_discipline: Unable to find element for guid _ydt62NnmEdmO6L4XMImrsA
Warning: SupportingMaterial:touch_points_by_rup_discipline: Unable to find element for guid _yeA1xNnmEdmO6L4XMImrsA
Warning: SupportingMaterial:touch_points_by_rup_discipline: Unable to find element for guid _yeA1y9nmEdmO6L4XMImrsA
Warning: SupportingMaterial:touch_points_by_rup_discipline: Unable to find element for guid _yd3EzdnmEdmO6L4XMImrsA
Warning: CustomCategory:touch_points_in_alphabetical_order: Unable to find element for guid _ydt62NnmEdmO6L4XMImrsA
Warning: CustomCategory:touch_points_in_alphabetical_order: Unable to find element for guid _ydt62NnmEdmO6L4XMImrsA
Warning: CustomCategory:touch_points_in_alphabetical_order: Unable to find element for guid _yd3EzdnmEdmO6L4XMImrsA
Warning: CustomCategory:touch_points_in_alphabetical_order: Unable to find element for guid {74E51E86-ECAB-4A61-9A88-FD358EE6F2B1}
Warning: CustomCategory:touch_points_in_alphabetical_order: Unable to find element for guid {87374880-B351-4822-8C1E-819ECA9F51D4}
Warning: CustomCategory:touch_points_in_alphabetical_order: Unable to find element for guid _yeA1xNnmEdmO6L4XMImrsA
Warning: CustomCategory:touch_points_in_alphabetical_order: Unable to find element for guid {0A40D5A0-2119-4D42-9B35-72D9B42BB4FA}
Warning: CustomCategory:touch_points_in_alphabetical_order: Unable to find element for guid {C6DE470A-C26B-41D7-9807-6D3DE566920E}
Warning: CustomCategory:touch_points_in_alphabetical_order: Unable to find element for guid _ydt60dnmEdmO6L4XMImrsA
Warning: CustomCategory:touch_points_in_alphabetical_order: Unable to find element for guid {6E23D919-D149-43C2-9D37-8AF77B667CA8}
Warning: CustomCategory:touch_points_in_alphabetical_order: Unable to find element for guid {3CD5FA7E-160C-4A39-9DEB-C6D162D8AECD}
Warning: CustomCategory:touch_points_in_alphabetical_order: Unable to find element for guid {536BC669-A8FB-426D-88FF-CBEA806A9066}
Warning: CustomCategory:touch_points_in_alphabetical_order: Unable to find element for guid {A1FA1E95-8028-42EB-9B92-0DA77380F3E1}
Warning: CustomCategory:touch_points_in_alphabetical_order: Unable to find element for guid _yd3EzdnmEdmO6L4XMImrsA
Warning: CustomCategory:touch_points_in_alphabetical_order: Unable to find element for guid {187268D3-3166-4823-8DD8-5E1112004AC3}
Warning: CustomCategory:touch_points_in_alphabetical_order: Unable to find element for guid {DB50EF75-2B05-4487-8299-D82D2A0AD45C}
Warning: CustomCategory:touch_points_in_alphabetical_order: Unable to find element for guid _yeA1y9nmEdmO6L4XMImrsA
Warning: CustomCategory:touch_points_in_alphabetical_order: Unable to find element for guid {BA2988C4-2FC5-4C71-8EF9-8D6C233B01C2}
Warning: CustomCategory:touch_points_in_alphabetical_order: Unable to find element for guid {E497E75A-2E69-474E-A814-42BBD8081D1F}
Warning: CustomCategory:touch_points_in_alphabetical_order: Unable to find element for guid _nVV5pt6cEdqzNNzvi2cjHw
Warning: CustomCategory:touch_points_in_alphabetical_order: Unable to find element for guid _ydt60dnmEdmO6L4XMImrsA
Warning: CustomCategory:touch_points_in_alphabetical_order: Unable to find element for guid {EAEF65F0-E9CA-45B2-A875-47E66B3FDBC6}
Warning: CustomCategory:touch_points_in_alphabetical_order: Unable to find element for guid {3CD5FA7E-160C-4A39-9DEB-C6D162D8AECD}
Warning: CustomCategory:touch_points_in_alphabetical_order: Unable to find element for guid {536BC669-A8FB-426D-88FF-CBEA806A9066}
Warning: CustomCategory:touch_points_in_alphabetical_order: Unable to find element for guid {A1FA1E95-8028-42EB-9B92-0DA77380F3E1}
Warning: CustomCategory:touch_points_in_alphabetical_order: Unable to find element for guid _I5vM8DJwEdqLGaxX1Cc4eA
Warning: CustomCategory:touch_points_in_alphabetical_order: Unable to find element for guid {B1526BC5-E346-42CB-A08A-3C0D7F382407}
Warning: CustomCategory:touch_points_in_alphabetical_order: Unable to find element for guid {B16C2941-791C-44E6-B353-354109B5C9DE}
Warning: CustomCategory:touch_points_in_alphabetical_order: Unable to find element for guid {BE8165DC-BAF2-4237-B27D-F2A037023364}
Warning: CustomCategory:touch_points_in_alphabetical_order: Unable to find element for guid {BB502500-EEEC-4BDE-8697-186666D6D5B3}
Warning: SupportingMaterial:deploying_software_and_systems: Unable to find element for guid {9B5E6B08-625F-40DF-AA4E-0BD056C0553A}
Warning: SupportingMaterial:deploying_software_and_systems: Unable to find element for guid {3124AE63-F6A4-48E9-A517-E484845B9F09}
Warning: SupportingMaterial:deploying_software_and_systems: Unable to find element for guid {8D0B4C74-F70A-4BDC-B3C9-CA0FD95922B6}
Warning: SupportingMaterial:deploying_software_and_systems: Unable to find element for guid {8D0B4C74-F70A-4BDC-B3C9-CA0FD95922B6}
Warning: SupportingMaterial:deploying_software_and_systems: Unable to find element for guid _tASIQDK7EdqseP6pgOfC6g
Warning: SupportingMaterial:deploying_software_and_systems: Unable to find element for guid {293A215D-E3D2-47D9-9A2E-89431862EFDA}
Warning: SupportingMaterial:deploying_software_and_systems: Unable to find element for guid _64Ee0DK4EdqHc6VRvq68Uw
Warning: SupportingMaterial:deploying_software_and_systems: Unable to find element for guid {B089A6F0-53E7-4A54-9E5F-8BCCCE46E862}
Warning: SupportingMaterial:deploying_software_and_systems: Unable to find element for guid _yd3E1NnmEdmO6L4XMImrsA
Warning: SupportingMaterial:deploying_software_and_systems: Unable to find element for guid _yd3E1NnmEdmO6L4XMImrsA
Warning: SupportingMaterial:developing_solutions: Unable to find element for guid _C7UYYBDfEdq7YLm-hn4i0Q
Warning: SupportingMaterial:developing_solutions: Unable to find element for guid _ydt60dnmEdmO6L4XMImrsA
Warning: SupportingMaterial:developing_solutions: Unable to find element for guid _ydt62NnmEdmO6L4XMImrsA
Warning: SupportingMaterial:developing_solutions: Unable to find element for guid _yd3ExNnmEdmO6L4XMImrsA
Warning: SupportingMaterial:developing_solutions: Unable to find element for guid _yd3EzdnmEdmO6L4XMImrsA
Warning: SupportingMaterial:developing_solutions: Unable to find element for guid _yeA1y9nmEdmO6L4XMImrsA
Warning: SupportingMaterial:developing_solutions: Unable to find element for guid _yeKmwtnmEdmO6L4XMImrsA
Warning: SupportingMaterial:developing_solutions: Unable to find element for guid _yeA1y9nmEdmO6L4XMImrsA
Warning: SupportingMaterial:managing_changes: Unable to find element for guid {BFBA9E6A-CB4B-45A7-9A25-FF7CA1A1153D}
Warning: SupportingMaterial:managing_changes: Unable to find element for guid {BFBA9E6A-CB4B-45A7-9A25-FF7CA1A1153D}
Warning: SupportingMaterial:managing_changes: Unable to find element for guid {C85C9CC0-AD92-46C9-85BA-4C0672D6571E}
Warning: SupportingMaterial:managing_changes: Unable to find element for guid {BFBA9E6A-CB4B-45A7-9A25-FF7CA1A1153D}
Warning: SupportingMaterial:managing_changes: Unable to find element for guid _yeA1xNnmEdmO6L4XMImrsA
Warning: SupportingMaterial:managing_changes: Unable to find element for guid {694A7BC8-3D20-4172-BC56-6C7BD4590BA5}
Warning: SupportingMaterial:managing_changes: Unable to find element for guid {417F089F-6636-451A-A8AB-AB4EAC7AC4F1}
Warning: SupportingMaterial:managing_configurations: Unable to find element for guid _yeA1xNnmEdmO6L4XMImrsA
Warning: SupportingMaterial:managing_configurations: Unable to find element for guid _yeKmwtnmEdmO6L4XMImrsA
Warning: SupportingMaterial:managing_configurations: Unable to find element for guid _yeA1xNnmEdmO6L4XMImrsA
Warning: Concept:problem_management_key_concepts: Unable to find element for guid _yeA1xNnmEdmO6L4XMImrsA
