Info: CustomCategory:psm_overview: 97 mini seconds publishing element
Info: : 1921 mini-second(s) publishing element Concept:getting_started_with_psm[enterprise.psm\guidances\concepts\getting_started_with_psm_3175F8F5.html]
Info: Concept:getting_started_with_psm: 1930 mini seconds publishing element
Info: Roadmap:PSM Roadmap: 144 mini seconds publishing element
Info: CustomCategory:psm_key_concepts: 34 mini seconds publishing element
Info: Concept:measurement: 62 mini seconds publishing element
Info: Concept:measurement_process_model: 48 mini seconds publishing element
Info: Concept:measurement_information_model: 51 mini seconds publishing element
Info: CustomCategory:psm_guidelines: 37 mini seconds publishing element
Info: Guideline:measurement: 159 mini seconds publishing element
Info: Guideline:measurement_analysis_technique: 35 mini seconds publishing element
Info: Guideline:se_leading_indicators_guide: 198 mini seconds publishing element
Info: Guideline:iso_15939: 23 mini seconds publishing element
Info: CustomCategory:psm_measurement_specification_examples: 19 mini seconds publishing element
Info: CustomCategory:measurement_specs: 26 mini seconds publishing element
Info: Example:ms_project_schedule: 131 mini seconds publishing element
Info: Example:ms_earned_value: 135 mini seconds publishing element
Info: Example:ms_cost: 114 mini seconds publishing element
Info: Example:ms_effort: 111 mini seconds publishing element
Info: Example:ms_test_procedure_status: 93 mini seconds publishing element
Info: Example:ms_test_procedure_maturity: 77 mini seconds publishing element
Info: Example:ms_breadth_of_test: 68 mini seconds publishing element
Info: Example:ms_design_progress: 67 mini seconds publishing element
Info: CustomCategory:se_leading_indicators: 36 mini seconds publishing element
Info: Example:se_leading_indicators_requirements_trend: 50 mini seconds publishing element
Info: Example:se_leading_indicators_sys_def_change_backlog_trends: 70 mini seconds publishing element
Info: Example:se_leading_indicators_interface_trends: 36 mini seconds publishing element
Info: Example:se_leading_indicators_requirements_validation_trends: 36 mini seconds publishing element
Info: Example:se_leading_indicators_requirements_verification_trends: 38 mini seconds publishing element
Info: Example:se_leading_indicators_work_product_approval_trends: 38 mini seconds publishing element
Info: Example:se_leading_indicators_review_action_closure_trends: 34 mini seconds publishing element
Info: Example:se_leading_indicators_technology_maturity_trends: 31 mini seconds publishing element
Info: Example:se_leading_indicators_risk_exposure_trends: 49 mini seconds publishing element
Info: Example:se_leading_indicator_risk_handling_trends: 73 mini seconds publishing element
Info: Example:se_leading_indicators_se_staffing_and_skills_trends: 42 mini seconds publishing element
Info: Example:se_leading_indicators_process_compliance_trends: 57 mini seconds publishing element
Info: Example:se_leading_indicator_technical_measurement_trends: 49 mini seconds publishing element
Info: CustomCategory:se_measurement_specs: 32 mini seconds publishing element
Info: Example:ms_requirements_trends: 121 mini seconds publishing element
Info: Example:ms_se_system_def_change_backlog_trends: 110 mini seconds publishing element
Info: Example:ms_se_interface_trends: 77 mini seconds publishing element
Info: Example:ms_requirements_validation_trends: 103 mini seconds publishing element
Info: Example:ms_requirements_verification_trends: 94 mini seconds publishing element
Info: Example:ms_work_product_approval_trends: 75 mini seconds publishing element
Info: Example:ms_review_action_item_closure_trends: 90 mini seconds publishing element
Info: Example:ms_se_technology_maturity_trends: 85 mini seconds publishing element
Info: Example:ms_risk_exposure_trends: 78 mini seconds publishing element
Info: Example:ms_risk_handling_trends: 126 mini seconds publishing element
Info: Example:ms_se_staffing_and_skills_trends: 101 mini seconds publishing element
Info: Example:ms_process_compliance_trends: 99 mini seconds publishing element
Info: Example:ms_technical_measurement_trends: 59 mini seconds publishing element
Info: CustomCategory:psm_work_products: 42 mini seconds publishing element
Info: Artifact:psm_measurement_plan: 60 mini seconds publishing element
Info: Artifact:psm_project_measurements: 75 mini seconds publishing element
Info: Template:measurement_information_specification: 51 mini seconds publishing element
Info: Template:measurement_plan: 39 mini seconds publishing element
Info: Artifact:psm_info_needs_list: 49 mini seconds publishing element
Info: Artifact:psm_meas_analysis_reco: 37 mini seconds publishing element
Info: Artifact:psm_meas_specification: 119 mini seconds publishing element
Info: CustomCategory:psm_white_papers: 31 mini seconds publishing element
Info: Whitepaper:se_leading_indicator_guide_wp: 41 mini seconds publishing element
Info: Whitepaper:psm_safety_measurement_wp: 36 mini seconds publishing element
Info: Whitepaper:psm_security_measurement_wp: 43 mini seconds publishing element
Info: Whitepaper:psm_measurement_for_process_improvement_wp: 35 mini seconds publishing element
Info: Whitepaper:psm_technical_measurement_guide_wp: 63 mini seconds publishing element
Info: Whitepaper:psm_system_of_systems_measurement_wp: 47 mini seconds publishing element
Info: CustomCategory:psm_processes: 36 mini seconds publishing element
Info: CustomCategory:capability_patterns: 28 mini seconds publishing element
Info: CapabilityPattern:Measurement Process: 559 mini seconds publishing element
Info: CapabilityPattern:Measurement Process: 225 mini seconds publishing process specific layout data
Info: RoleSet:analysts: 44 mini seconds publishing element
Info: Role:psm_measurement_analyst: 184 mini seconds publishing element
Info: RoleSet:developers: 30 mini seconds publishing element
Info: Role:system_designer: 57 mini seconds publishing element
Info: Role:systems_architect: 49 mini seconds publishing element
Info: RoleSet:managers: 28 mini seconds publishing element
Info: Role:configuration_manager: 65 mini seconds publishing element
Info: Role:process_engineer: 51 mini seconds publishing element
Info: Role:project_manager: 92 mini seconds publishing element
Info: Role:test_manager: 72 mini seconds publishing element
Info: SupportingMaterial:what_s_new_in_the_psm_plug-in: 32 mini seconds publishing element
Info: CustomCategory:psm_references: 21 mini seconds publishing element
Info: SupportingMaterial:psm_references: 40 mini seconds publishing element
Info: SupportingMaterial:psm_bibliography: 21 mini seconds publishing element
Info: SupportingMaterial:se_leading_indicators_references: 33 mini seconds publishing element
Info: SupportingMaterial:about_the_psm_plug-in: 31 mini seconds publishing element
Info: SupportingMaterial:psm_copyright: 447 mini seconds publishing element
Info: SupportingMaterial:psm_se_leading_indicators_main_copyright: 51 mini seconds publishing element
Info: SupportingMaterial:psm_resource_center: 57 mini seconds publishing element
Info: SupportingMaterial:detailed_copyright: 30 mini seconds publishing element
Info: Task:develop_measurement_plan_psm: 137 mini seconds publishing element
Info: Task:psm_establish_and_sustain_commitment: 65 mini seconds publishing element
Info: Task:assess_improve_test_effort_psm: 74 mini seconds publishing element
Info: Task:psm_evaluate_measurement: 57 mini seconds publishing element
Info: Task:monitor_project_status_psm: 88 mini seconds publishing element
Info: Task:psm_perform_measurement: 116 mini seconds publishing element
Info: Task:psm_plan_measurement: 77 mini seconds publishing element
Info: Task:report_status_psm: 60 mini seconds publishing element
Info: Example:ms_data_collection_and_analysis: 46 mini seconds publishing element
Info: Domain:project_management: 26 mini seconds publishing element
Info: WorkProductType:project_data: 25 mini seconds publishing element
Info: WorkProductType:assessment: 18 mini seconds publishing element
Info: TaskDescriptor:psm_establish_and_sustain_commitment: 99 mini seconds publishing element
Info: TaskDescriptor:psm_plan_measurement: 112 mini seconds publishing element
Info: TaskDescriptor:psm_perform_measurement: 124 mini seconds publishing element
Info: TaskDescriptor:psm_evaluate_measurement: 72 mini seconds publishing element
Info: RoleDescriptor:psm_measurement_analyst: 70 mini seconds publishing element
Info: RoleDescriptor:project_manager: 51 mini seconds publishing element
Info: WorkProductDescriptor:psm_info_needs_list: 76 mini seconds publishing element
Info: WorkProductDescriptor:psm_meas_analysis_reco: 71 mini seconds publishing element
Info: WorkProductDescriptor:psm_measurement_plan: 67 mini seconds publishing element
Info: WorkProductDescriptor:psm_meas_specification: 55 mini seconds publishing element
Info: Discipline:project_management_discipline: 36 mini seconds publishing element
Info: Discipline:test_discipline: 17 mini seconds publishing element
Info: : Publishing time: 0 minutes 12 seconds
