Warning: Concept:getting_started_with_psm: Unable to find element for guid _QOufl3HCEdyhH6NzIpyxlQ
Warning: Roadmap:PSM Roadmap: Unable to find element for guid 1.7289463523320947E-303
Warning: Roadmap:PSM Roadmap: Unable to find element for guid 2.387236931197315E-303
Warning: Roadmap:PSM Roadmap: Unable to find element for guid _Uper0INWEdyR0JEkj9xWhw
Warning: Roadmap:PSM Roadmap: Unable to find element for guid 1.7289463523320947E-303
Warning: Roadmap:PSM Roadmap: Unable to find element for guid 2.387236931197315E-303
Warning: Guideline:measurement: Unable to find element for guid 7.755968586980351E-308
Warning: Guideline:measurement: Unable to find element for guid 7.755968586980351E-308
Warning: Guideline:measurement: missing resource file './../../../enterprise.psm/guidances/guidelines/./resources/metrics3.gif'
Warning: Example:ms_requirements_validation_trends: Unable to find element for guid {EE97A8CD-66CA-4A9B-9871-E3B94CCED528}
Warning: Example:ms_requirements_validation_trends: Unable to find element for guid {EE97A8CD-66CA-4A9B-9871-E3B94CCED528}
Warning: Example:ms_requirements_verification_trends: Unable to find element for guid {EE97A8CD-66CA-4A9B-9871-E3B94CCED528}
Warning: Example:ms_requirements_verification_trends: Unable to find element for guid {EE97A8CD-66CA-4A9B-9871-E3B94CCED528}
Warning: Example:ms_risk_handling_trends: Unable to find element for guid {EE97A8CD-66CA-4A9B-9871-E3B94CCED528}
Warning: Example:ms_process_compliance_trends: Unable to find element for guid {ADDC62A7-8E36-4DCE-9E5C-211B0950EBB5}
Warning: Example:ms_process_compliance_trends: Unable to find element for guid {E0633E7D-9A93-40BA-9B8D-E27AD2C5D401}
Warning: Artifact:psm_measurement_plan: Unable to find element for guid {F6D674A6-D71A-4D36-A195-4C888C1D0E70}
Warning: Artifact:psm_measurement_plan: Unable to find element for guid {4778F35B-36C4-4F29-87F8-DAA1207CEF7D}
Warning: Artifact:psm_project_measurements: Unable to find element for guid {F6D674A6-D71A-4D36-A195-4C888C1D0E70}
Warning: Artifact:psm_project_measurements: Unable to find element for guid {EE97A8CD-66CA-4A9B-9871-E3B94CCED528}
Warning: Artifact:psm_project_measurements: Unable to find element for guid {EE97A8CD-66CA-4A9B-9871-E3B94CCED528}
Warning: Artifact:psm_project_measurements: Unable to find element for guid {EE97A8CD-66CA-4A9B-9871-E3B94CCED528}
Warning: Artifact:psm_project_measurements: missing resource file './../../enterprise.psm/../workproducts/resources/psmdb.jpg'
Warning: Artifact:psm_info_needs_list: Unable to find element for guid {EE97A8CD-66CA-4A9B-9871-E3B94CCED528}
Warning: Role:configuration_manager: Unable to find element for guid {8939FDEF-EC44-4009-9F16-FAD4CFAA0B2D}
Warning: Role:project_manager: Unable to find element for guid {EE97A8CD-66CA-4A9B-9871-E3B94CCED528}
Warning: Role:test_manager: Unable to find element for guid {E0633E7D-9A93-40BA-9B8D-E27AD2C5D401}
Warning: SupportingMaterial:what_s_new_in_the_psm_plug-in: Unable to find element for guid {F26D27DD-AB5C-4BB2-833B-F92B3A11A591}
Warning: SupportingMaterial:about_the_psm_plug-in: Unable to find element for guid {F26D27DD-AB5C-4BB2-833B-F92B3A11A591}
Warning: SupportingMaterial:psm_resource_center: Unable to find element for guid 1.4764011899219245E-304
Warning: Task:develop_measurement_plan_psm: Unable to find element for guid {EE97A8CD-66CA-4A9B-9871-E3B94CCED528}
Warning: Task:develop_measurement_plan_psm: Unable to find element for guid {417F089F-6636-451A-A8AB-AB4EAC7AC4F1}
Warning: Task:develop_measurement_plan_psm: Unable to find element for guid {32D7C484-2FAF-4442-8DA0-6D474B91A9DD}
Warning: Task:develop_measurement_plan_psm: Unable to find element for guid {9B13F235-E8E9-4CDC-9ACE-216124C8C5EC}
Warning: Task:develop_measurement_plan_psm: Unable to find element for guid {EE97A8CD-66CA-4A9B-9871-E3B94CCED528}
Warning: Task:develop_measurement_plan_psm: Unable to find element for guid {EE97A8CD-66CA-4A9B-9871-E3B94CCED528}
Warning: Task:develop_measurement_plan_psm: Unable to find element for guid {3EF9DB2E-7747-4D2C-93CC-CF63824A24E3}
Warning: Task:develop_measurement_plan_psm: missing resource file './../../psm_st/resources/top.gif'
Warning: Task:monitor_project_status_psm: Unable to find element for guid {4047B5B0-5FB7-4960-8A7E-451719D85DFF}
Warning: Task:monitor_project_status_psm: Unable to find element for guid {EE97A8CD-66CA-4A9B-9871-E3B94CCED528}
Warning: Task:monitor_project_status_psm: Unable to find element for guid {78157368-E2D1-457E-84AF-D8D2C1C20B97}
Warning: Task:monitor_project_status_psm: Unable to find element for guid {F6D674A6-D71A-4D36-A195-4C888C1D0E70}
Warning: Task:monitor_project_status_psm: Unable to find element for guid {E497E75A-2E69-474E-A814-42BBD8081D1F}
Warning: Task:monitor_project_status_psm: Unable to find element for guid {32D7C484-2FAF-4442-8DA0-6D474B91A9DD}
Warning: Task:report_status_psm: Unable to find element for guid {F6D674A6-D71A-4D36-A195-4C888C1D0E70}
Warning: Task:report_status_psm: Unable to find element for guid {78157368-E2D1-457E-84AF-D8D2C1C20B97}
