Info: : 1123 mini-second(s) publishing element CustomCategory:rcm_compliance_view[govern.compliance\customcategories\rcm_compliance_view_7DEA266F.html]
Info: CustomCategory:rcm_compliance_view: 1123 mini seconds publishing element
Info: SupportingMaterial:rcm_welcome: 454 mini seconds publishing element
Info: CustomCategory:getting_started_compliance: 43 mini seconds publishing element
Info: CustomCategory:compliance_fundamentals: 32 mini seconds publishing element
Info: SupportingMaterial:rcm_compliance_concerns: 101 mini seconds publishing element
Info: SupportingMaterial:rcm_common_compliance_challenges: 56 mini seconds publishing element
Info: Concept:rcm_compliance_management: 86 mini seconds publishing element
Info: Concept:rcm_regulations_and_standards: 42 mini seconds publishing element
Info: Concept:rcm_regulatory_business_overview: 34 mini seconds publishing element
Info: Concept:rcm_external_business_factors: 32 mini seconds publishing element
Info: Concept:rcm_process_control_for_compliance minded_change_management: 57 mini seconds publishing element
Info: Concept:rcm_audit_and_inspection: 52 mini seconds publishing element
Info: Concept:rcm_how_do_auditors_inspect: 32 mini seconds publishing element
Info: CustomCategory:road_maps: 32 mini seconds publishing element
Info: : 6918 mini-second(s) publishing element Roadmap:rcm_process_controls_applied_to_rup[govern.compliance\guidances\roadmaps\rcm_process_controls_applied_to_rup_6D3F7C14.html]
Info: Roadmap:rcm_process_controls_applied_to_rup: 6918 mini seconds publishing element
Info: Roadmap:rcm_application_control_development: 62 mini seconds publishing element
Info: SupportingMaterial:rcm_compliance_references: 32 mini seconds publishing element
Info: CustomCategory:process_controls: 74 mini seconds publishing element
Info: CustomCategory:process_management: 40 mini seconds publishing element
Info: Artifact:rcm_corporate_compliance_policy: 678 mini seconds publishing element
Info: Artifact:rcm_compliance_vision_addendum: 68 mini seconds publishing element
Info: Artifact:rcm_process_validation_plan: 48 mini seconds publishing element
Info: Artifact:rcm_distribution_policy: 56 mini seconds publishing element
Info: Artifact:rcm_change_workflow_specification: 65 mini seconds publishing element
Info: Outcome:rcm_project_archive: 560 mini seconds publishing element
Info: Guideline:rcm_metrics_for_compliance: 53 mini seconds publishing element
Info: Guideline:rcm_release_management_workflow: 48 mini seconds publishing element
Info: CustomCategory:record_control: 25 mini seconds publishing element
Info: Artifact:rcm_record_control_specification: 64 mini seconds publishing element
Info: Outcome:rcm_record: 49 mini seconds publishing element
Info: Guideline:rcm_controlling_records: 40 mini seconds publishing element
Info: CustomCategory:work_product_control: 42 mini seconds publishing element
Info: Outcome:rcm_approval: 48 mini seconds publishing element
Info: Outcome:rcm_work_product_approval: 72 mini seconds publishing element
Info: Outcome:rcm_change_request_approval: 80 mini seconds publishing element
Info: Outcome:rcm_compliance_requirements_approval: 73 mini seconds publishing element
Info: Outcome:rcm_compliance_vision_addendum_approval: 66 mini seconds publishing element
Info: Outcome:rcm_process_validation_approval: 81 mini seconds publishing element
Info: Outcome:rcm_subsystem_baseline_approval: 96 mini seconds publishing element
Info: Outcome:rcm_test_plan_approval: 82 mini seconds publishing element
Info: Outcome:rcm_test_results_approval: 116 mini seconds publishing element
Info: : 5344 mini-second(s) publishing element CapabilityPattern:rcm_develop_controlled_work_product[govern.compliance\capabilitypatterns\rcm_develop_controlled_work_product_4A2DAF36.html]
Info: CapabilityPattern:rcm_develop_controlled_work_product: 5344 mini seconds publishing element
Info: CapabilityPattern:rcm_develop_controlled_work_product: 271 mini seconds publishing process specific layout data
Info: Activity:rcm_create_work_product: 243 mini seconds publishing element
Info: Activity:rcm_review_work_product: 261 mini seconds publishing element
Info: Activity:rcm_finalize_work_product: 197 mini seconds publishing element
Info: Concept:rcm_approval: 61 mini seconds publishing element
Info: Concept:rcm_authentication_access_approvals_compliance: 112 mini seconds publishing element
Info: Concept:rcm_electronic_signatures: 65 mini seconds publishing element
Info: Guideline:rcm_controlling_work_products: 32 mini seconds publishing element
Info: Guideline:rcm_mapping_rasci_model_to_uma_for_work_product_control: 40 mini seconds publishing element
Info: CustomCategory:control_points: 42 mini seconds publishing element
Info: Artifact:rcm_control_point_specification: 98 mini seconds publishing element
Info: Example:rcm_control_point_specification_for_this_plug_in: 432 mini seconds publishing element
Info: Outcome:rcm_control_point: 69 mini seconds publishing element
Info: Outcome:rcm_change_control_point: 72 mini seconds publishing element
Info: Outcome:rcm_baseline_control_point: 65 mini seconds publishing element
Info: Outcome:rcm_release_control_point: 56 mini seconds publishing element
Info: : 1010 mini-second(s) publishing element CapabilityPattern:rcm_create_and_deploy_release_securely[govern.compliance\capabilitypatterns\rcm_create_and_deploy_release_securely_5F49E939.html]
Info: CapabilityPattern:rcm_create_and_deploy_release_securely: 1010 mini seconds publishing element
Info: CapabilityPattern:rcm_create_and_deploy_release_securely: 1121 mini seconds publishing process specific layout data
Info: Activity:plan_project_configuration_change_control: 333 mini seconds publishing element
Info: Activity:Create Software Release: 368 mini seconds publishing element
Info: Activity:rcm_deliver_auditable_change: 468 mini seconds publishing element
Info: Activity:change_and_deliver_configuration_items: 526 mini seconds publishing element
Info: Activity:Assess changes: 301 mini seconds publishing element
Info: Activity:Securely Deploy Release: 635 mini seconds publishing element
Info: Activity:monitor_control_project: 330 mini seconds publishing element
Info: Guideline:rcm_three_points_of_control: 75 mini seconds publishing element
Info: CustomCategory:traceability: 32 mini seconds publishing element
Info: Guideline:rcm_auditable_traceability_through_tools: 82 mini seconds publishing element
Info: CustomCategory:application_control_development: 60 mini seconds publishing element
Info: CustomCategory:rup_requirements_discipline_compliance: 27 mini seconds publishing element
Info: Role:rcm_compliance_analyst: 965 mini seconds publishing element
Info: Artifact:rcm_compliance_requirements: 86 mini seconds publishing element
Info: Task:rcm_approve_compliance_approach: 652 mini seconds publishing element
Info: Task:rcm_formulate_compliance_vision: 126 mini seconds publishing element
Info: CustomCategory:rup_config_and_change_manage_discipline_compliance: 37 mini seconds publishing element
Info: Role:rcm_release_manager: 154 mini seconds publishing element
Info: Artifact:rcm_baseline: 80 mini seconds publishing element
Info: Task:rcm_define_distribution_policy: 67 mini seconds publishing element
Info: Task:write_cm_plan_for_compliance_rcm: 36 mini seconds publishing element
Info: Task:rcm_approve_baseline: 90 mini seconds publishing element
Info: Concept:rcm_release_management: 48 mini seconds publishing element
Info: CustomCategory:rup_implementation_discipline_compliance: 31 mini seconds publishing element
Info: Role:rcm_technical_lead: 121 mini seconds publishing element
Info: Task:rcm_approve_susbsystem_baseline: 82 mini seconds publishing element
Info: Task:rcm_approve_delivered_changes: 98 mini seconds publishing element
Info: CustomCategory:rup_test_discipline_compliance: 41 mini seconds publishing element
Info: Task:rcm_define_process_validation_plan: 67 mini seconds publishing element
Info: Task:rcm_validate_development_process: 80 mini seconds publishing element
Info: Task:rcm_approve_validated_process: 77 mini seconds publishing element
Info: Task:rcm_approve_test_approach: 65 mini seconds publishing element
Info: Task:rcm_sign_off_successful_tests: 88 mini seconds publishing element
Info: CustomCategory:rup_deployment_discipline_comliance: 29 mini seconds publishing element
Info: Task:rcm_approve_product_distribution: 71 mini seconds publishing element
Info: Task:rcm_distribute_software_release: 45 mini seconds publishing element
Info: CustomCategory:guidance_compliance: 52 mini seconds publishing element
Info: CustomCategory:g_roadmaps: 26 mini seconds publishing element
Info: CustomCategory:g_concepts_compliance: 58 mini seconds publishing element
Info: Concept:rcm_audit_trail: 42 mini seconds publishing element
Info: CustomCategory:g_guidelines_compliance: 37 mini seconds publishing element
Info: CustomCategory:g_supporting_materials_compliance: 30 mini seconds publishing element
Info: CustomCategory:g_templates_compliance: 51 mini seconds publishing element
Info: Template:rcm_change_workflow_specification: 51 mini seconds publishing element
Info: Template:rcm_compliance_vision_addendum: 51 mini seconds publishing element
Info: Template:rcm_control_point_specification: 60 mini seconds publishing element
Info: Template:rcm_distribution_policy: 54 mini seconds publishing element
Info: Template:rcm_process_validation_plan: 41 mini seconds publishing element
Info: Template:rcm_record_control_specification: 43 mini seconds publishing element
Info: CustomCategory:g_checklists_compliance: 44 mini seconds publishing element
Info: Checklist:rcm_baseline_control_point: 538 mini seconds publishing element
Info: Checklist:rcm_change_control_point: 174 mini seconds publishing element
Info: Checklist:rcm_change_request_approval: 80 mini seconds publishing element
Info: Checklist:rcm_compliance_vision_addendum: 33 mini seconds publishing element
Info: Checklist:rcm_compliance_vision_addendum_approval: 42 mini seconds publishing element
Info: Checklist:rcm_distribution_policy: 26 mini seconds publishing element
Info: Checklist:rcm_process_validation_approval: 56 mini seconds publishing element
Info: Checklist:rcm_process_validation_plan: 33 mini seconds publishing element
Info: Checklist:rcm_release_control_point: 138 mini seconds publishing element
Info: Checklist:rcm_requirements_approval: 67 mini seconds publishing element
Info: Checklist:rcm_subsystem_baseline_approval: 48 mini seconds publishing element
Info: Checklist:rcm_test_plan_approval: 49 mini seconds publishing element
Info: Checklist:rcm_test_results_sign_off: 41 mini seconds publishing element
Info: CustomCategory:g_examples_compliance: 26 mini seconds publishing element
Info: CustomCategory:g_tool_mentors_compliance: 31 mini seconds publishing element
Info: CustomCategory:rup_clearcase_compliance: 18 mini seconds publishing element
Info: ToolMentor:rcm_cc_for_compliance: 24 mini seconds publishing element
Info: CustomCategory:rup_clearquest_compliance: 23 mini seconds publishing element
Info: ToolMentor:rcm_cq_for_compliance: 37 mini seconds publishing element
Info: CustomCategory:rup_requisite_pro_compliance: 37 mini seconds publishing element
Info: ToolMentor:rcm_reqpro_for_compliance: 34 mini seconds publishing element
Info: CustomCategory:tivoli_solution_compliance: 43 mini seconds publishing element
Info: ToolMentor:rcm_tcm_for_compliance: 31 mini seconds publishing element
Info: ToolMentor:tpm_deploy_release_toolmentor: 51 mini seconds publishing element
Info: ToolMentor:tpm_plan_release_toolmentor: 38 mini seconds publishing element
Info: SupportingMaterial:rcm_whats_new_rup_for_compliance_management: 26 mini seconds publishing element
Info: SupportingMaterial:rcm_about_rup_for_compliance_management: 50 mini seconds publishing element
Info: CustomCategory:rup: 26 mini seconds publishing element
Info: TermDefinition:auditability: 30 mini seconds publishing element
Info: TermDefinition:it_process_controls: 26 mini seconds publishing element
Info: TermDefinition:compliance_enhancement_project: 25 mini seconds publishing element
Info: TermDefinition:application_controls: 21 mini seconds publishing element
Info: Role:rup_change_manager_rcm: 153 mini seconds publishing element
Info: Role:rup_project_manager_rcm: 71 mini seconds publishing element
Info: Role:rup_test_manager_rcm: 138 mini seconds publishing element
Info: TermDefinition:tool_directed_behavior: 31 mini seconds publishing element
Info: TermDefinition:auditor: 25 mini seconds publishing element
Info: Task:rcm_ define_control_points_spec: 46 mini seconds publishing element
Info: Task:establish_project_change_control_process_rcm: 33 mini seconds publishing element
Info: Role:rup_integrator_rcm: 77 mini seconds publishing element
Info: TermDefinition:compliant: 25 mini seconds publishing element
Info: TermDefinition:business_controls: 24 mini seconds publishing element
Info: TermDefinition:controlled_work_product: 38 mini seconds publishing element
Info: TermDefinition:traceability: 19 mini seconds publishing element
Info: TermDefinition:separation_of_duties: 34 mini seconds publishing element
Info: Task:rcm_define_application_retirement: 58 mini seconds publishing element
Info: TermDefinition:audit: 27 mini seconds publishing element
Info: TermDefinition:raci_model: 25 mini seconds publishing element
Info: TermDefinition:rasci_model: 24 mini seconds publishing element
Info: Domain:environment: 35 mini seconds publishing element
Info: WorkProductType:specification: 34 mini seconds publishing element
Info: Domain:requirements: 19 mini seconds publishing element
Info: Artifact:rup_vision_rcm: 31 mini seconds publishing element
Info: Domain:test: 31 mini seconds publishing element
Info: WorkProductType:plan: 23 mini seconds publishing element
Info: Artifact:rup_test_plan_rcm: 37 mini seconds publishing element
Info: Task:develop_development_case: 51 mini seconds publishing element
Info: Domain:deployment: 27 mini seconds publishing element
Info: WorkProductType:process: 30 mini seconds publishing element
Info: Artifact:rup_cm_plan_rcm: 32 mini seconds publishing element
Info: Domain:project_management: 22 mini seconds publishing element
Info: WorkProductType:project_data: 48 mini seconds publishing element
Info: WorkProductType:record_compliance: 56 mini seconds publishing element
Info: Example:rcm_record_control_data: 111 mini seconds publishing element
Info: Task:develop_measurement_plan_rcm: 27 mini seconds publishing element
Info: Artifact:rup_development_process_rcm: 25 mini seconds publishing element
Info: Domain:configuration_&_change_management: 31 mini seconds publishing element
Info: Task:review_change_request_rcm: 35 mini seconds publishing element
Info: Role:rup_management_reviewer_rcm: 106 mini seconds publishing element
Info: Role:rup_process_engineer_rcm: 102 mini seconds publishing element
Info: Domain:implementation: 32 mini seconds publishing element
Info: TeamProfile:rcm_informed: 608 mini seconds publishing element
Info: TeamProfile:rcm_consulted: 58 mini seconds publishing element
Info: TaskDescriptor:rcm_develop_work_products: 559 mini seconds publishing element
Info: TaskDescriptor:organize_review: 62 mini seconds publishing element
Info: TaskDescriptor:conduct_review: 80 mini seconds publishing element
Info: TaskDescriptor:rcm_address_review_comments: 76 mini seconds publishing element
Info: TaskDescriptor:rcm_approve_work_products: 84 mini seconds publishing element
Info: : 1428 mini-second(s) publishing element RoleDescriptor:rup_reviewer[govern.compliance\capabilitypatterns\rup_reviewer_716C4436.html]
Info: RoleDescriptor:rup_reviewer: 1431 mini seconds publishing element
Info: RoleDescriptor:rcm_managerial_authority: 130 mini seconds publishing element
Info: RoleDescriptor:rcm_performer: 137 mini seconds publishing element
Info: RoleDescriptor:rup_review_manager: 124 mini seconds publishing element
Info: RoleDescriptor:rup_reviewer: 144 mini seconds publishing element
Info: RoleDescriptor:rcm_technical_authority: 226 mini seconds publishing element
Info: : 2547 mini-second(s) publishing element WorkProductDescriptor:Controlled Work Product[govern.compliance\capabilitypatterns\Controlled Work Product_1E1AF41A.html]
Info: WorkProductDescriptor:Controlled Work Product: 2550 mini seconds publishing element
Info: WorkProductDescriptor:rup_development_process: 154 mini seconds publishing element
Info: WorkProductDescriptor:rup_iteration_plan: 137 mini seconds publishing element
Info: WorkProductDescriptor:rup_project_specific_guidelines: 139 mini seconds publishing element
Info: WorkProductDescriptor:rup_review_record: 113 mini seconds publishing element
Info: WorkProductDescriptor:rup_review_record: 131 mini seconds publishing element
Info: WorkProductDescriptor:rup_project_plan: 113 mini seconds publishing element
Info: WorkProductDescriptor:rcm_work_product_approval: 112 mini seconds publishing element
Info: Task:rcm_approve_work_products: 158 mini seconds publishing element
Info: Outcome:rcm_review_record: 169 mini seconds publishing element
Info: Task:define_assessment_and_traceability_needs_rcm: 106 mini seconds publishing element
Info: Artifact:rup_development_process_rcm: 106 mini seconds publishing element
Info: TaskDescriptor:establish_project_cm_policies: 153 mini seconds publishing element
Info: TaskDescriptor:write_cm_plan: 149 mini seconds publishing element
Info: TaskDescriptor:establish_project_change_control_process: 175 mini seconds publishing element
Info: TaskDescriptor:rcm_define_distribution_policy: 123 mini seconds publishing element
Info: TaskDescriptor:create_development_workspace: 129 mini seconds publishing element
Info: TaskDescriptor:make_changes_to_configuration_items: 153 mini seconds publishing element
Info: TaskDescriptor:deliver_changes: 185 mini seconds publishing element
Info: TaskDescriptor:update_workspace: 136 mini seconds publishing element
Info: TaskDescriptor:organize_review: 128 mini seconds publishing element
Info: TaskDescriptor:conduct_review: 134 mini seconds publishing element
Info: TaskDescriptor:rcm_approve_delivered_changes: 185 mini seconds publishing element
Info: TaskDescriptor:promote_baseline: 139 mini seconds publishing element
Info: TaskDescriptor:create_baseline: 140 mini seconds publishing element
Info: TaskDescriptor:rcm_approve_baseline: 221 mini seconds publishing element
Info: TaskDescriptor:promote_baseline: 179 mini seconds publishing element
Info: TaskDescriptor:create_deployment_unit: 148 mini seconds publishing element
Info: TaskDescriptor:rcm_approve_product_distribution: 192 mini seconds publishing element
Info: TaskDescriptor:rcm_distribute_software_release: 112 mini seconds publishing element
Info: TaskDescriptor:schedule_and_assign_work: 127 mini seconds publishing element
Info: TaskDescriptor:monitor_project_status: 178 mini seconds publishing element
Info: TaskDescriptor:report_status: 153 mini seconds publishing element
Info: TaskDescriptor:handle_exceptions_and_problems: 178 mini seconds publishing element
Info: TaskDescriptor:pra_project_review: 140 mini seconds publishing element
Info: TaskDescriptor:organize_review: 178 mini seconds publishing element
Info: TaskDescriptor:conduct_review: 151 mini seconds publishing element
Info: RoleDescriptor:rup_any_role: 145 mini seconds publishing element
Info: RoleDescriptor:rup_change_manager: 129 mini seconds publishing element
Info: RoleDescriptor:rup_configuration_manager: 117 mini seconds publishing element
Info: RoleDescriptor:rup_configuration_manager: 114 mini seconds publishing element
Info: RoleDescriptor:rup_deployment_manager: 122 mini seconds publishing element
Info: RoleDescriptor:rup_integrator: 114 mini seconds publishing element
Info: RoleDescriptor:rup_integrator: 114 mini seconds publishing element
Info: RoleDescriptor:rup_integrator: 155 mini seconds publishing element
Info: RoleDescriptor:rup_management_reviewer: 123 mini seconds publishing element
Info: RoleDescriptor:rup_project_manager: 180 mini seconds publishing element
Info: RoleDescriptor:rcm_release_manager: 187 mini seconds publishing element
Info: RoleDescriptor:rup_review_manager: 112 mini seconds publishing element
Info: RoleDescriptor:rup_review_manager: 114 mini seconds publishing element
Info: RoleDescriptor:rup_review_manager: 116 mini seconds publishing element
Info: RoleDescriptor:rup_reviewer: 89 mini seconds publishing element
Info: RoleDescriptor:rup_reviewer: 104 mini seconds publishing element
Info: RoleDescriptor:rup_reviewer: 107 mini seconds publishing element
Info: RoleDescriptor:rcm_technical_lead: 119 mini seconds publishing element
Info: WorkProductDescriptor:rcm_baseline: 107 mini seconds publishing element
Info: WorkProductDescriptor:rcm_baseline_control_point: 162 mini seconds publishing element
Info: WorkProductDescriptor:rup_bill_of_materials: 156 mini seconds publishing element
Info: WorkProductDescriptor:rup_build: 116 mini seconds publishing element
Info: WorkProductDescriptor:rup_build: 107 mini seconds publishing element
Info: WorkProductDescriptor:rup_business_case: 127 mini seconds publishing element
Info: WorkProductDescriptor:rcm_change_control_point: 124 mini seconds publishing element
Info: WorkProductDescriptor:rup_change_request: 112 mini seconds publishing element
Info: WorkProductDescriptor:rup_change_request: 110 mini seconds publishing element
Info: WorkProductDescriptor:rcm_change_workflow_specification: 125 mini seconds publishing element
Info: WorkProductDescriptor:rup_configuration_audit_findings: 113 mini seconds publishing element
Info: WorkProductDescriptor:rup_configuration_audit_findings: 114 mini seconds publishing element
Info: WorkProductDescriptor:rup_cm_plan: 97 mini seconds publishing element
Info: WorkProductDescriptor:rup_cm_plan: 144 mini seconds publishing element
Info: WorkProductDescriptor:rcm_control_point_specification: 135 mini seconds publishing element
Info: WorkProductDescriptor:rup_deployment_model: 112 mini seconds publishing element
Info: WorkProductDescriptor:rup_deployment_plan: 115 mini seconds publishing element
Info: WorkProductDescriptor:rup_deployment_plan: 105 mini seconds publishing element
Info: WorkProductDescriptor:rup_deployment_unit: 137 mini seconds publishing element
Info: WorkProductDescriptor:rup_development_infrastructure: 132 mini seconds publishing element
Info: WorkProductDescriptor:rup_development_process: 107 mini seconds publishing element
Info: WorkProductDescriptor:rup_development_process: 128 mini seconds publishing element
Info: WorkProductDescriptor:rup_development_process: 140 mini seconds publishing element
Info: WorkProductDescriptor:rup_development_process: 116 mini seconds publishing element
Info: WorkProductDescriptor:rcm_distribution_policy: 121 mini seconds publishing element
Info: WorkProductDescriptor:rup_installation_artifacts: 124 mini seconds publishing element
Info: WorkProductDescriptor:rup_integration_build_plan: 96 mini seconds publishing element
Info: WorkProductDescriptor:rup_issues_list: 173 mini seconds publishing element
Info: WorkProductDescriptor:rup_iteration_assessment: 104 mini seconds publishing element
Info: WorkProductDescriptor:rup_iteration_plan: 113 mini seconds publishing element
Info: WorkProductDescriptor:rup_iteration_plan: 79 mini seconds publishing element
Info: WorkProductDescriptor:rup_iteration_plan: 137 mini seconds publishing element
Info: WorkProductDescriptor:rup_measurement_plan: 193 mini seconds publishing element
Info: WorkProductDescriptor:rup_problem_resolution_plan: 119 mini seconds publishing element
Info: WorkProductDescriptor:rup_product: 126 mini seconds publishing element
Info: WorkProductDescriptor:rup_project_measurements: 136 mini seconds publishing element
Info: WorkProductDescriptor:rup_project_repository: 138 mini seconds publishing element
Info: WorkProductDescriptor:rup_project_repository: 141 mini seconds publishing element
Info: WorkProductDescriptor:rup_project_repository: 129 mini seconds publishing element
Info: WorkProductDescriptor:rup_project_repository: 141 mini seconds publishing element
Info: WorkProductDescriptor:rup_project_repository: 124 mini seconds publishing element
Info: WorkProductDescriptor:rup_project_specific_guidelines: 92 mini seconds publishing element
Info: WorkProductDescriptor:rup_project_specific_guidelines: 88 mini seconds publishing element
Info: WorkProductDescriptor:rup_project_specific_guidelines: 117 mini seconds publishing element
Info: WorkProductDescriptor:rup_project_specific_guidelines: 106 mini seconds publishing element
Info: WorkProductDescriptor:rup_project_specific_guidelines: 118 mini seconds publishing element
Info: WorkProductDescriptor:rcm_release_control_point: 121 mini seconds publishing element
Info: WorkProductDescriptor:rup_release_notes: 115 mini seconds publishing element
Info: WorkProductDescriptor:rup_review_record: 120 mini seconds publishing element
Info: WorkProductDescriptor:rup_review_record: 146 mini seconds publishing element
Info: WorkProductDescriptor:rup_review_record: 84 mini seconds publishing element
Info: WorkProductDescriptor:rup_risk_list: 100 mini seconds publishing element
Info: WorkProductDescriptor:rup_risk_management_plan: 150 mini seconds publishing element
Info: WorkProductDescriptor:rup_project_plan: 146 mini seconds publishing element
Info: WorkProductDescriptor:rup_project_plan: 137 mini seconds publishing element
Info: WorkProductDescriptor:rup_project_plan: 80 mini seconds publishing element
Info: WorkProductDescriptor:rup_project_plan: 169 mini seconds publishing element
Info: WorkProductDescriptor:rup_project_plan: 119 mini seconds publishing element
Info: WorkProductDescriptor:rup_status_assessment: 125 mini seconds publishing element
Info: WorkProductDescriptor:rup_supplementary_specification: 82 mini seconds publishing element
Info: WorkProductDescriptor:rup_supplementary_specification: 107 mini seconds publishing element
Info: WorkProductDescriptor:rcm_test_results_approval: 119 mini seconds publishing element
Info: WorkProductDescriptor:rup_training_materials: 89 mini seconds publishing element
Info: WorkProductDescriptor:rup_support_material: 105 mini seconds publishing element
Info: WorkProductDescriptor:rup_work_order: 115 mini seconds publishing element
Info: WorkProductDescriptor:rup_work_order: 139 mini seconds publishing element
Info: WorkProductDescriptor:rup_work_order: 96 mini seconds publishing element
Info: WorkProductDescriptor:rup_workspace: 200 mini seconds publishing element
Info: WorkProductDescriptor:rup_workspace: 146 mini seconds publishing element
Info: WorkProductDescriptor:rup_workspace: 121 mini seconds publishing element
Info: RoleDescriptor:rcm_release_manager: 163 mini seconds publishing element
Info: : 1210 mini-second(s) publishing element CapabilityPattern:rcm_deliver_auditable_change[govern.compliance\capabilitypatterns\rcm_deliver_auditable_change_F302CF.html]
Info: CapabilityPattern:rcm_deliver_auditable_change: 1218 mini seconds publishing element
Info: CapabilityPattern:rcm_deliver_auditable_change: 254 mini seconds publishing process specific layout data
Info: RoleDescriptor:rcm_technical_lead: 50 mini seconds publishing element
Info: WorkProductDescriptor:rcm_baseline: 49 mini seconds publishing element
Info: WorkProductDescriptor:rcm_change_control_point: 41 mini seconds publishing element
Info: RoleDescriptor:rcm_release_manager: 50 mini seconds publishing element
Info: WorkProductDescriptor:rcm_distribution_policy: 40 mini seconds publishing element
Info: RoleDescriptor:rcm_technical_lead: 92 mini seconds publishing element
Info: Role:rup_implementer_rcm: 56 mini seconds publishing element
Info: RoleSet:analysts: 25 mini seconds publishing element
Info: Task:detail_software_requirements_rcm: 19 mini seconds publishing element
Info: Task:initiate_project_rcm: 24 mini seconds publishing element
Info: Artifact:rup_software_requirements_specification_rcm: 24 mini seconds publishing element
Info: Discipline:rup_requirements_discipline: 24 mini seconds publishing element
Info: RoleSet:Managers: 19 mini seconds publishing element
Info: Task:define_bill_of_materials_rcm: 24 mini seconds publishing element
Info: Task:release_to_manufacturing_rcm: 20 mini seconds publishing element
Info: WorkProductType:solution: 16 mini seconds publishing element
Info: Task:promote_baseline_rcm: 24 mini seconds publishing element
Info: Discipline:rup_config_and_change_manage_discipline: 32 mini seconds publishing element
Info: Task:rcm_assess_control_point: 48 mini seconds publishing element
Info: TermDefinition:release: 16 mini seconds publishing element
Info: RoleSet:developers: 16 mini seconds publishing element
Info: Task:deliver_changes_rcm: 24 mini seconds publishing element
Info: Task:schedule_and_assign_work_rcm: 24 mini seconds publishing element
Info: Discipline:rup_implementation_discipline: 24 mini seconds publishing element
Info: Discipline:rup_project_management_discipline: 24 mini seconds publishing element
Info: Discipline:rup_test_discipline: 16 mini seconds publishing element
Info: Role:rup_tester_rcm: 73 mini seconds publishing element
Info: Artifact:rup_test_log_rcm: 48 mini seconds publishing element
Info: Discipline:rup_environment_discipline: 23 mini seconds publishing element
Info: Discipline:rup_deployment_discipline: 18 mini seconds publishing element
Info: Role:rup_deployment_manager_rcm: 73 mini seconds publishing element
Info: Checklist:rcm_control_point: 24 mini seconds publishing element
Info: Checklist:rcm_approval: 26 mini seconds publishing element
Info: TermDefinition:approval: 24 mini seconds publishing element
Info: WorkProductDescriptor:rcm_baseline: 48 mini seconds publishing element
Info: RoleDescriptor:rcm_technical_lead: 50 mini seconds publishing element
Info: WorkProductDescriptor:rcm_change_workflow_specification: 54 mini seconds publishing element
Info: WorkProductDescriptor:rcm_control_point_specification: 48 mini seconds publishing element
Info: Task:prepare_for_project_close_out_rcm: 32 mini seconds publishing element
Info: : Publishing time: 1 minutes 3 seconds
